1712239947625	geckodriver	INFO	Listening on 127.0.0.1:54600
1712239950706	mozrunner::runner	INFO	Running command: "C:\\Program Files\\Mozilla Firefox\\firefox.exe" "--marionette" "--remote-debugging-port" "54601" "--remote-allow-hosts" "localhost" "-no-remote" "-profile" "C:\\Users\\MARYAM~1.KHA\\AppData\\Local\\Temp\\rust_mozprofiledind0p"
console.warn: services.settings: Ignoring preference override of remote settings server
console.warn: services.settings: Allow by setting MOZ_REMOTE_SETTINGS_DEVTOOLS=1 in the environment
[GFX1]: Potential driver version mismatch ignored due to missing DLLs igd10umd64 v= and igd10iumd64 v=
1712239951383	Marionette	INFO	Marionette enabled
Dynamically enable window occlusion 0
1712239951616	Marionette	INFO	Listening on port 54613
Read port: 54613
WebDriver BiDi listening on ws://127.0.0.1:54601
[GFX1]: Potential driver version mismatch ignored due to missing DLLs igd10umd64 v= and igd10iumd64 v=
1712239951730	RemoteAgent	WARN	TLS certificate errors will be ignored for this session
[GFX1-]: Failed to get D3D11VideoDevice: 0x80004002
[GFX1-]: Handling webrender error 5
DevTools listening on ws://127.0.0.1:54601/devtools/browser/09c3ffba-8ec3-46c2-b28d-d233e30ffd8d
console.warn: LoginRecipes: "Falling back to a synchronous message for: https://yopmail.com."
1712239957546	Marionette	WARN	Ignoring event 'DOMContentLoaded' because document has an invalid readyState of 'complete'.
1712239958716	Marionette	INFO	Stopped listening on port 54613
JavaScript warning: https://yopmail.com/ver/9.2/webmail.js, line 1: Script terminated by timeout at:
refr/nIId<@https://yopmail.com/ver/9.2/webmail.js:1:10704

Dynamically enable window occlusion 1
