1712139407194	geckodriver	INFO	Listening on 127.0.0.1:50994
1712139410250	mozrunner::runner	INFO	Running command: "C:\\Program Files\\Mozilla Firefox\\firefox.exe" "--marionette" "--remote-debugging-port" "50995" "--remote-allow-hosts" "localhost" "-no-remote" "-profile" "C:\\Users\\MARYAM~1.KHA\\AppData\\Local\\Temp\\rust_mozprofilepdAmmn"
console.warn: services.settings: Ignoring preference override of remote settings server
console.warn: services.settings: Allow by setting MOZ_REMOTE_SETTINGS_DEVTOOLS=1 in the environment
[GFX1]: Potential driver version mismatch ignored due to missing DLLs igd10umd64 v= and igd10iumd64 v=
1712139410812	Marionette	INFO	Marionette enabled
Dynamically enable window occlusion 0
1712139410934	Marionette	INFO	Listening on port 51006
WebDriver BiDi listening on ws://127.0.0.1:50995
Read port: 51006
[GFX1]: Potential driver version mismatch ignored due to missing DLLs igd10umd64 v= and igd10iumd64 v=
1712139411121	RemoteAgent	WARN	TLS certificate errors will be ignored for this session
[GFX1-]: Failed to get D3D11VideoDevice: 0x80004002
[GFX1-]: Handling webrender error 5
DevTools listening on ws://127.0.0.1:50995/devtools/browser/581a1b51-55aa-4a3f-b816-3e5e9a723461
console.warn: LoginRecipes: "Falling back to a synchronous message for: https://yopmail.com."
1712139417339	Marionette	WARN	Ignoring event 'DOMContentLoaded' because document has an invalid readyState of 'complete'.
1712139441966	addons.xpi	ERROR	System addon update list error SyntaxError: XMLHttpRequest.open: 'http://%(server)s/dummy-system-addons.xml' is not a valid URL.
1712139488239	Marionette	INFO	Stopped listening on port 51006
Dynamically enable window occlusion 1
