1712928835661	geckodriver	INFO	Listening on 127.0.0.1:54757
1712928838707	mozrunner::runner	INFO	Running command: "C:\\Program Files\\Mozilla Firefox\\firefox.exe" "--marionette" "--remote-debugging-port" "54758" "--remote-allow-hosts" "localhost" "-no-remote" "-profile" "C:\\Users\\MARYAM~1.KHA\\AppData\\Local\\Temp\\rust_mozprofiley8dVAy"
console.warn: services.settings: Ignoring preference override of remote settings server
console.warn: services.settings: Allow by setting MOZ_REMOTE_SETTINGS_DEVTOOLS=1 in the environment
[GFX1]: Potential driver version mismatch ignored due to missing DLLs igd10umd64 v= and igd10iumd64 v=
1712928839267	Marionette	INFO	Marionette enabled
Dynamically enable window occlusion 0
1712928839389	Marionette	INFO	Listening on port 54767
WebDriver BiDi listening on ws://127.0.0.1:54758
Read port: 54767
[GFX1]: Potential driver version mismatch ignored due to missing DLLs igd10umd64 v= and igd10iumd64 v=
1712928839595	RemoteAgent	WARN	TLS certificate errors will be ignored for this session
[GFX1-]: Failed to get D3D11VideoDevice: 0x80004002
[GFX1-]: Handling webrender error 5
DevTools listening on ws://127.0.0.1:54758/devtools/browser/bf64c44e-2ea3-45eb-9bf9-2239d4d2c8c5
1712928871411	addons.xpi	ERROR	System addon update list error SyntaxError: XMLHttpRequest.open: 'http://%(server)s/dummy-system-addons.xml' is not a valid URL.
console.error: (new Error("Polling for changes failed: NetworkError: Network request failed.", "resource://services-settings/remote-settings.sys.mjs", 324))
1712929466599	Marionette	INFO	Stopped listening on port 54767
Dynamically enable window occlusion 1
!!! error running onStopped callback: TypeError: callback is not a function
