1712233330514	geckodriver	INFO	Listening on 127.0.0.1:50925
1712233333616	mozrunner::runner	INFO	Running command: "C:\\Program Files\\Mozilla Firefox\\firefox.exe" "--marionette" "--remote-debugging-port" "50926" "--remote-allow-hosts" "localhost" "-no-remote" "-profile" "C:\\Users\\MARYAM~1.KHA\\AppData\\Local\\Temp\\rust_mozprofilelCvuYW"
console.warn: services.settings: Ignoring preference override of remote settings server
console.warn: services.settings: Allow by setting MOZ_REMOTE_SETTINGS_DEVTOOLS=1 in the environment
[GFX1]: Potential driver version mismatch ignored due to missing DLLs igd10umd64 v= and igd10iumd64 v=
1712233334255	Marionette	INFO	Marionette enabled
Dynamically enable window occlusion 0
1712233334399	Marionette	INFO	Listening on port 50939
WebDriver BiDi listening on ws://127.0.0.1:50926
Read port: 50939
[GFX1]: Potential driver version mismatch ignored due to missing DLLs igd10umd64 v= and igd10iumd64 v=
1712233334615	RemoteAgent	WARN	TLS certificate errors will be ignored for this session
[GFX1-]: Failed to get D3D11VideoDevice: 0x80004002
[GFX1-]: Handling webrender error 5
DevTools listening on ws://127.0.0.1:50926/devtools/browser/ce1bfcdc-e79d-47fb-8d07-49421c2be1d5
console.warn: LoginRecipes: "Falling back to a synchronous message for: https://yopmail.com."
1712233340684	Marionette	WARN	Ignoring event 'DOMContentLoaded' because document has an invalid readyState of 'complete'.
1712233342510	Marionette	INFO	Stopped listening on port 50939
JavaScript warning: https://fundingchoicesmessages.google.com/f/AGSKWxWk0HZrWVLiBf35rwuF4QuQZZnNa1wOkKhDf0170am6AqjJ6T7L9aLr1Jou3cDYZEyxaRwmxm0mZu_IX6LwtThRRsJz-Qds2DwxVV61XSarQy_oPX4XAZDXXQL4iIJPm8P05HVc9A==?fccs=W251bGwsbnVsbCxudWxsLG51bGwsbnVsbCxudWxsLFsxNzEyMjMzMzQxLDgyMTAwMDAwMF0sbnVsbCxudWxsLG51bGwsW251bGwsWzddXSwiaHR0cHM6Ly95b3BtYWlsLmNvbS9mci93bSIsbnVsbCxbWzgsIkJTYVNfdFh0eF9rIl0sWzksImZyIl0sWzE4LCJbW1swXV1dIl0sWzIwLCJbbnVsbCxudWxsLFszMTA4MjE0Nl0sbnVsbCwyXSJdLFsxOSwiMiJdXV0, line 7: Script terminated by timeout at:
no@/_/mss/boq-content-ads-contributor/_/js/k=boq-content-ads-contributor.ContributorServingResponseClientJs.fr.BSaS_tXtx_k.es5.O/d=1/exm=kernel_loader,loader_js_executable/ed=1/rs=AJlcJMyQzXJWqppOjH015wORXBvK68i6NQ/m=ad_blocking_detection_executable:7:1459
no/<@/_/mss/boq-content-ads-contributor/_/js/k=boq-content-ads-contributor.ContributorServingResponseClientJs.fr.BSaS_tXtx_k.es5.O/d=1/exm=kernel_loader,loader_js_executable/ed=1/rs=AJlcJMyQzXJWqppOjH015wORXBvK68i6NQ/m=ad_blocking_detection_executable:7:1630

Dynamically enable window occlusion 1
