1712230858061	geckodriver	INFO	Listening on 127.0.0.1:56184
1712230861115	mozrunner::runner	INFO	Running command: "C:\\Program Files\\Mozilla Firefox\\firefox.exe" "--marionette" "--remote-debugging-port" "56185" "--remote-allow-hosts" "localhost" "-no-remote" "-profile" "C:\\Users\\MARYAM~1.KHA\\AppData\\Local\\Temp\\rust_mozprofileI53an2"
console.warn: services.settings: Ignoring preference override of remote settings server
console.warn: services.settings: Allow by setting MOZ_REMOTE_SETTINGS_DEVTOOLS=1 in the environment
[GFX1]: Potential driver version mismatch ignored due to missing DLLs igd10umd64 v= and igd10iumd64 v=
1712230861823	Marionette	INFO	Marionette enabled
Dynamically enable window occlusion 0
1712230861991	Marionette	INFO	Listening on port 56200
WebDriver BiDi listening on ws://127.0.0.1:56185
Read port: 56200
[GFX1]: Potential driver version mismatch ignored due to missing DLLs igd10umd64 v= and igd10iumd64 v=
1712230862245	RemoteAgent	WARN	TLS certificate errors will be ignored for this session
[GFX1-]: Failed to get D3D11VideoDevice: 0x80004002
[GFX1-]: Handling webrender error 5
DevTools listening on ws://127.0.0.1:56185/devtools/browser/a9fb2d4b-f33b-4852-943e-b0b0e352fb5a
console.warn: LoginRecipes: "Falling back to a synchronous message for: https://yopmail.com."
1712230868291	Marionette	WARN	Ignoring event 'DOMContentLoaded' because document has an invalid readyState of 'complete'.
1712230870761	Marionette	INFO	Stopped listening on port 56200
JavaScript warning: https://pagead2.googlesyndication.com/bg/8IdVU_5hiTnoSVFpifzETCOPuU7V9vAnpxqXHqRkotI.js line 2 > eval, line 227: Script terminated by timeout at:
v@https://pagead2.googlesyndication.com/bg/8IdVU_5hiTnoSVFpifzETCOPuU7V9vAnpxqXHqRkotI.js line 2 > eval:227:6830
v/<@https://pagead2.googlesyndication.com/bg/8IdVU_5hiTnoSVFpifzETCOPuU7V9vAnpxqXHqRkotI.js line 2 > eval:227:7150
zV</<@https://pagead2.googlesyndication.com/bg/8IdVU_5hiTnoSVFpifzETCOPuU7V9vAnpxqXHqRkotI.js line 2 > eval:227:35903

JavaScript warning: https://pagead2.googlesyndication.com/bg/8IdVU_5hiTnoSVFpifzETCOPuU7V9vAnpxqXHqRkotI.js line 2 > eval line 7166 > eval line 1 > eval line 1 > eval, line 1: WEBGL_debug_renderer_info is deprecated in Firefox and will be removed. Please use RENDERER.
JavaScript warning: https://pagead2.googlesyndication.com/pagead/managed/js/adsense/m202403270101/show_ads_impl_fy2021.js?bust=31082283, line 547: Script terminated by timeout at:
CO/<@https://pagead2.googlesyndication.com/pagead/managed/js/adsense/m202403270101/show_ads_impl_fy2021.js?bust=31082283:547:94

Dynamically enable window occlusion 1
