1712243751792	geckodriver	INFO	Listening on 127.0.0.1:62874
1712243754880	mozrunner::runner	INFO	Running command: "C:\\Program Files\\Mozilla Firefox\\firefox.exe" "--marionette" "--remote-debugging-port" "62875" "--remote-allow-hosts" "localhost" "-no-remote" "-profile" "C:\\Users\\MARYAM~1.KHA\\AppData\\Local\\Temp\\rust_mozprofilerSpEC8"
console.warn: services.settings: Ignoring preference override of remote settings server
console.warn: services.settings: Allow by setting MOZ_REMOTE_SETTINGS_DEVTOOLS=1 in the environment
[GFX1]: Potential driver version mismatch ignored due to missing DLLs igd10umd64 v= and igd10iumd64 v=
1712243755470	Marionette	INFO	Marionette enabled
Dynamically enable window occlusion 0
1712243755632	Marionette	INFO	Listening on port 62882
WebDriver BiDi listening on ws://127.0.0.1:62875
[GFX1]: Potential driver version mismatch ignored due to missing DLLs igd10umd64 v= and igd10iumd64 v=
Read port: 62882
1712243755887	RemoteAgent	WARN	TLS certificate errors will be ignored for this session
[GFX1-]: Failed to get D3D11VideoDevice: 0x80004002
[GFX1-]: Handling webrender error 5
DevTools listening on ws://127.0.0.1:62875/devtools/browser/511b74ab-0276-4e05-989c-811b973f8b50
console.warn: LoginRecipes: "Falling back to a synchronous message for: https://yopmail.com."
1712243762712	Marionette	WARN	Ignoring event 'DOMContentLoaded' because document has an invalid readyState of 'complete'.
1712243764878	Marionette	INFO	Stopped listening on port 62882
JavaScript warning: https://pagead2.googlesyndication.com/bg/8IdVU_5hiTnoSVFpifzETCOPuU7V9vAnpxqXHqRkotI.js line 2 > eval, line 5471: Script terminated by timeout at:
Nc@https://pagead2.googlesyndication.com/bg/8IdVU_5hiTnoSVFpifzETCOPuU7V9vAnpxqXHqRkotI.js line 2 > eval:5471:13963
J@https://pagead2.googlesyndication.com/bg/8IdVU_5hiTnoSVFpifzETCOPuU7V9vAnpxqXHqRkotI.js line 2 > eval:5471:5017
@https://pagead2.googlesyndication.com/bg/8IdVU_5hiTnoSVFpifzETCOPuU7V9vAnpxqXHqRkotI.js line 2 > eval:5471:18044
z$@https://pagead2.googlesyndication.com/bg/8IdVU_5hiTnoSVFpifzETCOPuU7V9vAnpxqXHqRkotI.js line 2 > eval:5471:26637
@https://pagead2.googlesyndication.com/bg/8IdVU_5hiTnoSVFpifzETCOPuU7V9vAnpxqXHqRkotI.js line 2 > eval:5471:37256
Vv@https://pagead2.googlesyndication.com/bg/8IdVU_5hiTnoSVFpifzETCOPuU7V9vAnpxqXHqRkotI.js line 2 > eval:5471:25734
v@https://pagead2.googlesyndication.com/bg/8IdVU_5hiTnoSVFpifzETCOPuU7V9vAnpxqXHqRkotI.js line 2 > eval:5471:7086
v@https://pagead2.googlesyndication.com/bg/8IdVU_5hiTnoSVFpifzETCOPuU7V9vAnpxqXHqRkotI.js line 2 > eval:5471:7456
Il@https://pagead2.googlesyndication.com/bg/8IdVU_5hiTnoSVFpifzETCOPuU7V9vAnpxqXHqRkotI.js line 2 > eval:5471:16219
t@https://pagead2.googlesyndication.com/bg/8IdVU_5hiTnoSVFpifzETCOPuU7V9vAnpxqXHqRkotI.js line 2 > eval:5471:24273
@https://pagead2.googlesyndication.com/bg/8IdVU_5hiTnoSVFpifzETCOPuU7V9vAnpxqXHqRkotI.js line 2 > eval:5471:39521
eJ@https://pagead2.googlesyndication.com/bg/8IdVU_5hiTnoSVFpifzETCOPuU7V9vAnpxqXHqRkotI.js line 2 > eval:5471:8266
wY@https://pagead2.googlesyndication.com/bg/8IdVU_5hiTnoSVFpifzETCOPuU7V9vAnpxqXHqRkotI.js line 2 > eval:5471:14141
T@https://pagead2.googlesyndication.com/bg/8IdVU_5hiTnoSVFpifzETCOPuU7V9vAnpxqXHqRkotI.js line 2 > eval:5471:1767
Jl@https://pagead2.googlesyndication.com/bg/8IdVU_5hiTnoSVFpifzETCOPuU7V9vAnpxqXHqRkotI.js line 2 > eval:5471:21355
va/<@https://tpc.googlesyndication.com/sodar/sodar2/225/runner.html:27:191
va@https://tpc.googlesyndication.com/sodar/sodar2/225/runner.html:27:129
ta/d/<@https://tpc.googlesyndication.com/sodar/sodar2/225/runner.html:26:436
J@https://tpc.googlesyndication.com/sodar/sodar2/225/runner.html:16:39
ha/this.next@https://tpc.googlesyndication.com/sodar/sodar2/225/runner.html:17:89
k@https://tpc.googlesyndication.com/sodar/sodar2/225/runner.html:24:287

JavaScript warning: https://fundingchoicesmessages.google.com/f/AGSKWxWypJHuUNuknpTDxhAVExOsXT21DI2jNfczTGy4M2i6fDXL7l2s3tsnl8i9kwWSaovaPiGDmmOz8nfPt0PgdLCUmmWY5VXmXF6qTUjivYs0JJ8KD9FlWoTgQ0v5kljRUCULz6jQrw==?fccs=W251bGwsbnVsbCxudWxsLG51bGwsbnVsbCxudWxsLFsxNzEyMjQzNzY0LDIwOTAwMDAwMF0sbnVsbCxudWxsLG51bGwsW251bGwsWzddXSwiaHR0cHM6Ly95b3BtYWlsLmNvbS9mci93bSIsbnVsbCxbWzgsIkJTYVNfdFh0eF9rIl0sWzksImZyIl0sWzE4LCJbW1swXV1dIl0sWzE5LCIyIl1dXQ, line 7: Script terminated by timeout at:
no@/_/mss/boq-content-ads-contributor/_/js/k=boq-content-ads-contributor.ContributorServingResponseClientJs.fr.BSaS_tXtx_k.es5.O/d=1/exm=kernel_loader,loader_js_executable/ed=1/rs=AJlcJMyQzXJWqppOjH015wORXBvK68i6NQ/m=ad_blocking_detection_executable:7:1459
no/<@/_/mss/boq-content-ads-contributor/_/js/k=boq-content-ads-contributor.ContributorServingResponseClientJs.fr.BSaS_tXtx_k.es5.O/d=1/exm=kernel_loader,loader_js_executable/ed=1/rs=AJlcJMyQzXJWqppOjH015wORXBvK68i6NQ/m=ad_blocking_detection_executable:7:1630

JavaScript warning: https://pagead2.googlesyndication.com/bg/8IdVU_5hiTnoSVFpifzETCOPuU7V9vAnpxqXHqRkotI.js line 2 > eval line 2290 > eval line 1 > eval line 1 > eval, line 1: WEBGL_debug_renderer_info is deprecated in Firefox and will be removed. Please use RENDERER.
Dynamically enable window occlusion 1
