1712239780772	geckodriver	INFO	Listening on 127.0.0.1:54176
1712239783951	mozrunner::runner	INFO	Running command: "C:\\Program Files\\Mozilla Firefox\\firefox.exe" "--marionette" "--remote-debugging-port" "54177" "--remote-allow-hosts" "localhost" "-no-remote" "-profile" "C:\\Users\\MARYAM~1.KHA\\AppData\\Local\\Temp\\rust_mozprofilezOFZPx"
console.warn: services.settings: Ignoring preference override of remote settings server
console.warn: services.settings: Allow by setting MOZ_REMOTE_SETTINGS_DEVTOOLS=1 in the environment
[GFX1]: Potential driver version mismatch ignored due to missing DLLs igd10umd64 v= and igd10iumd64 v=
1712239784713	Marionette	INFO	Marionette enabled
Dynamically enable window occlusion 0
1712239784877	Marionette	INFO	Listening on port 54187
Read port: 
1712239784884	geckodriver::browser	WARN	Failed fo convert  to u16
WebDriver BiDi listening on ws://127.0.0.1:54177
[GFX1]: Potential driver version mismatch ignored due to missing DLLs igd10umd64 v= and igd10iumd64 v=
Read port: 54187
1712239785192	RemoteAgent	WARN	TLS certificate errors will be ignored for this session
[GFX1-]: Failed to get D3D11VideoDevice: 0x80004002
[GFX1-]: Handling webrender error 5
DevTools listening on ws://127.0.0.1:54177/devtools/browser/6bcabf4b-b162-4664-8f83-ade7cca84b6f
console.warn: LoginRecipes: "Falling back to a synchronous message for: https://yopmail.com."
1712239790478	Marionette	WARN	Ignoring event 'DOMContentLoaded' because document has an invalid readyState of 'complete'.
1712239791836	Marionette	INFO	Stopped listening on port 54187
JavaScript warning: https://yopmail.com/ver/9.2/webmail.js, line 1: Script terminated by timeout at:
refr/nIId<@https://yopmail.com/ver/9.2/webmail.js:1:10644

Dynamically enable window occlusion 1
