1711725158762	geckodriver	INFO	Listening on 127.0.0.1:54588
1711725161881	mozrunner::runner	INFO	Running command: "C:\\Program Files\\Mozilla Firefox\\firefox.exe" "--marionette" "--remote-debugging-port" "54589" "--remote-allow-hosts" "localhost" "-no-remote" "-profile" "C:\\Users\\MARYAM~1.KHA\\AppData\\Local\\Temp\\rust_mozprofileDZ9FLl"
console.warn: services.settings: Ignoring preference override of remote settings server
console.warn: services.settings: Allow by setting MOZ_REMOTE_SETTINGS_DEVTOOLS=1 in the environment
[GFX1]: Potential driver version mismatch ignored due to missing DLLs igd10umd64 v= and igd10iumd64 v=
1711725162806	Marionette	INFO	Marionette enabled
Dynamically enable window occlusion 0
1711725163001	Marionette	INFO	Listening on port 54596
Read port: 54596
WebDriver BiDi listening on ws://127.0.0.1:54589
[GFX1]: Potential driver version mismatch ignored due to missing DLLs igd10umd64 v= and igd10iumd64 v=
1711725163115	RemoteAgent	WARN	TLS certificate errors will be ignored for this session
[GFX1-]: Failed to get D3D11VideoDevice: 0x80004002
[GFX1-]: Handling webrender error 5
DevTools listening on ws://127.0.0.1:54589/devtools/browser/4d2f0f17-abc5-4f05-b0ad-3decebe020ee
1711725194504	addons.xpi	ERROR	System addon update list error SyntaxError: XMLHttpRequest.open: 'http://%(server)s/dummy-system-addons.xml' is not a valid URL.
1711725202694	Marionette	INFO	Stopped listening on port 54596
Dynamically enable window occlusion 1
console.error: services.settings: 
  Message: StorageError: Storage error: Error: IndexedDB: main/translations-models pruneAttachments() IndexedDB:  execute() The application is shutting down
  Stack:
    StorageError@resource://services-settings/RemoteSettingsClient.sys.mjs:153:5
_adjustedError@resource://services-settings/RemoteSettingsClient.sys.mjs:928:14
maybeSync@resource://services-settings/RemoteSettingsClient.sys.mjs:816:38
observe@resource://gre/modules/AsyncShutdown.sys.mjs:570:17

console.error: (new Error("IndexedDB: main/content-relevance getLastModified() IndexedDB:  execute() The application is shutting down", "resource://services-settings/IDBHelpers.sys.mjs", 16))
