1713258078517	geckodriver	INFO	Listening on 127.0.0.1:61794
1713258081594	mozrunner::runner	INFO	Running command: "C:\\Program Files\\Mozilla Firefox\\firefox.exe" "--marionette" "--remote-debugging-port" "61795" "--remote-allow-hosts" "localhost" "-no-remote" "-profile" "C:\\Users\\MARYAM~1.KHA\\AppData\\Local\\Temp\\rust_mozprofilet9TmzL"
console.warn: services.settings: Ignoring preference override of remote settings server
console.warn: services.settings: Allow by setting MOZ_REMOTE_SETTINGS_DEVTOOLS=1 in the environment
[GFX1]: Potential driver version mismatch ignored due to missing DLLs igd10umd64 v= and igd10iumd64 v=
1713258082378	Marionette	INFO	Marionette enabled
Dynamically enable window occlusion 0
1713258082532	Marionette	INFO	Listening on port 61807
WebDriver BiDi listening on ws://127.0.0.1:61795
[GFX1]: Potential driver version mismatch ignored due to missing DLLs igd10umd64 v= and igd10iumd64 v=
Read port: 61807
1713258082783	RemoteAgent	WARN	TLS certificate errors will be ignored for this session
[GFX1-]: Failed to get D3D11VideoDevice: 0x80004002
[GFX1-]: Handling webrender error 5
DevTools listening on ws://127.0.0.1:61795/devtools/browser/fcb5417e-c0ae-4abe-9a6f-d7a370b7f70c
1713258112631	addons.xpi	ERROR	System addon update list error SyntaxError: XMLHttpRequest.open: 'http://%(server)s/dummy-system-addons.xml' is not a valid URL.
JavaScript warning: https://diac--preprod.sandbox.my.site.com/beb2b/s/sfsites/auraFW/javascript/ZDROWDdLOGtXcTZqSWZiU19ZaDJFdzk4bkk0bVJhZGJCWE9mUC1IZXZRbmcyNDguMTAuNS01LjAuMTA/aura_prod.js, line 660: Script terminated by timeout at:
NG.prototype.$@https://diac--preprod.sandbox.my.site.com/beb2b/s/sfsites/auraFW/javascript/ZDROWDdLOGtXcTZqSWZiU19ZaDJFdzk4bkk0bVJhZGJCWE9mUC1IZXZRbmcyNDguMTAuNS01LjAuMTA/aura_prod.js:660:345
D.$@https://diac--preprod.sandbox.my.site.com/beb2b/s/sfsites/auraFW/javascript/ZDROWDdLOGtXcTZqSWZiU19ZaDJFdzk4bkk0bVJhZGJCWE9mUC1IZXZRbmcyNDguMTAuNS01LjAuMTA/aura_prod.js:643:85
KH@https://diac--preprod.sandbox.my.site.com/beb2b/s/sfsites/auraFW/javascript/ZDROWDdLOGtXcTZqSWZiU19ZaDJFdzk4bkk0bVJhZGJCWE9mUC1IZXZRbmcyNDguMTAuNS01LjAuMTA/aura_prod.js:733:38
JH@https://diac--preprod.sandbox.my.site.com/beb2b/s/sfsites/auraFW/javascript/ZDROWDdLOGtXcTZqSWZiU19ZaDJFdzk4bkk0bVJhZGJCWE9mUC1IZXZRbmcyNDguMTAuNS01LjAuMTA/aura_prod.js:732:367
D.Vd@https://diac--preprod.sandbox.my.site.com/beb2b/s/sfsites/auraFW/javascript/ZDROWDdLOGtXcTZqSWZiU19ZaDJFdzk4bkk0bVJhZGJCWE9mUC1IZXZRbmcyNDguMTAuNS01LjAuMTA/aura_prod.js:732:203
IH@https://diac--preprod.sandbox.my.site.com/beb2b/s/sfsites/auraFW/javascript/ZDROWDdLOGtXcTZqSWZiU19ZaDJFdzk4bkk0bVJhZGJCWE9mUC1IZXZRbmcyNDguMTAuNS01LjAuMTA/aura_prod.js:732:136
b@https://diac--preprod.sandbox.my.site.com/beb2b/s/sfsites/auraFW/javascript/ZDROWDdLOGtXcTZqSWZiU19ZaDJFdzk4bkk0bVJhZGJCWE9mUC1IZXZRbmcyNDguMTAuNS01LjAuMTA/aura_prod.js:981:404
t@https://diac--preprod.sandbox.my.site.com/beb2b/s/sfsites/auraFW/javascript/ZDROWDdLOGtXcTZqSWZiU19ZaDJFdzk4bkk0bVJhZGJCWE9mUC1IZXZRbmcyNDguMTAuNS01LjAuMTA/aura_prod.js:29:5722

1713258115677	Marionette	INFO	Stopped listening on port 61807
Dynamically enable window occlusion 1
console.error: services.settings: 
  Message: NetworkError: Network error: TypeError: NetworkError: Network request failed
  Stack:
    APIError@resource://services-settings/RemoteSettingsClient.sys.mjs:107:1
NetworkError@resource://services-settings/RemoteSettingsClient.sys.mjs:111:5
_adjustedError@resource://services-settings/RemoteSettingsClient.sys.mjs:911:14
maybeSync@resource://services-settings/RemoteSettingsClient.sys.mjs:816:38

console.warn: services.settings: main/translations-models sync interrupted by shutdown
console.warn: services.settings: main/devtools-compatibility-browsers sync interrupted by shutdown
console.warn: services.settings: main/sites-classification sync interrupted by shutdown
console.warn: services.settings: main/anti-tracking-url-decoration sync interrupted by shutdown
console.error: (new AbortError("IndexedDB: main/pioneer-study-addons getLastModified() IndexedDB:  execute() A request was aborted, for example through a call to IDBTransaction.abort.", "resource://services-settings/IDBHelpers.sys.mjs", 16))
