1712226424257	geckodriver	INFO	Listening on 127.0.0.1:60618
1712226427329	mozrunner::runner	INFO	Running command: "C:\\Program Files\\Mozilla Firefox\\firefox.exe" "--marionette" "--remote-debugging-port" "60619" "--remote-allow-hosts" "localhost" "-no-remote" "-profile" "C:\\Users\\MARYAM~1.KHA\\AppData\\Local\\Temp\\rust_mozprofilexuS9iv"
console.warn: services.settings: Ignoring preference override of remote settings server
console.warn: services.settings: Allow by setting MOZ_REMOTE_SETTINGS_DEVTOOLS=1 in the environment
[GFX1]: Potential driver version mismatch ignored due to missing DLLs igd10umd64 v= and igd10iumd64 v=
1712226428153	Marionette	INFO	Marionette enabled
Dynamically enable window occlusion 0
1712226428316	Marionette	INFO	Listening on port 60630
WebDriver BiDi listening on ws://127.0.0.1:60619
Read port: 60630
[GFX1]: Potential driver version mismatch ignored due to missing DLLs igd10umd64 v= and igd10iumd64 v=
1712226428549	RemoteAgent	WARN	TLS certificate errors will be ignored for this session
[GFX1-]: Failed to get D3D11VideoDevice: 0x80004002
[GFX1-]: Handling webrender error 5
DevTools listening on ws://127.0.0.1:60619/devtools/browser/b850cc57-9c38-4b7d-bba7-62051a27810d
console.warn: LoginRecipes: "Falling back to a synchronous message for: https://yopmail.com."
1712226436292	Marionette	WARN	Ignoring event 'DOMContentLoaded' because document has an invalid readyState of 'complete'.
1712226458636	addons.xpi	ERROR	System addon update list error SyntaxError: XMLHttpRequest.open: 'http://%(server)s/dummy-system-addons.xml' is not a valid URL.
1712226601587	Marionette	INFO	Stopped listening on port 60630
Dynamically enable window occlusion 1
!!! error running onStopped callback: TypeError: callback is not a function
