1712140255197	geckodriver	INFO	Listening on 127.0.0.1:65245
1712140258297	mozrunner::runner	INFO	Running command: "C:\\Program Files\\Mozilla Firefox\\firefox.exe" "--marionette" "--remote-debugging-port" "65246" "--remote-allow-hosts" "localhost" "-no-remote" "-profile" "C:\\Users\\MARYAM~1.KHA\\AppData\\Local\\Temp\\rust_mozprofilexTMuHN"
console.warn: services.settings: Ignoring preference override of remote settings server
console.warn: services.settings: Allow by setting MOZ_REMOTE_SETTINGS_DEVTOOLS=1 in the environment
[GFX1]: Potential driver version mismatch ignored due to missing DLLs igd10umd64 v= and igd10iumd64 v=
1712140258953	Marionette	INFO	Marionette enabled
Dynamically enable window occlusion 0
1712140259101	Marionette	INFO	Listening on port 65262
Read port: 65262
WebDriver BiDi listening on ws://127.0.0.1:65246
[GFX1]: Potential driver version mismatch ignored due to missing DLLs igd10umd64 v= and igd10iumd64 v=
1712140259195	RemoteAgent	WARN	TLS certificate errors will be ignored for this session
[GFX1-]: Failed to get D3D11VideoDevice: 0x80004002
[GFX1-]: Handling webrender error 5
DevTools listening on ws://127.0.0.1:65246/devtools/browser/40dd6534-2892-45a2-893d-7cdeed1aa1fa
console.warn: LoginRecipes: "Falling back to a synchronous message for: https://yopmail.com."
1712140265479	Marionette	WARN	Ignoring event 'DOMContentLoaded' because document has an invalid readyState of 'complete'.
1712140289014	addons.xpi	ERROR	System addon update list error SyntaxError: XMLHttpRequest.open: 'http://%(server)s/dummy-system-addons.xml' is not a valid URL.
1712140293577	Marionette	INFO	Stopped listening on port 65262
Dynamically enable window occlusion 1
!!! error running onStopped callback: TypeError: callback is not a function
