1712868030298	geckodriver	INFO	Listening on 127.0.0.1:62264
1712868033329	mozrunner::runner	INFO	Running command: "C:\\Program Files\\Mozilla Firefox\\firefox.exe" "--marionette" "--remote-debugging-port" "62265" "--remote-allow-hosts" "localhost" "-no-remote" "-profile" "C:\\Users\\MARYAM~1.KHA\\AppData\\Local\\Temp\\rust_mozprofile8Q3x2E"
console.warn: services.settings: Ignoring preference override of remote settings server
console.warn: services.settings: Allow by setting MOZ_REMOTE_SETTINGS_DEVTOOLS=1 in the environment
[GFX1]: Potential driver version mismatch ignored due to missing DLLs igd10umd64 v= and igd10iumd64 v=
1712868033990	Marionette	INFO	Marionette enabled
Dynamically enable window occlusion 0
1712868034178	Marionette	INFO	Listening on port 62272
WebDriver BiDi listening on ws://127.0.0.1:62265
[GFX1]: Potential driver version mismatch ignored due to missing DLLs igd10umd64 v= and igd10iumd64 v=
Read port: 62272
1712868034466	RemoteAgent	WARN	TLS certificate errors will be ignored for this session
[GFX1-]: Failed to get D3D11VideoDevice: 0x80004002
[GFX1-]: Handling webrender error 5
DevTools listening on ws://127.0.0.1:62265/devtools/browser/77e700a4-accc-4c2b-bb6f-22191cccf4aa
1712868064089	addons.xpi	ERROR	System addon update list error SyntaxError: XMLHttpRequest.open: 'http://%(server)s/dummy-system-addons.xml' is not a valid URL.
JavaScript error: resource://gre/modules/AsyncShutdown.sys.mjs, line 570: NotFoundError: No such JSWindowActor 'DevToolsFrame'
JavaScript error: resource://gre/modules/AsyncShutdown.sys.mjs, line 570: NotFoundError: No such JSWindowActor 'DevToolsFrame'
JavaScript error: resource://gre/modules/AsyncShutdown.sys.mjs, line 570: NotFoundError: No such JSWindowActor 'DevToolsFrame'
JavaScript error: resource://gre/modules/AsyncShutdown.sys.mjs, line 570: NotFoundError: No such JSWindowActor 'DevToolsFrame'
JavaScript error: resource://gre/modules/AsyncShutdown.sys.mjs, line 570: NotFoundError: No such JSWindowActor 'DevToolsFrame'
JavaScript error: resource://gre/modules/AsyncShutdown.sys.mjs, line 570: NotFoundError: No such JSWindowActor 'DevToolsFrame'
JavaScript error: resource://gre/modules/AsyncShutdown.sys.mjs, line 570: NotFoundError: No such JSWindowActor 'DevToolsFrame'
JavaScript error: resource://gre/modules/AsyncShutdown.sys.mjs, line 570: NotFoundError: No such JSWindowActor 'DevToolsFrame'
1712868362709	Marionette	INFO	Stopped listening on port 62272
Dynamically enable window occlusion 1
