1712657816695	geckodriver	INFO	Listening on 127.0.0.1:59502
1712657819815	mozrunner::runner	INFO	Running command: "C:\\Program Files\\Mozilla Firefox\\firefox.exe" "--marionette" "--remote-debugging-port" "59503" "--remote-allow-hosts" "localhost" "-no-remote" "-profile" "C:\\Users\\MARYAM~1.KHA\\AppData\\Local\\Temp\\rust_mozprofileipC2mS"
console.warn: services.settings: Ignoring preference override of remote settings server
console.warn: services.settings: Allow by setting MOZ_REMOTE_SETTINGS_DEVTOOLS=1 in the environment
[GFX1]: Potential driver version mismatch ignored due to missing DLLs igd10umd64 v= and igd10iumd64 v=
1712657820397	Marionette	INFO	Marionette enabled
Dynamically enable window occlusion 0
1712657820525	Marionette	INFO	Listening on port 59510
Read port: 59510
WebDriver BiDi listening on ws://127.0.0.1:59503
[GFX1]: Potential driver version mismatch ignored due to missing DLLs igd10umd64 v= and igd10iumd64 v=
1712657820607	RemoteAgent	WARN	TLS certificate errors will be ignored for this session
[GFX1-]: Failed to get D3D11VideoDevice: 0x80004002
[GFX1-]: Handling webrender error 5
DevTools listening on ws://127.0.0.1:59503/devtools/browser/7b951b57-46b9-4a76-ab44-1c824267062e
console.warn: LoginRecipes: "Falling back to a synchronous message for: https://yopmail.com."
1712657829394	Marionette	WARN	Ignoring event 'DOMContentLoaded' because document has an invalid readyState of 'complete'.
1712657831540	Marionette	INFO	Stopped listening on port 59510
Dynamically enable window occlusion 1
JavaScript error: , line 0: TypeError: NetworkError when attempting to fetch resource.
