1712868503358	geckodriver	INFO	Listening on 127.0.0.1:63173
1712868506473	mozrunner::runner	INFO	Running command: "C:\\Program Files\\Mozilla Firefox\\firefox.exe" "--marionette" "--remote-debugging-port" "63174" "--remote-allow-hosts" "localhost" "-no-remote" "-profile" "C:\\Users\\MARYAM~1.KHA\\AppData\\Local\\Temp\\rust_mozprofilec8GsFV"
console.warn: services.settings: Ignoring preference override of remote settings server
console.warn: services.settings: Allow by setting MOZ_REMOTE_SETTINGS_DEVTOOLS=1 in the environment
[GFX1]: Potential driver version mismatch ignored due to missing DLLs igd10umd64 v= and igd10iumd64 v=
1712868507064	Marionette	INFO	Marionette enabled
Dynamically enable window occlusion 0
1712868507224	Marionette	INFO	Listening on port 63184
WebDriver BiDi listening on ws://127.0.0.1:63174
Read port: 63184
[GFX1]: Potential driver version mismatch ignored due to missing DLLs igd10umd64 v= and igd10iumd64 v=
1712868507524	RemoteAgent	WARN	TLS certificate errors will be ignored for this session
[GFX1-]: Failed to get D3D11VideoDevice: 0x80004002
[GFX1-]: Handling webrender error 5
DevTools listening on ws://127.0.0.1:63174/devtools/browser/24a1885a-7d72-4ba4-901e-7ebcafb34fa4
JavaScript warning: https://pagead2.googlesyndication.com/bg/L0LConaBzCc577BZGNgzP3bg87fF5vhB9-a07M4Tw6o.js line 2 > eval line 4592 > eval line 1 > eval line 1 > eval, line 1: WEBGL_debug_renderer_info is deprecated in Firefox and will be removed. Please use RENDERER.
1712868537603	addons.xpi	ERROR	System addon update list error SyntaxError: XMLHttpRequest.open: 'http://%(server)s/dummy-system-addons.xml' is not a valid URL.
JavaScript warning: https://pagead2.googlesyndication.com/pagead/managed/js/adsense/m202404040101/slotcar_library_fy2021.js?bust=31082588, line 127: Script terminated by timeout at:
ri/<@https://pagead2.googlesyndication.com/pagead/managed/js/adsense/m202404040101/slotcar_library_fy2021.js?bust=31082588:127:389
Ad/</<@https://pagead2.googlesyndication.com/pagead/managed/js/adsense/m202404040101/slotcar_library_fy2021.js?bust=31082588:33:292
zd@https://pagead2.googlesyndication.com/pagead/managed/js/adsense/m202404040101/slotcar_library_fy2021.js?bust=31082588:33:92
Ad/<@https://pagead2.googlesyndication.com/pagead/managed/js/adsense/m202404040101/slotcar_library_fy2021.js?bust=31082588:33:281

1712868549234	Marionette	INFO	Stopped listening on port 63184
Dynamically enable window occlusion 1
