1712139886562	geckodriver	INFO	Listening on 127.0.0.1:52175
1712139889662	mozrunner::runner	INFO	Running command: "C:\\Program Files\\Mozilla Firefox\\firefox.exe" "--marionette" "--remote-debugging-port" "52176" "--remote-allow-hosts" "localhost" "-no-remote" "-profile" "C:\\Users\\MARYAM~1.KHA\\AppData\\Local\\Temp\\rust_mozprofile0unM4q"
console.warn: services.settings: Ignoring preference override of remote settings server
console.warn: services.settings: Allow by setting MOZ_REMOTE_SETTINGS_DEVTOOLS=1 in the environment
[GFX1]: Potential driver version mismatch ignored due to missing DLLs igd10umd64 v= and igd10iumd64 v=
1712139890239	Marionette	INFO	Marionette enabled
Dynamically enable window occlusion 0
1712139890368	Marionette	INFO	Listening on port 52189
Read port: 52189
WebDriver BiDi listening on ws://127.0.0.1:52176
[GFX1]: Potential driver version mismatch ignored due to missing DLLs igd10umd64 v= and igd10iumd64 v=
1712139890452	RemoteAgent	WARN	TLS certificate errors will be ignored for this session
[GFX1-]: Failed to get D3D11VideoDevice: 0x80004002
[GFX1-]: Handling webrender error 5
DevTools listening on ws://127.0.0.1:52176/devtools/browser/7459bdbf-2256-4650-a1c6-e8417e2184cd
console.warn: LoginRecipes: "Falling back to a synchronous message for: https://yopmail.com."
1712139895656	Marionette	WARN	Ignoring event 'DOMContentLoaded' because document has an invalid readyState of 'complete'.
1712139921018	addons.xpi	ERROR	System addon update list error SyntaxError: XMLHttpRequest.open: 'http://%(server)s/dummy-system-addons.xml' is not a valid URL.
1712139939776	Marionette	INFO	Stopped listening on port 52189
Dynamically enable window occlusion 1
!!! error running onStopped callback: TypeError: callback is not a function
