1711978685823	geckodriver	INFO	Listening on 127.0.0.1:49161
1711978688911	mozrunner::runner	INFO	Running command: "C:\\Program Files\\Mozilla Firefox\\firefox.exe" "--marionette" "--remote-debugging-port" "49162" "--remote-allow-hosts" "localhost" "-no-remote" "-profile" "C:\\Users\\MARYAM~1.KHA\\AppData\\Local\\Temp\\rust_mozprofileWNIAW0"
console.warn: services.settings: Ignoring preference override of remote settings server
console.warn: services.settings: Allow by setting MOZ_REMOTE_SETTINGS_DEVTOOLS=1 in the environment
[GFX1]: Potential driver version mismatch ignored due to missing DLLs igd10umd64 v= and igd10iumd64 v=
1711978689523	Marionette	INFO	Marionette enabled
Dynamically enable window occlusion 0
1711978689666	Marionette	INFO	Listening on port 49172
WebDriver BiDi listening on ws://127.0.0.1:49162
Read port: 49172
[GFX1]: Potential driver version mismatch ignored due to missing DLLs igd10umd64 v= and igd10iumd64 v=
1711978689991	RemoteAgent	WARN	TLS certificate errors will be ignored for this session
[GFX1-]: Failed to get D3D11VideoDevice: 0x80004002
[GFX1-]: Handling webrender error 5
DevTools listening on ws://127.0.0.1:49162/devtools/browser/ba87f8f3-50a7-4514-a123-f5ed404dbd09
console.warn: LoginRecipes: "Falling back to a synchronous message for: https://yopmail.com."
1711978695095	Marionette	WARN	Ignoring event 'DOMContentLoaded' because document has an invalid readyState of 'complete'.
1711978719654	addons.xpi	ERROR	System addon update list error SyntaxError: XMLHttpRequest.open: 'http://%(server)s/dummy-system-addons.xml' is not a valid URL.
1711978814134	Marionette	INFO	Stopped listening on port 49172
Dynamically enable window occlusion 1
!!! error running onStopped callback: TypeError: callback is not a function
