1711969439359	geckodriver	INFO	Listening on 127.0.0.1:57942
1711969442435	mozrunner::runner	INFO	Running command: "C:\\Program Files\\Mozilla Firefox\\firefox.exe" "--marionette" "--remote-debugging-port" "57943" "--remote-allow-hosts" "localhost" "-no-remote" "-profile" "C:\\Users\\MARYAM~1.KHA\\AppData\\Local\\Temp\\rust_mozprofileokLcy5"
console.warn: services.settings: Ignoring preference override of remote settings server
console.warn: services.settings: Allow by setting MOZ_REMOTE_SETTINGS_DEVTOOLS=1 in the environment
[GFX1]: Potential driver version mismatch ignored due to missing DLLs igd10umd64 v= and igd10iumd64 v=
1711969443134	Marionette	INFO	Marionette enabled
Dynamically enable window occlusion 0
1711969443270	Marionette	INFO	Listening on port 57953
WebDriver BiDi listening on ws://127.0.0.1:57943
[GFX1]: Potential driver version mismatch ignored due to missing DLLs igd10umd64 v= and igd10iumd64 v=
Read port: 57953
1711969443501	RemoteAgent	WARN	TLS certificate errors will be ignored for this session
[GFX1-]: Failed to get D3D11VideoDevice: 0x80004002
[GFX1-]: Handling webrender error 5
DevTools listening on ws://127.0.0.1:57943/devtools/browser/085185aa-d01e-43e0-9a6f-ab844b5ae538
console.warn: LoginRecipes: "Falling back to a synchronous message for: https://yopmail.com."
1711969448825	Marionette	WARN	Ignoring event 'DOMContentLoaded' because document has an invalid readyState of 'complete'.
1711969474079	addons.xpi	ERROR	System addon update list error SyntaxError: XMLHttpRequest.open: 'http://%(server)s/dummy-system-addons.xml' is not a valid URL.
1711971747081	Marionette	INFO	Stopped listening on port 57953
Dynamically enable window occlusion 1
!!! error running onStopped callback: TypeError: callback is not a function
