1711977246704	geckodriver	INFO	Listening on 127.0.0.1:55202
1711977249809	mozrunner::runner	INFO	Running command: "C:\\Program Files\\Mozilla Firefox\\firefox.exe" "--marionette" "--remote-debugging-port" "55203" "--remote-allow-hosts" "localhost" "-no-remote" "-profile" "C:\\Users\\MARYAM~1.KHA\\AppData\\Local\\Temp\\rust_mozprofileidfLva"
console.warn: services.settings: Ignoring preference override of remote settings server
console.warn: services.settings: Allow by setting MOZ_REMOTE_SETTINGS_DEVTOOLS=1 in the environment
[GFX1]: Potential driver version mismatch ignored due to missing DLLs igd10umd64 v= and igd10iumd64 v=
1711977250526	Marionette	INFO	Marionette enabled
Dynamically enable window occlusion 0
1711977250679	Marionette	INFO	Listening on port 55217
WebDriver BiDi listening on ws://127.0.0.1:55203
Read port: 55217
[GFX1]: Potential driver version mismatch ignored due to missing DLLs igd10umd64 v= and igd10iumd64 v=
1711977250934	RemoteAgent	WARN	TLS certificate errors will be ignored for this session
[GFX1-]: Failed to get D3D11VideoDevice: 0x80004002
[GFX1-]: Handling webrender error 5
DevTools listening on ws://127.0.0.1:55203/devtools/browser/3f90c7dd-c6b2-47cd-86b6-29174e909448
console.warn: LoginRecipes: "Falling back to a synchronous message for: https://yopmail.com."
1711977256221	Marionette	WARN	Ignoring event 'DOMContentLoaded' because document has an invalid readyState of 'complete'.
1711977280738	addons.xpi	ERROR	System addon update list error SyntaxError: XMLHttpRequest.open: 'http://%(server)s/dummy-system-addons.xml' is not a valid URL.
1711977327766	Marionette	INFO	Stopped listening on port 55217
Dynamically enable window occlusion 1
!!! error running onStopped callback: TypeError: callback is not a function
