1712569007714	geckodriver	INFO	Listening on 127.0.0.1:60447
1712569010779	mozrunner::runner	INFO	Running command: "C:\\Program Files\\Mozilla Firefox\\firefox.exe" "--marionette" "--remote-debugging-port" "60448" "--remote-allow-hosts" "localhost" "-no-remote" "-profile" "C:\\Users\\MARYAM~1.KHA\\AppData\\Local\\Temp\\rust_mozprofile17NsbU"
console.warn: services.settings: Ignoring preference override of remote settings server
console.warn: services.settings: Allow by setting MOZ_REMOTE_SETTINGS_DEVTOOLS=1 in the environment
[GFX1]: Potential driver version mismatch ignored due to missing DLLs igd10umd64 v= and igd10iumd64 v=
1712569011293	Marionette	INFO	Marionette enabled
Dynamically enable window occlusion 0
1712569011416	Marionette	INFO	Listening on port 60495
WebDriver BiDi listening on ws://127.0.0.1:60448
[GFX1]: Potential driver version mismatch ignored due to missing DLLs igd10umd64 v= and igd10iumd64 v=
Read port: 60495
1712569011639	RemoteAgent	WARN	TLS certificate errors will be ignored for this session
[GFX1-]: Failed to get D3D11VideoDevice: 0x80004002
[GFX1-]: Handling webrender error 5
DevTools listening on ws://127.0.0.1:60448/devtools/browser/77b0c575-d121-4f2a-9536-da848c4dc502
1712569041337	addons.xpi	ERROR	System addon update list error SyntaxError: XMLHttpRequest.open: 'http://%(server)s/dummy-system-addons.xml' is not a valid URL.
JavaScript error: chrome://browser/content/preferences/moreFromMozilla.js, line 83: TypeError: Region.home is null
1712569185367	Marionette	INFO	Stopped listening on port 60495
Dynamically enable window occlusion 1
!!! error running onStopped callback: TypeError: callback is not a function
