1711978495616	geckodriver	INFO	Listening on 127.0.0.1:65014
1711978498707	mozrunner::runner	INFO	Running command: "C:\\Program Files\\Mozilla Firefox\\firefox.exe" "--marionette" "--remote-debugging-port" "65015" "--remote-allow-hosts" "localhost" "-no-remote" "-profile" "C:\\Users\\MARYAM~1.KHA\\AppData\\Local\\Temp\\rust_mozprofiletdSaKP"
console.warn: services.settings: Ignoring preference override of remote settings server
console.warn: services.settings: Allow by setting MOZ_REMOTE_SETTINGS_DEVTOOLS=1 in the environment
[GFX1]: Potential driver version mismatch ignored due to missing DLLs igd10umd64 v= and igd10iumd64 v=
1711978499283	Marionette	INFO	Marionette enabled
Dynamically enable window occlusion 0
1711978499426	Marionette	INFO	Listening on port 65026
WebDriver BiDi listening on ws://127.0.0.1:65015
[GFX1]: Potential driver version mismatch ignored due to missing DLLs igd10umd64 v= and igd10iumd64 v=
Read port: 65026
1711978499711	RemoteAgent	WARN	TLS certificate errors will be ignored for this session
[GFX1-]: Failed to get D3D11VideoDevice: 0x80004002
[GFX1-]: Handling webrender error 5
DevTools listening on ws://127.0.0.1:65015/devtools/browser/69ce6715-a3a6-4427-8b9c-61c64c9424f2
console.warn: LoginRecipes: "Falling back to a synchronous message for: https://yopmail.com."
1711978504489	Marionette	WARN	Ignoring event 'DOMContentLoaded' because document has an invalid readyState of 'complete'.
1711978529686	addons.xpi	ERROR	System addon update list error SyntaxError: XMLHttpRequest.open: 'http://%(server)s/dummy-system-addons.xml' is not a valid URL.
1711978545190	Marionette	INFO	Stopped listening on port 65026
Dynamically enable window occlusion 1
!!! error running onStopped callback: TypeError: callback is not a function
