1711972257018	geckodriver	INFO	Listening on 127.0.0.1:59044
1711972260096	mozrunner::runner	INFO	Running command: "C:\\Program Files\\Mozilla Firefox\\firefox.exe" "--marionette" "--remote-debugging-port" "59045" "--remote-allow-hosts" "localhost" "-no-remote" "-profile" "C:\\Users\\MARYAM~1.KHA\\AppData\\Local\\Temp\\rust_mozprofileCQ5yfH"
console.warn: services.settings: Ignoring preference override of remote settings server
console.warn: services.settings: Allow by setting MOZ_REMOTE_SETTINGS_DEVTOOLS=1 in the environment
[GFX1]: Potential driver version mismatch ignored due to missing DLLs igd10umd64 v= and igd10iumd64 v=
1711972260818	Marionette	INFO	Marionette enabled
Dynamically enable window occlusion 0
1711972261008	Marionette	INFO	Listening on port 59068
WebDriver BiDi listening on ws://127.0.0.1:59045
[GFX1]: Potential driver version mismatch ignored due to missing DLLs igd10umd64 v= and igd10iumd64 v=
Read port: 59068
1711972261365	RemoteAgent	WARN	TLS certificate errors will be ignored for this session
[GFX1-]: Failed to get D3D11VideoDevice: 0x80004002
[GFX1-]: Handling webrender error 5
DevTools listening on ws://127.0.0.1:59045/devtools/browser/886079d8-ef5e-41e7-883c-aeb269b2f95f
console.warn: LoginRecipes: "Falling back to a synchronous message for: https://yopmail.com."
1711972266942	Marionette	WARN	Ignoring event 'DOMContentLoaded' because document has an invalid readyState of 'complete'.
1711972292359	addons.xpi	ERROR	System addon update list error SyntaxError: XMLHttpRequest.open: 'http://%(server)s/dummy-system-addons.xml' is not a valid URL.
1711972491863	Marionette	INFO	Stopped listening on port 59068
Dynamically enable window occlusion 1
!!! error running onStopped callback: TypeError: callback is not a function
