1712229596925	geckodriver	INFO	Listening on 127.0.0.1:55189
1712229599974	mozrunner::runner	INFO	Running command: "C:\\Program Files\\Mozilla Firefox\\firefox.exe" "--marionette" "--remote-debugging-port" "55190" "--remote-allow-hosts" "localhost" "-no-remote" "-profile" "C:\\Users\\MARYAM~1.KHA\\AppData\\Local\\Temp\\rust_mozprofilex6t3ws"
console.warn: services.settings: Ignoring preference override of remote settings server
console.warn: services.settings: Allow by setting MOZ_REMOTE_SETTINGS_DEVTOOLS=1 in the environment
[GFX1]: Potential driver version mismatch ignored due to missing DLLs igd10umd64 v= and igd10iumd64 v=
1712229600697	Marionette	INFO	Marionette enabled
Dynamically enable window occlusion 0
1712229600867	Marionette	INFO	Listening on port 55204
WebDriver BiDi listening on ws://127.0.0.1:55190
Read port: 55204
[GFX1]: Potential driver version mismatch ignored due to missing DLLs igd10umd64 v= and igd10iumd64 v=
1712229601156	RemoteAgent	WARN	TLS certificate errors will be ignored for this session
[GFX1-]: Failed to get D3D11VideoDevice: 0x80004002
[GFX1-]: Handling webrender error 5
DevTools listening on ws://127.0.0.1:55190/devtools/browser/1f981883-01a5-4b33-8286-00fd961d4382
console.warn: LoginRecipes: "Falling back to a synchronous message for: https://yopmail.com."
1712229606746	Marionette	WARN	Ignoring event 'DOMContentLoaded' because document has an invalid readyState of 'complete'.
JavaScript warning: https://pagead2.googlesyndication.com/bg/8IdVU_5hiTnoSVFpifzETCOPuU7V9vAnpxqXHqRkotI.js line 2 > eval line 3992 > eval line 1 > eval line 1 > eval, line 1: WEBGL_debug_renderer_info is deprecated in Firefox and will be removed. Please use RENDERER.
JavaScript warning: https://pagead2.googlesyndication.com/bg/lZwT5MDPk6mHH0d718Xq1CSWnyB5RlnRDuidgb8WVjQ.js line 2 > eval line 6876 > eval line 1 > eval line 1 > eval, line 1: WEBGL_debug_renderer_info is deprecated in Firefox and will be removed. Please use RENDERER.
JavaScript warning: https://pagead2.googlesyndication.com/pagead/managed/js/adsense/m202404010101/slotcar_library_fy2021.js?bust=31082432, line 126: Script terminated by timeout at:
qi/<@https://pagead2.googlesyndication.com/pagead/managed/js/adsense/m202404010101/slotcar_library_fy2021.js?bust=31082432:126:389
zd/</<@https://pagead2.googlesyndication.com/pagead/managed/js/adsense/m202404010101/slotcar_library_fy2021.js?bust=31082432:33:292
yd@https://pagead2.googlesyndication.com/pagead/managed/js/adsense/m202404010101/slotcar_library_fy2021.js?bust=31082432:33:92
zd/<@https://pagead2.googlesyndication.com/pagead/managed/js/adsense/m202404010101/slotcar_library_fy2021.js?bust=31082432:33:281

1712229611623	Marionette	INFO	Stopped listening on port 55204
Dynamically enable window occlusion 1
JavaScript error: , line 0: TypeError: NetworkError when attempting to fetch resource.
Exiting due to channel error.
[GFX1-]: CompositorBridgeChild receive[GFX1-]: Compositors IPC close with reBridgeChason=AbnormalShutdownild 
receives IPC close with reason=AbnormalShutdown
