1712657913727	geckodriver	INFO	Listening on 127.0.0.1:59943
1712657916804	mozrunner::runner	INFO	Running command: "C:\\Program Files\\Mozilla Firefox\\firefox.exe" "--marionette" "--remote-debugging-port" "59944" "--remote-allow-hosts" "localhost" "-no-remote" "-profile" "C:\\Users\\MARYAM~1.KHA\\AppData\\Local\\Temp\\rust_mozprofileh0rofJ"
console.warn: services.settings: Ignoring preference override of remote settings server
console.warn: services.settings: Allow by setting MOZ_REMOTE_SETTINGS_DEVTOOLS=1 in the environment
[GFX1]: Potential driver version mismatch ignored due to missing DLLs igd10umd64 v= and igd10iumd64 v=
1712657917387	Marionette	INFO	Marionette enabled
Dynamically enable window occlusion 0
1712657917516	Marionette	INFO	Listening on port 59951
Read port: 59951
WebDriver BiDi listening on ws://127.0.0.1:59944
[GFX1]: Potential driver version mismatch ignored due to missing DLLs igd10umd64 v= and igd10iumd64 v=
1712657917593	RemoteAgent	WARN	TLS certificate errors will be ignored for this session
[GFX1-]: Failed to get D3D11VideoDevice: 0x80004002
[GFX1-]: Handling webrender error 5
DevTools listening on ws://127.0.0.1:59944/devtools/browser/b8db6fe7-e8ed-41e4-aa87-1464afd1ef47
1712657947712	addons.xpi	ERROR	System addon update list error SyntaxError: XMLHttpRequest.open: 'http://%(server)s/dummy-system-addons.xml' is not a valid URL.
JavaScript error: , line 0: NotFoundError: Could not move source file(C:\Users\MARYAM~1.KHA\AppData\Local\Temp\rust_mozprofileh0rofJ\bookmarkbackups\bookmarks-2024-04-09.jsonlz4) because it does not exist
JavaScript error: resource://gre/modules/shared/FormStateManager.sys.mjs, line 38: TypeError: this._activeItems is null
JavaScript error: resource://gre/modules/shared/FormStateManager.sys.mjs, line 38: TypeError: this._activeItems is null
JavaScript error: resource://gre/modules/shared/FormStateManager.sys.mjs, line 38: TypeError: this._activeItems is null
JavaScript error: resource://gre/modules/shared/FormStateManager.sys.mjs, line 38: TypeError: this._activeItems is null
JavaScript error: resource://gre/modules/shared/FormStateManager.sys.mjs, line 38: TypeError: this._activeItems is null
JavaScript error: resource://gre/modules/shared/FormStateManager.sys.mjs, line 38: TypeError: this._activeItems is null
JavaScript error: resource://gre/modules/shared/FormStateManager.sys.mjs, line 38: TypeError: this._activeItems is null
JavaScript error: resource://gre/modules/shared/FormStateManager.sys.mjs, line 38: TypeError: this._activeItems is null
JavaScript error: resource://gre/modules/shared/FormStateManager.sys.mjs, line 38: TypeError: this._activeItems is null
JavaScript error: , line 0: uncaught exception: Timeout
1712749302491	addons.xpi	ERROR	System addon update list error SyntaxError: XMLHttpRequest.open: 'http://%(server)s/dummy-system-addons.xml' is not a valid URL.
console.error: (new Error("Polling for changes failed: NetworkError: Network request failed.", "resource://services-settings/remote-settings.sys.mjs", 324))
1712782023396	Marionette	INFO	Stopped listening on port 59951
Dynamically enable window occlusion 1
