1712322455369	geckodriver	INFO	Listening on 127.0.0.1:59759
1712322458414	mozrunner::runner	INFO	Running command: "C:\\Program Files\\Mozilla Firefox\\firefox.exe" "--marionette" "--remote-debugging-port" "59760" "--remote-allow-hosts" "localhost" "-no-remote" "-profile" "C:\\Users\\MARYAM~1.KHA\\AppData\\Local\\Temp\\rust_mozprofileDlzbp0"
console.warn: services.settings: Ignoring preference override of remote settings server
console.warn: services.settings: Allow by setting MOZ_REMOTE_SETTINGS_DEVTOOLS=1 in the environment
[GFX1]: Potential driver version mismatch ignored due to missing DLLs igd10umd64 v= and igd10iumd64 v=
1712322459055	Marionette	INFO	Marionette enabled
Dynamically enable window occlusion 0
1712322459212	Marionette	INFO	Listening on port 59769
WebDriver BiDi listening on ws://127.0.0.1:59760
Read port: 59769
[GFX1]: Potential driver version mismatch ignored due to missing DLLs igd10umd64 v= and igd10iumd64 v=
1712322459303	RemoteAgent	WARN	TLS certificate errors will be ignored for this session
[GFX1-]: Failed to get D3D11VideoDevice: 0x80004002
[GFX1-]: Handling webrender error 5
DevTools listening on ws://127.0.0.1:59760/devtools/browser/41982236-38e2-45b6-978e-9c99e8e2a3bc
console.warn: LoginRecipes: "Falling back to a synchronous message for: https://yopmail.com."
1712322464181	Marionette	WARN	Ignoring event 'DOMContentLoaded' because document has an invalid readyState of 'complete'.
1712322466391	Marionette	INFO	Stopped listening on port 59769
JavaScript warning: https://pagead2.googlesyndication.com/pagead/managed/js/adsense/m202404010101/show_ads_impl_fy2021.js, line 548: Script terminated by timeout at:
ZO/<@https://pagead2.googlesyndication.com/pagead/managed/js/adsense/m202404010101/show_ads_impl_fy2021.js:548:94

Dynamically enable window occlusion 1
