1712235018353	geckodriver	INFO	Listening on 127.0.0.1:53950
1712235021456	mozrunner::runner	INFO	Running command: "C:\\Program Files\\Mozilla Firefox\\firefox.exe" "--marionette" "--remote-debugging-port" "53951" "--remote-allow-hosts" "localhost" "-no-remote" "-profile" "C:\\Users\\MARYAM~1.KHA\\AppData\\Local\\Temp\\rust_mozprofilepSxhO9"
console.warn: services.settings: Ignoring preference override of remote settings server
console.warn: services.settings: Allow by setting MOZ_REMOTE_SETTINGS_DEVTOOLS=1 in the environment
[GFX1]: Potential driver version mismatch ignored due to missing DLLs igd10umd64 v= and igd10iumd64 v=
1712235021979	Marionette	INFO	Marionette enabled
Dynamically enable window occlusion 0
1712235022118	Marionette	INFO	Listening on port 53963
WebDriver BiDi listening on ws://127.0.0.1:53951
[GFX1]: Potential driver version mismatch ignored due to missing DLLs igd10umd64 v= and igd10iumd64 v=
Read port: 53963
1712235022334	RemoteAgent	WARN	TLS certificate errors will be ignored for this session
[GFX1-]: Failed to get D3D11VideoDevice: 0x80004002
[GFX1-]: Handling webrender error 5
DevTools listening on ws://127.0.0.1:53951/devtools/browser/a00936fe-cf7c-4ab2-a94f-2c15d28e046c
console.warn: LoginRecipes: "Falling back to a synchronous message for: https://yopmail.com."
1712235028698	Marionette	WARN	Ignoring event 'DOMContentLoaded' because document has an invalid readyState of 'complete'.
JavaScript warning: https://pagead2.googlesyndication.com/bg/8IdVU_5hiTnoSVFpifzETCOPuU7V9vAnpxqXHqRkotI.js line 2 > eval line 417 > eval line 1 > eval line 1 > eval, line 1: WEBGL_debug_renderer_info is deprecated in Firefox and will be removed. Please use RENDERER.
JavaScript warning: https://pagead2.googlesyndication.com/bg/8IdVU_5hiTnoSVFpifzETCOPuU7V9vAnpxqXHqRkotI.js line 2 > eval line 6287 > eval line 1 > eval line 1 > eval, line 1: WEBGL_debug_renderer_info is deprecated in Firefox and will be removed. Please use RENDERER.
JavaScript warning: https://pagead2.googlesyndication.com/bg/8IdVU_5hiTnoSVFpifzETCOPuU7V9vAnpxqXHqRkotI.js line 2 > eval line 6148 > eval line 1 > eval line 1 > eval, line 1: WEBGL_debug_renderer_info is deprecated in Firefox and will be removed. Please use RENDERER.
JavaScript warning: https://pagead2.googlesyndication.com/pagead/managed/js/adsense/m202403270101/slotcar_library_fy2021.js?bust=31082283, line 126: Script terminated by timeout at:
qi/<@https://pagead2.googlesyndication.com/pagead/managed/js/adsense/m202403270101/slotcar_library_fy2021.js?bust=31082283:126:389
zd/</<@https://pagead2.googlesyndication.com/pagead/managed/js/adsense/m202403270101/slotcar_library_fy2021.js?bust=31082283:33:292
yd@https://pagead2.googlesyndication.com/pagead/managed/js/adsense/m202403270101/slotcar_library_fy2021.js?bust=31082283:33:92
zd/<@https://pagead2.googlesyndication.com/pagead/managed/js/adsense/m202403270101/slotcar_library_fy2021.js?bust=31082283:33:281

1712235033532	Marionette	INFO	Stopped listening on port 53963
Dynamically enable window occlusion 1
