1712925783973	geckodriver	INFO	Listening on 127.0.0.1:51285
1712925787079	mozrunner::runner	INFO	Running command: "C:\\Program Files\\Mozilla Firefox\\firefox.exe" "--marionette" "--remote-debugging-port" "51286" "--remote-allow-hosts" "localhost" "-no-remote" "-profile" "C:\\Users\\MARYAM~1.KHA\\AppData\\Local\\Temp\\rust_mozprofilew0R4uD"
console.warn: services.settings: Ignoring preference override of remote settings server
console.warn: services.settings: Allow by setting MOZ_REMOTE_SETTINGS_DEVTOOLS=1 in the environment
[GFX1]: Potential driver version mismatch ignored due to missing DLLs igd10umd64 v= and igd10iumd64 v=
1712925787704	Marionette	INFO	Marionette enabled
Dynamically enable window occlusion 0
1712925787846	Marionette	INFO	Listening on port 51298
WebDriver BiDi listening on ws://127.0.0.1:51286
Read port: 51298
[GFX1]: Potential driver version mismatch ignored due to missing DLLs igd10umd64 v= and igd10iumd64 v=
1712925788075	RemoteAgent	WARN	TLS certificate errors will be ignored for this session
[GFX1-]: Failed to get D3D11VideoDevice: 0x80004002
[GFX1-]: Handling webrender error 5
DevTools listening on ws://127.0.0.1:51286/devtools/browser/c01e49b2-28d9-4149-ba6a-f41f1f6ecb24
JavaScript warning: https://pagead2.googlesyndication.com/bg/L0LConaBzCc577BZGNgzP3bg87fF5vhB9-a07M4Tw6o.js line 2 > eval line 7744 > eval line 1 > eval line 1 > eval, line 1: WEBGL_debug_renderer_info is deprecated in Firefox and will be removed. Please use RENDERER.
JavaScript warning: https://pagead2.googlesyndication.com/pagead/managed/js/adsense/m202404100101/slotcar_library_fy2021.js?bust=31082672, line 127: Script terminated by timeout at:
ri/<@https://pagead2.googlesyndication.com/pagead/managed/js/adsense/m202404100101/slotcar_library_fy2021.js?bust=31082672:127:389
Ad/</<@https://pagead2.googlesyndication.com/pagead/managed/js/adsense/m202404100101/slotcar_library_fy2021.js?bust=31082672:33:292
zd@https://pagead2.googlesyndication.com/pagead/managed/js/adsense/m202404100101/slotcar_library_fy2021.js?bust=31082672:33:92
Ad/<@https://pagead2.googlesyndication.com/pagead/managed/js/adsense/m202404100101/slotcar_library_fy2021.js?bust=31082672:33:281

1712925814047	Marionette	INFO	Stopped listening on port 51298
Dynamically enable window occlusion 1
