1711978860805	geckodriver	INFO	Listening on 127.0.0.1:50106
1711978863868	mozrunner::runner	INFO	Running command: "C:\\Program Files\\Mozilla Firefox\\firefox.exe" "--marionette" "--remote-debugging-port" "50107" "--remote-allow-hosts" "localhost" "-no-remote" "-profile" "C:\\Users\\MARYAM~1.KHA\\AppData\\Local\\Temp\\rust_mozprofilenpf0vs"
console.warn: services.settings: Ignoring preference override of remote settings server
console.warn: services.settings: Allow by setting MOZ_REMOTE_SETTINGS_DEVTOOLS=1 in the environment
[GFX1]: Potential driver version mismatch ignored due to missing DLLs igd10umd64 v= and igd10iumd64 v=
1711978864520	Marionette	INFO	Marionette enabled
Dynamically enable window occlusion 0
1711978864691	Marionette	INFO	Listening on port 50117
WebDriver BiDi listening on ws://127.0.0.1:50107
[GFX1]: Potential driver version mismatch ignored due to missing DLLs igd10umd64 v= and igd10iumd64 v=
Read port: 50117
1711978864957	RemoteAgent	WARN	TLS certificate errors will be ignored for this session
[GFX1-]: Failed to get D3D11VideoDevice: 0x80004002
[GFX1-]: Handling webrender error 5
DevTools listening on ws://127.0.0.1:50107/devtools/browser/7f91f5ce-5e29-4c1e-805f-cac022fa34e6
console.warn: LoginRecipes: "Falling back to a synchronous message for: https://yopmail.com."
1711978873038	Marionette	WARN	Ignoring event 'DOMContentLoaded' because document has an invalid readyState of 'complete'.
1711978894591	addons.xpi	ERROR	System addon update list error SyntaxError: XMLHttpRequest.open: 'http://%(server)s/dummy-system-addons.xml' is not a valid URL.
1711982147533	Marionette	INFO	Stopped listening on port 50117
Dynamically enable window occlusion 1
!!! error running onStopped callback: TypeError: callback is not a function
