1712242353473	geckodriver	INFO	Listening on 127.0.0.1:60859
1712242356524	mozrunner::runner	INFO	Running command: "C:\\Program Files\\Mozilla Firefox\\firefox.exe" "--marionette" "--remote-debugging-port" "60860" "--remote-allow-hosts" "localhost" "-no-remote" "-profile" "C:\\Users\\MARYAM~1.KHA\\AppData\\Local\\Temp\\rust_mozprofilerQ5ulV"
console.warn: services.settings: Ignoring preference override of remote settings server
console.warn: services.settings: Allow by setting MOZ_REMOTE_SETTINGS_DEVTOOLS=1 in the environment
[GFX1]: Potential driver version mismatch ignored due to missing DLLs igd10umd64 v= and igd10iumd64 v=
1712242357112	Marionette	INFO	Marionette enabled
Dynamically enable window occlusion 0
1712242357241	Marionette	INFO	Listening on port 60921
WebDriver BiDi listening on ws://127.0.0.1:60860
[GFX1]: Potential driver version mismatch ignored due to missing DLLs igd10umd64 v= and igd10iumd64 v=
Read port: 60921
1712242357489	RemoteAgent	WARN	TLS certificate errors will be ignored for this session
[GFX1-]: Failed to get D3D11VideoDevice: 0x80004002
[GFX1-]: Handling webrender error 5
DevTools listening on ws://127.0.0.1:60860/devtools/browser/4476b1c0-9862-45b7-8346-760c27050139
console.warn: LoginRecipes: "Falling back to a synchronous message for: https://yopmail.com."
1712242362924	Marionette	WARN	Ignoring event 'DOMContentLoaded' because document has an invalid readyState of 'complete'.
1712242364021	Marionette	INFO	Stopped listening on port 60921
JavaScript warning: https://yopmail.com/ver/9.2/webmail.js, line 1: Script terminated by timeout at:
refr/nIId<@https://yopmail.com/ver/9.2/webmail.js:1:10644

Dynamically enable window occlusion 1
