1712322070227	geckodriver	INFO	Listening on 127.0.0.1:61889
1712322073306	mozrunner::runner	INFO	Running command: "C:\\Program Files\\Mozilla Firefox\\firefox.exe" "--marionette" "--remote-debugging-port" "61890" "--remote-allow-hosts" "localhost" "-no-remote" "-profile" "C:\\Users\\MARYAM~1.KHA\\AppData\\Local\\Temp\\rust_mozprofileQg46aD"
console.warn: services.settings: Ignoring preference override of remote settings server
console.warn: services.settings: Allow by setting MOZ_REMOTE_SETTINGS_DEVTOOLS=1 in the environment
[GFX1]: Potential driver version mismatch ignored due to missing DLLs igd10umd64 v= and igd10iumd64 v=
1712322073802	Marionette	INFO	Marionette enabled
Dynamically enable window occlusion 0
1712322073932	Marionette	INFO	Listening on port 61899
WebDriver BiDi listening on ws://127.0.0.1:61890
[GFX1]: Potential driver version mismatch ignored due to missing DLLs igd10umd64 v= and igd10iumd64 v=
Read port: 61899
1712322074154	RemoteAgent	WARN	TLS certificate errors will be ignored for this session
[GFX1-]: Failed to get D3D11VideoDevice: 0x80004002
[GFX1-]: Handling webrender error 5
DevTools listening on ws://127.0.0.1:61890/devtools/browser/67d529ef-b0e0-4e08-a3b1-9089845812df
console.warn: LoginRecipes: "Falling back to a synchronous message for: https://yopmail.com."
1712322078786	Marionette	WARN	Ignoring event 'DOMContentLoaded' because document has an invalid readyState of 'complete'.
1712322079882	Marionette	INFO	Stopped listening on port 61899
JavaScript warning: https://yopmail.com/ver/9.2/webmail.js, line 1: Script terminated by timeout at:
refr/nIId<@https://yopmail.com/ver/9.2/webmail.js:1:10704

Dynamically enable window occlusion 1
