1712660236955	geckodriver	INFO	Listening on 127.0.0.1:55693
1712660240044	mozrunner::runner	INFO	Running command: "C:\\Program Files\\Mozilla Firefox\\firefox.exe" "--marionette" "--remote-debugging-port" "55694" "--remote-allow-hosts" "localhost" "-no-remote" "-profile" "C:\\Users\\MARYAM~1.KHA\\AppData\\Local\\Temp\\rust_mozprofilecOHujH"
console.warn: services.settings: Ignoring preference override of remote settings server
console.warn: services.settings: Allow by setting MOZ_REMOTE_SETTINGS_DEVTOOLS=1 in the environment
[GFX1]: Potential driver version mismatch ignored due to missing DLLs igd10umd64 v= and igd10iumd64 v=
1712660240687	Marionette	INFO	Marionette enabled
Dynamically enable window occlusion 0
1712660240815	Marionette	INFO	Listening on port 55707
WebDriver BiDi listening on ws://127.0.0.1:55694
Read port: 55707
[GFX1]: Potential driver version mismatch ignored due to missing DLLs igd10umd64 v= and igd10iumd64 v=
1712660241034	RemoteAgent	WARN	TLS certificate errors will be ignored for this session
[GFX1-]: Failed to get D3D11VideoDevice: 0x80004002
[GFX1-]: Handling webrender error 5
DevTools listening on ws://127.0.0.1:55694/devtools/browser/74c37f5f-5dde-4e34-a95e-316415680406
console.warn: LoginRecipes: "Falling back to a synchronous message for: https://yopmail.com."
JavaScript warning: https://pagead2.googlesyndication.com/pagead/managed/js/activeview/current/ufs_web_display.js, line 79: Script terminated by timeout at:
n.next@https://pagead2.googlesyndication.com/pagead/managed/js/activeview/current/ufs_web_display.js:79:882
Xd/</<@https://pagead2.googlesyndication.com/pagead/managed/js/activeview/current/ufs_web_display.js:98:672

JavaScript error: , line 0: TypeError: NetworkError when attempting to fetch resource.
1712660247405	Marionette	WARN	Ignoring event 'DOMContentLoaded' because document has an invalid readyState of 'complete'.
1712660248406	Marionette	INFO	Stopped listening on port 55707
JavaScript warning: https://yopmail.com/ver/9.2/webmail.js, line 1: Script terminated by timeout at:
refr/nIId<@https://yopmail.com/ver/9.2/webmail.js:1:10644

Dynamically enable window occlusion 1
