1712921606074	geckodriver	INFO	Listening on 127.0.0.1:59060
1712921609107	mozrunner::runner	INFO	Running command: "C:\\Program Files\\Mozilla Firefox\\firefox.exe" "--marionette" "--remote-debugging-port" "59061" "--remote-allow-hosts" "localhost" "-no-remote" "-profile" "C:\\Users\\MARYAM~1.KHA\\AppData\\Local\\Temp\\rust_mozprofilejoIEUz"
console.warn: services.settings: Ignoring preference override of remote settings server
console.warn: services.settings: Allow by setting MOZ_REMOTE_SETTINGS_DEVTOOLS=1 in the environment
[GFX1]: Potential driver version mismatch ignored due to missing DLLs igd10umd64 v= and igd10iumd64 v=
1712921609745	Marionette	INFO	Marionette enabled
Dynamically enable window occlusion 0
1712921609908	Marionette	INFO	Listening on port 59068
WebDriver BiDi listening on ws://127.0.0.1:59061
Read port: 59068
[GFX1]: Potential driver version mismatch ignored due to missing DLLs igd10umd64 v= and igd10iumd64 v=
1712921610005	RemoteAgent	WARN	TLS certificate errors will be ignored for this session
[GFX1-]: Failed to get D3D11VideoDevice: 0x80004002
[GFX1-]: Handling webrender error 5
DevTools listening on ws://127.0.0.1:59061/devtools/browser/1ad43229-8c4e-434c-8d1c-ea7c69ecacd0
1712921630162	Marionette	WARN	TimedPromise timed out after 500 ms: stacktrace:
TimedPromise/<@chrome://remote/content/marionette/sync.sys.mjs:219:24
TimedPromise@chrome://remote/content/marionette/sync.sys.mjs:203:10
interaction.flushEventLoop@chrome://remote/content/marionette/interaction.sys.mjs:468:10
webdriverClickElement@chrome://remote/content/marionette/interaction.sys.mjs:219:33
1712921641114	addons.xpi	ERROR	System addon update list error SyntaxError: XMLHttpRequest.open: 'http://%(server)s/dummy-system-addons.xml' is not a valid URL.
1712921708274	Marionette	INFO	Stopped listening on port 59068
Dynamically enable window occlusion 1
