1712862161464	geckodriver	INFO	Listening on 127.0.0.1:58917
1712862164548	mozrunner::runner	INFO	Running command: "C:\\Program Files\\Mozilla Firefox\\firefox.exe" "--marionette" "--remote-debugging-port" "58918" "--remote-allow-hosts" "localhost" "-no-remote" "-profile" "C:\\Users\\MARYAM~1.KHA\\AppData\\Local\\Temp\\rust_mozprofile0GkvDk"
console.warn: services.settings: Ignoring preference override of remote settings server
console.warn: services.settings: Allow by setting MOZ_REMOTE_SETTINGS_DEVTOOLS=1 in the environment
[GFX1]: Potential driver version mismatch ignored due to missing DLLs igd10umd64 v= and igd10iumd64 v=
1712862165147	Marionette	INFO	Marionette enabled
Dynamically enable window occlusion 0
1712862165308	Marionette	INFO	Listening on port 58928
WebDriver BiDi listening on ws://127.0.0.1:58918
Read port: 58928
[GFX1]: Potential driver version mismatch ignored due to missing DLLs igd10umd64 v= and igd10iumd64 v=
1712862165597	RemoteAgent	WARN	TLS certificate errors will be ignored for this session
[GFX1-]: Failed to get D3D11VideoDevice: 0x80004002
[GFX1-]: Handling webrender error 5
DevTools listening on ws://127.0.0.1:58918/devtools/browser/9acd4049-cbe0-4ac3-8cfa-ab0ee7608df2
console.warn: LoginRecipes: "Falling back to a synchronous message for: https://yopmail.com."
1712862174001	Marionette	WARN	Ignoring event 'DOMContentLoaded' because document has an invalid readyState of 'complete'.
1712862177599	Marionette	INFO	Stopped listening on port 58928
Dynamically enable window occlusion 1
JavaScript error: , line 0: TypeError: NetworkError when attempting to fetch resource.
JavaScript error: , line 0: TypeError: NetworkError when attempting to fetch resource.
