1711969145583	geckodriver	INFO	Listening on 127.0.0.1:49812
1711969148667	mozrunner::runner	INFO	Running command: "C:\\Program Files\\Mozilla Firefox\\firefox.exe" "--marionette" "--remote-debugging-port" "49813" "--remote-allow-hosts" "localhost" "-no-remote" "-profile" "C:\\Users\\MARYAM~1.KHA\\AppData\\Local\\Temp\\rust_mozprofileEyae77"
console.warn: services.settings: Ignoring preference override of remote settings server
console.warn: services.settings: Allow by setting MOZ_REMOTE_SETTINGS_DEVTOOLS=1 in the environment
[GFX1]: Potential driver version mismatch ignored due to missing DLLs igd10umd64 v= and igd10iumd64 v=
1711969149257	Marionette	INFO	Marionette enabled
Dynamically enable window occlusion 0
1711969149420	Marionette	INFO	Listening on port 49830
WebDriver BiDi listening on ws://127.0.0.1:49813
Read port: 49830
[GFX1]: Potential driver version mismatch ignored due to missing DLLs igd10umd64 v= and igd10iumd64 v=
1711969149707	RemoteAgent	WARN	TLS certificate errors will be ignored for this session
[GFX1-]: Failed to get D3D11VideoDevice: 0x80004002
[GFX1-]: Handling webrender error 5
DevTools listening on ws://127.0.0.1:49813/devtools/browser/a25244f2-23c7-4c64-8796-23ac85155ee5
console.warn: LoginRecipes: "Falling back to a synchronous message for: https://yopmail.com."
1711969154668	Marionette	WARN	Ignoring event 'DOMContentLoaded' because document has an invalid readyState of 'complete'.
1711969179341	addons.xpi	ERROR	System addon update list error SyntaxError: XMLHttpRequest.open: 'http://%(server)s/dummy-system-addons.xml' is not a valid URL.
1711969259244	Marionette	INFO	Stopped listening on port 49830
Dynamically enable window occlusion 1
