1712568992875	geckodriver	INFO	Listening on 127.0.0.1:60361
1712568995948	mozrunner::runner	INFO	Running command: "C:\\Program Files\\Mozilla Firefox\\firefox.exe" "--marionette" "--remote-debugging-port" "60362" "--remote-allow-hosts" "localhost" "-no-remote" "-profile" "C:\\Users\\MARYAM~1.KHA\\AppData\\Local\\Temp\\rust_mozprofilew1ONAf"
console.warn: services.settings: Ignoring preference override of remote settings server
console.warn: services.settings: Allow by setting MOZ_REMOTE_SETTINGS_DEVTOOLS=1 in the environment
[GFX1]: Potential driver version mismatch ignored due to missing DLLs igd10umd64 v= and igd10iumd64 v=
1712568996685	Marionette	INFO	Marionette enabled
Dynamically enable window occlusion 0
1712568996848	Marionette	INFO	Listening on port 60374
WebDriver BiDi listening on ws://127.0.0.1:60362
Read port: 60374
[GFX1]: Potential driver version mismatch ignored due to missing DLLs igd10umd64 v= and igd10iumd64 v=
1712568996936	RemoteAgent	WARN	TLS certificate errors will be ignored for this session
[GFX1-]: Failed to get D3D11VideoDevice: 0x80004002
[GFX1-]: Handling webrender error 5
DevTools listening on ws://127.0.0.1:60362/devtools/browser/fb3180e1-e70f-4dcd-a8e3-ee1c0c5d68c4
console.warn: LoginRecipes: "Falling back to a synchronous message for: https://yopmail.com."
1712569002128	Marionette	WARN	Ignoring event 'DOMContentLoaded' because document has an invalid readyState of 'complete'.
1712569003238	Marionette	INFO	Stopped listening on port 60374
JavaScript warning: https://yopmail.com/ver/9.2/webmail.js, line 1: Script terminated by timeout at:
refr/nIId<@https://yopmail.com/ver/9.2/webmail.js:1:10704

Dynamically enable window occlusion 1
