1713192720496	geckodriver	INFO	Listening on 127.0.0.1:55577
1713192723631	mozrunner::runner	INFO	Running command: "C:\\Program Files\\Mozilla Firefox\\firefox.exe" "--marionette" "--remote-debugging-port" "55578" "--remote-allow-hosts" "localhost" "-no-remote" "-profile" "C:\\Users\\MARYAM~1.KHA\\AppData\\Local\\Temp\\rust_mozprofileOPwZWB"
console.warn: services.settings: Ignoring preference override of remote settings server
console.warn: services.settings: Allow by setting MOZ_REMOTE_SETTINGS_DEVTOOLS=1 in the environment
[GFX1]: Potential driver version mismatch ignored due to missing DLLs igd10umd64 v= and igd10iumd64 v=
1713192724454	Marionette	INFO	Marionette enabled
Dynamically enable window occlusion 0
1713192724619	Marionette	INFO	Listening on port 55588
WebDriver BiDi listening on ws://127.0.0.1:55578
Read port: 55588
[GFX1]: Potential driver version mismatch ignored due to missing DLLs igd10umd64 v= and igd10iumd64 v=
1713192724881	RemoteAgent	WARN	TLS certificate errors will be ignored for this session
[GFX1-]: Failed to get D3D11VideoDevice: 0x80004002
[GFX1-]: Handling webrender error 5
DevTools listening on ws://127.0.0.1:55578/devtools/browser/d2bef747-22f9-4117-a2c6-6d2c2336170b
console.warn: LoginRecipes: "Falling back to a synchronous message for: https://yopmail.com."
1713192731806	Marionette	WARN	Ignoring event 'DOMContentLoaded' because document has an invalid readyState of 'complete'.
1713192734440	Marionette	INFO	Stopped listening on port 55588
Dynamically enable window occlusion 1
JavaScript error: , line 0: TypeError: NetworkError when attempting to fetch resource.
JavaScript error: , line 0: TypeError: NetworkError when attempting to fetch resource.
