1711973963032	geckodriver	INFO	Listening on 127.0.0.1:53830
1711973966125	mozrunner::runner	INFO	Running command: "C:\\Program Files\\Mozilla Firefox\\firefox.exe" "--marionette" "--remote-debugging-port" "53831" "--remote-allow-hosts" "localhost" "-no-remote" "-profile" "C:\\Users\\MARYAM~1.KHA\\AppData\\Local\\Temp\\rust_mozprofileKPDysi"
console.warn: services.settings: Ignoring preference override of remote settings server
console.warn: services.settings: Allow by setting MOZ_REMOTE_SETTINGS_DEVTOOLS=1 in the environment
[GFX1]: Potential driver version mismatch ignored due to missing DLLs igd10umd64 v= and igd10iumd64 v=
1711973966731	Marionette	INFO	Marionette enabled
Dynamically enable window occlusion 0
1711973966876	Marionette	INFO	Listening on port 53842
WebDriver BiDi listening on ws://127.0.0.1:53831
Read port: 53842
[GFX1]: Potential driver version mismatch ignored due to missing DLLs igd10umd64 v= and igd10iumd64 v=
1711973967185	RemoteAgent	WARN	TLS certificate errors will be ignored for this session
[GFX1-]: Failed to get D3D11VideoDevice: 0x80004002
[GFX1-]: Handling webrender error 5
DevTools listening on ws://127.0.0.1:53831/devtools/browser/8ff719ea-4a9d-49ea-866a-a0ea6aa2d443
console.warn: LoginRecipes: "Falling back to a synchronous message for: https://yopmail.com."
1711973972571	Marionette	WARN	Ignoring event 'DOMContentLoaded' because document has an invalid readyState of 'complete'.
1711973997177	addons.xpi	ERROR	System addon update list error SyntaxError: XMLHttpRequest.open: 'http://%(server)s/dummy-system-addons.xml' is not a valid URL.
1711974028230	Marionette	INFO	Stopped listening on port 53842
Dynamically enable window occlusion 1
!!! error running onStopped callback: TypeError: callback is not a function
