1712322025830	geckodriver	INFO	Listening on 127.0.0.1:61664
1712322028892	mozrunner::runner	INFO	Running command: "C:\\Program Files\\Mozilla Firefox\\firefox.exe" "--marionette" "--remote-debugging-port" "61665" "--remote-allow-hosts" "localhost" "-no-remote" "-profile" "C:\\Users\\MARYAM~1.KHA\\AppData\\Local\\Temp\\rust_mozprofile16ONYZ"
console.warn: services.settings: Ignoring preference override of remote settings server
console.warn: services.settings: Allow by setting MOZ_REMOTE_SETTINGS_DEVTOOLS=1 in the environment
[GFX1]: Potential driver version mismatch ignored due to missing DLLs igd10umd64 v= and igd10iumd64 v=
1712322029458	Marionette	INFO	Marionette enabled
Dynamically enable window occlusion 0
1712322029608	Marionette	INFO	Listening on port 61676
WebDriver BiDi listening on ws://127.0.0.1:61665
[GFX1]: Potential driver version mismatch ignored due to missing DLLs igd10umd64 v= and igd10iumd64 v=
Read port: 61676
1712322029888	RemoteAgent	WARN	TLS certificate errors will be ignored for this session
[GFX1-]: Failed to get D3D11VideoDevice: 0x80004002
[GFX1-]: Handling webrender error 5
DevTools listening on ws://127.0.0.1:61665/devtools/browser/4d866735-03e2-4490-8b73-761a10fa0a90
console.warn: LoginRecipes: "Falling back to a synchronous message for: https://yopmail.com."
1712322034250	Marionette	WARN	Ignoring event 'DOMContentLoaded' because document has an invalid readyState of 'complete'.
1712322036128	Marionette	INFO	Stopped listening on port 61676
JavaScript warning: https://fundingchoicesmessages.google.com/f/AGSKWxXaNz2U7uf_Gi-C4C4rdvvSgyh3gG_hD-3C-7iT5VYascQxyo5CyulNORNSUBoPJZke-LCyxYtimg2Ey9S1C5syrWVSVHaEv7Q16SOzdW1_RJq60udWiU37h8H388X50SU5PbPx_Q==?fccs=W251bGwsbnVsbCxudWxsLG51bGwsbnVsbCxudWxsLFsxNzEyMzIyMDM1LDYyOTAwMDAwMF0sbnVsbCxudWxsLG51bGwsW251bGwsWzddXSwiaHR0cHM6Ly95b3BtYWlsLmNvbS9mci93bSIsbnVsbCxbWzgsIjVEMEVpcUlwZXB3Il0sWzksImZyIl0sWzE4LCJbW1swXV1dIl0sWzIwLCJbbnVsbCxudWxsLFszMTA4MjE0NV0sbnVsbCwyXSJdLFsxOSwiMiJdXV0, line 7: Script terminated by timeout at:
oo@/_/mss/boq-content-ads-contributor/_/js/k=boq-content-ads-contributor.ContributorServingResponseClientJs.fr.5D0EiqIpepw.es5.O/d=1/exm=kernel_loader,loader_js_executable/ed=1/rs=AJlcJMz2eeqRUCqYZozC0zxjZENvH-qGug/m=ad_blocking_detection_executable:7:1514
oo/<@/_/mss/boq-content-ads-contributor/_/js/k=boq-content-ads-contributor.ContributorServingResponseClientJs.fr.5D0EiqIpepw.es5.O/d=1/exm=kernel_loader,loader_js_executable/ed=1/rs=AJlcJMz2eeqRUCqYZozC0zxjZENvH-qGug/m=ad_blocking_detection_executable:7:1630

Dynamically enable window occlusion 1
