1712586914894	geckodriver	INFO	Listening on 127.0.0.1:53929
1712586917956	mozrunner::runner	INFO	Running command: "C:\\Program Files\\Mozilla Firefox\\firefox.exe" "--marionette" "--remote-debugging-port" "53930" "--remote-allow-hosts" "localhost" "-no-remote" "-profile" "C:\\Users\\MARYAM~1.KHA\\AppData\\Local\\Temp\\rust_mozprofilehSkYFZ"
console.warn: services.settings: Ignoring preference override of remote settings server
console.warn: services.settings: Allow by setting MOZ_REMOTE_SETTINGS_DEVTOOLS=1 in the environment
[GFX1]: Potential driver version mismatch ignored due to missing DLLs igd10umd64 v= and igd10iumd64 v=
1712586918583	Marionette	INFO	Marionette enabled
Dynamically enable window occlusion 0
1712586918719	Marionette	INFO	Listening on port 53940
WebDriver BiDi listening on ws://127.0.0.1:53930
[GFX1]: Potential driver version mismatch ignored due to missing DLLs igd10umd64 v= and igd10iumd64 v=
Read port: 53940
1712586918924	RemoteAgent	WARN	TLS certificate errors will be ignored for this session
[GFX1-]: Failed to get D3D11VideoDevice: 0x80004002
[GFX1-]: Handling webrender error 5
DevTools listening on ws://127.0.0.1:53930/devtools/browser/ca8c3297-1baa-4103-b5ac-ad8b1c353177
console.warn: LoginRecipes: "Falling back to a synchronous message for: https://yopmail.com."
1712586924181	Marionette	WARN	Ignoring event 'DOMContentLoaded' because document has an invalid readyState of 'complete'.
1712586925607	Marionette	INFO	Stopped listening on port 53940
JavaScript warning: https://fundingchoicesmessages.google.com/f/AGSKWxWyf3YTPq2xqsean5C4UjUlhXTkQekGGXIRpiUilz0r4fUhCcDlXGUkrJF8PNpwZd5XhGTbW3fHZN9Q4oZlDPKtoc98sUE4c0bs1YgEwLphs0JSRnm2eDQaIC_Rz_7t5X8BYXlkNg==?fccs=W251bGwsbnVsbCxudWxsLG51bGwsbnVsbCxudWxsLFsxNzEyNTg2OTI1LDk2MDAwMDAwXSxudWxsLG51bGwsbnVsbCxbbnVsbCxbN11dLCJodHRwczovL3lvcG1haWwuY29tL2ZyL3dtIixudWxsLFtbOCwic0didTlBR1NnWWciXSxbOSwiZnIiXSxbMTgsIltbWzBdXV0iXSxbMjAsIltudWxsLG51bGwsWzMxMDgyMDU1XSxudWxsLDNdIl0sWzE5LCIyIl1dXQ, line 7: Script terminated by timeout at:
oo@/_/mss/boq-content-ads-contributor/_/js/k=boq-content-ads-contributor.ContributorServingResponseClientJs.fr.sGbu9AGSgYg.es5.O/d=1/exm=kernel_loader,loader_js_executable/ed=1/rs=AJlcJMzgAixpUxXtL9Ep7URHetSKKiEWXQ/m=ad_blocking_detection_executable:7:1527
oo/<@/_/mss/boq-content-ads-contributor/_/js/k=boq-content-ads-contributor.ContributorServingResponseClientJs.fr.sGbu9AGSgYg.es5.O/d=1/exm=kernel_loader,loader_js_executable/ed=1/rs=AJlcJMzgAixpUxXtL9Ep7URHetSKKiEWXQ/m=ad_blocking_detection_executable:7:1630

Dynamically enable window occlusion 1
