1712229990086	geckodriver	INFO	Listening on 127.0.0.1:59590
1712229993171	mozrunner::runner	INFO	Running command: "C:\\Program Files\\Mozilla Firefox\\firefox.exe" "--marionette" "--remote-debugging-port" "59591" "--remote-allow-hosts" "localhost" "-no-remote" "-profile" "C:\\Users\\MARYAM~1.KHA\\AppData\\Local\\Temp\\rust_mozprofileDKXiSB"
console.warn: services.settings: Ignoring preference override of remote settings server
console.warn: services.settings: Allow by setting MOZ_REMOTE_SETTINGS_DEVTOOLS=1 in the environment
[GFX1]: Potential driver version mismatch ignored due to missing DLLs igd10umd64 v= and igd10iumd64 v=
1712229993871	Marionette	INFO	Marionette enabled
Dynamically enable window occlusion 0
1712229994023	Marionette	INFO	Listening on port 59612
WebDriver BiDi listening on ws://127.0.0.1:59591
[GFX1]: Potential driver version mismatch ignored due to missing DLLs igd10umd64 v= and igd10iumd64 v=
Read port: 59612
1712229994273	RemoteAgent	WARN	TLS certificate errors will be ignored for this session
[GFX1-]: Failed to get D3D11VideoDevice: 0x80004002
[GFX1-]: Handling webrender error 5
DevTools listening on ws://127.0.0.1:59591/devtools/browser/5315eb75-5b94-4349-aee9-21beb0bce5a5
console.warn: LoginRecipes: "Falling back to a synchronous message for: https://diac--preprod.sandbox.my.site.com."
1712230025145	addons.xpi	ERROR	System addon update list error SyntaxError: XMLHttpRequest.open: 'http://%(server)s/dummy-system-addons.xml' is not a valid URL.
1712230532637	Marionette	INFO	Stopped listening on port 59612
Dynamically enable window occlusion 1
!!! error running onStopped callback: TypeError: callback is not a function
