1713168171483	geckodriver	INFO	Listening on 127.0.0.1:49839
1713168174558	mozrunner::runner	INFO	Running command: "C:\\Program Files\\Mozilla Firefox\\firefox.exe" "--marionette" "--remote-debugging-port" "49840" "--remote-allow-hosts" "localhost" "-no-remote" "-profile" "C:\\Users\\MARYAM~1.KHA\\AppData\\Local\\Temp\\rust_mozprofilevnj88r"
console.warn: services.settings: Ignoring preference override of remote settings server
console.warn: services.settings: Allow by setting MOZ_REMOTE_SETTINGS_DEVTOOLS=1 in the environment
[GFX1]: Potential driver version mismatch ignored due to missing DLLs igd10umd64 v= and igd10iumd64 v=
1713168175448	Marionette	INFO	Marionette enabled
Dynamically enable window occlusion 0
1713168175605	Marionette	INFO	Listening on port 49853
WebDriver BiDi listening on ws://127.0.0.1:49840
[GFX1]: Potential driver version mismatch ignored due to missing DLLs igd10umd64 v= and igd10iumd64 v=
Read port: 49853
1713168175934	RemoteAgent	WARN	TLS certificate errors will be ignored for this session
[GFX1-]: Failed to get D3D11VideoDevice: 0x80004002
[GFX1-]: Handling webrender error 5
DevTools listening on ws://127.0.0.1:49840/devtools/browser/36f89778-274a-43e7-b9bb-109c79732871
console.warn: LoginRecipes: "Falling back to a synchronous message for: https://yopmail.com."
1713168181538	Marionette	WARN	Ignoring event 'DOMContentLoaded' because document has an invalid readyState of 'complete'.
1713168183907	Marionette	INFO	Stopped listening on port 49853
Dynamically enable window occlusion 1
JavaScript error: , line 0: TypeError: NetworkError when attempting to fetch resource.
