1711972492016	geckodriver	INFO	Listening on 127.0.0.1:59384
1711972495035	mozrunner::runner	INFO	Running command: "C:\\Program Files\\Mozilla Firefox\\firefox.exe" "--marionette" "--remote-debugging-port" "59385" "--remote-allow-hosts" "localhost" "-no-remote" "-profile" "C:\\Users\\MARYAM~1.KHA\\AppData\\Local\\Temp\\rust_mozprofilebn4lpj"
console.warn: services.settings: Ignoring preference override of remote settings server
console.warn: services.settings: Allow by setting MOZ_REMOTE_SETTINGS_DEVTOOLS=1 in the environment
[GFX1]: Potential driver version mismatch ignored due to missing DLLs igd10umd64 v= and igd10iumd64 v=
1711972495546	Marionette	INFO	Marionette enabled
Dynamically enable window occlusion 0
1711972495669	Marionette	INFO	Listening on port 59410
WebDriver BiDi listening on ws://127.0.0.1:59385
[GFX1]: Potential driver version mismatch ignored due to missing DLLs igd10umd64 v= and igd10iumd64 v=
Read port: 59410
1711972495893	RemoteAgent	WARN	TLS certificate errors will be ignored for this session
[GFX1-]: Failed to get D3D11VideoDevice: 0x80004002
[GFX1-]: Handling webrender error 5
DevTools listening on ws://127.0.0.1:59385/devtools/browser/e4bb98a9-e38d-4852-8cf6-bf1be4079d52
console.warn: LoginRecipes: "Falling back to a synchronous message for: https://yopmail.com."
1711972500692	Marionette	WARN	Ignoring event 'DOMContentLoaded' because document has an invalid readyState of 'complete'.
1711972525918	addons.xpi	ERROR	System addon update list error SyntaxError: XMLHttpRequest.open: 'http://%(server)s/dummy-system-addons.xml' is not a valid URL.
1711972552746	Marionette	INFO	Stopped listening on port 59410
Dynamically enable window occlusion 1
!!! error running onStopped callback: TypeError: callback is not a function
