1712230723246	geckodriver	INFO	Listening on 127.0.0.1:55627
1712230726361	mozrunner::runner	INFO	Running command: "C:\\Program Files\\Mozilla Firefox\\firefox.exe" "--marionette" "--remote-debugging-port" "55628" "--remote-allow-hosts" "localhost" "-no-remote" "-profile" "C:\\Users\\MARYAM~1.KHA\\AppData\\Local\\Temp\\rust_mozprofileMDpo73"
console.warn: services.settings: Ignoring preference override of remote settings server
console.warn: services.settings: Allow by setting MOZ_REMOTE_SETTINGS_DEVTOOLS=1 in the environment
[GFX1]: Potential driver version mismatch ignored due to missing DLLs igd10umd64 v= and igd10iumd64 v=
1712230727250	Marionette	INFO	Marionette enabled
Dynamically enable window occlusion 0
1712230727518	Marionette	INFO	Listening on port 55639
WebDriver BiDi listening on ws://127.0.0.1:55628
Read port: 55639
[GFX1]: Potential driver version mismatch ignored due to missing DLLs igd10umd64 v= and igd10iumd64 v=
1712230727895	RemoteAgent	WARN	TLS certificate errors will be ignored for this session
[GFX1-]: Failed to get D3D11VideoDevice: 0x80004002
[GFX1-]: Handling webrender error 5
DevTools listening on ws://127.0.0.1:55628/devtools/browser/fd1ecc2a-ac32-40b3-8fb2-ef995b2a7e24
console.warn: LoginRecipes: "Falling back to a synchronous message for: https://yopmail.com."
1712230735313	Marionette	WARN	Ignoring event 'DOMContentLoaded' because document has an invalid readyState of 'complete'.
1712230737159	Marionette	INFO	Stopped listening on port 55639
JavaScript warning: https://yopmail.com/ver/9.2/webmail.js, line 1: Script terminated by timeout at:
shownoinb/<@https://yopmail.com/ver/9.2/webmail.js:1:12892

Dynamically enable window occlusion 1
