1712657607412	geckodriver	INFO	Listening on 127.0.0.1:58876
1712657610540	mozrunner::runner	INFO	Running command: "C:\\Program Files\\Mozilla Firefox\\firefox.exe" "--marionette" "--remote-debugging-port" "58877" "--remote-allow-hosts" "localhost" "-no-remote" "-profile" "C:\\Users\\MARYAM~1.KHA\\AppData\\Local\\Temp\\rust_mozprofiley0KMAe"
console.warn: services.settings: Ignoring preference override of remote settings server
console.warn: services.settings: Allow by setting MOZ_REMOTE_SETTINGS_DEVTOOLS=1 in the environment
[GFX1]: Potential driver version mismatch ignored due to missing DLLs igd10umd64 v= and igd10iumd64 v=
1712657612525	Marionette	INFO	Marionette enabled
Dynamically enable window occlusion 0
1712657612846	Marionette	INFO	Listening on port 58887
WebDriver BiDi listening on ws://127.0.0.1:58877
Read port: 58887
[GFX1]: Potential driver version mismatch ignored due to missing DLLs igd10umd64 v= and igd10iumd64 v=
1712657613263	RemoteAgent	WARN	TLS certificate errors will be ignored for this session
[GFX1-]: Failed to get D3D11VideoDevice: 0x80004002
[GFX1-]: Handling webrender error 5
DevTools listening on ws://127.0.0.1:58877/devtools/browser/1750034f-1cfe-436b-ab30-502047d1eb73
JavaScript warning: https://pagead2.googlesyndication.com/bg/APV3dACaA-z2K_GiiKi9AtRZMcv8tkt2uQCJ7vSl1g4.js line 2 > eval line 150 > eval line 1 > eval line 1 > eval, line 1: WEBGL_debug_renderer_info is deprecated in Firefox and will be removed. Please use RENDERER.
JavaScript warning: https://pagead2.googlesyndication.com/pagead/managed/js/adsense/m202404040101/slotcar_library_fy2021.js?bust=31082505, line 127: Script terminated by timeout at:
ri/<@https://pagead2.googlesyndication.com/pagead/managed/js/adsense/m202404040101/slotcar_library_fy2021.js?bust=31082505:127:389
Ad/</<@https://pagead2.googlesyndication.com/pagead/managed/js/adsense/m202404040101/slotcar_library_fy2021.js?bust=31082505:33:292
zd@https://pagead2.googlesyndication.com/pagead/managed/js/adsense/m202404040101/slotcar_library_fy2021.js?bust=31082505:33:92
Ad/<@https://pagead2.googlesyndication.com/pagead/managed/js/adsense/m202404040101/slotcar_library_fy2021.js?bust=31082505:33:281

1712657627537	Marionette	INFO	Stopped listening on port 58887
Dynamically enable window occlusion 1
JavaScript error: , line 0: TypeError: NetworkError when attempting to fetch resource.
JavaScript error: , line 0: TypeError: NetworkError when attempting to fetch resource.
JavaScript error: , line 0: TypeError: NetworkError when attempting to fetch resource.
