1713047583586	geckodriver	INFO	Listening on 127.0.0.1:58143
1713047586673	mozrunner::runner	INFO	Running command: "C:\\Program Files\\Mozilla Firefox\\firefox.exe" "--marionette" "--remote-debugging-port" "58144" "--remote-allow-hosts" "localhost" "-no-remote" "-profile" "C:\\Users\\MARYAM~1.KHA\\AppData\\Local\\Temp\\rust_mozprofileri3eHE"
console.warn: services.settings: Ignoring preference override of remote settings server
console.warn: services.settings: Allow by setting MOZ_REMOTE_SETTINGS_DEVTOOLS=1 in the environment
[GFX1]: Potential driver version mismatch ignored due to missing DLLs igd10umd64 v= and igd10iumd64 v=
1713047587355	Marionette	INFO	Marionette enabled
Dynamically enable window occlusion 0
1713047587535	Marionette	INFO	Listening on port 58174
WebDriver BiDi listening on ws://127.0.0.1:58144
Read port: 58174
[GFX1]: Potential driver version mismatch ignored due to missing DLLs igd10umd64 v= and igd10iumd64 v=
1713047587833	RemoteAgent	WARN	TLS certificate errors will be ignored for this session
[GFX1-]: Failed to get D3D11VideoDevice: 0x80004002
[GFX1-]: Handling webrender error 5
DevTools listening on ws://127.0.0.1:58144/devtools/browser/b565279e-4b68-47c5-8864-55baa798ae12
console.warn: LoginRecipes: "Falling back to a synchronous message for: https://yopmail.com."
JavaScript warning: https://pagead2.googlesyndication.com/pagead/managed/js/activeview/current/ufs_web_display.js, line 48: Script terminated by timeout at:
get@https://pagead2.googlesyndication.com/pagead/managed/js/activeview/current/ufs_web_display.js:48:88
h@https://pagead2.googlesyndication.com/pagead/managed/js/activeview/current/ufs_web_display.js:258:1915
Ko/</m</<@https://pagead2.googlesyndication.com/pagead/managed/js/activeview/current/ufs_web_display.js:258:2214
n.next@https://pagead2.googlesyndication.com/pagead/managed/js/activeview/current/ufs_web_display.js:81:424
n.s@https://pagead2.googlesyndication.com/pagead/managed/js/activeview/current/ufs_web_display.js:80:223
n.next@https://pagead2.googlesyndication.com/pagead/managed/js/activeview/current/ufs_web_display.js:79:899
rg.prototype.s@https://pagead2.googlesyndication.com/pagead/managed/js/activeview/current/ufs_web_display.js:119:115
n.next@https://pagead2.googlesyndication.com/pagead/managed/js/activeview/current/ufs_web_display.js:79:899
n.s@https://pagead2.googlesyndication.com/pagead/managed/js/activeview/current/ufs_web_display.js:80:223
n.next@https://pagead2.googlesyndication.com/pagead/managed/js/activeview/current/ufs_web_display.js:79:899
sd.prototype.s@https://pagead2.googlesyndication.com/pagead/managed/js/activeview/current/ufs_web_display.js:90:698
n.next@https://pagead2.googlesyndication.com/pagead/managed/js/activeview/current/ufs_web_display.js:79:899
yf.prototype.s@https://pagead2.googlesyndication.com/pagead/managed/js/activeview/current/ufs_web_display.js:111:248
n.next@https://pagead2.googlesyndication.com/pagead/managed/js/activeview/current/ufs_web_display.js:79:899
lg.prototype.Ga@https://pagead2.googlesyndication.com/pagead/managed/js/activeview/current/ufs_web_display.js:118:238
Dd.prototype.s@https://pagead2.googlesyndication.com/pagead/managed/js/activeview/current/ufs_web_display.js:92:1027
n.next@https://pagead2.googlesyndication.com/pagead/managed/js/activeview/current/ufs_web_display.js:79:899
Ai/c/</</<@https://pagead2.googlesyndication.com/pagead/managed/js/activeview/current/ufs_web_display.js:156:320
Va@https://pagead2.googlesyndication.com/pagead/managed/js/activeview/current/ufs_web_display.js:47:339
Sa.prototype.flush@https://pagead2.googlesyndication.com/pagead/managed/js/activeview/current/ufs_web_display.js:47:127
Ua@https://pagead2.googlesyndication.com/pagead/managed/js/activeview/current/ufs_web_display.js:46:466
Ai/c/</<@https://pagead2.googlesyndication.com/pagead/managed/js/activeview/current/ufs_web_display.js:156:292
n.next@https://pagead2.googlesyndication.com/pagead/managed/js/activeview/current/ufs_web_display.js:81:424
n.s@https://pagead2.googlesyndication.com/pagead/managed/js/activeview/current/ufs_web_display.js:80:223
n.next@https://pagead2.googlesyndication.com/pagead/managed/js/activeview/current/ufs_web_display.js:79:899
Ah/</</</<@https://pagead2.googlesyndication.com/pagead/managed/js/activeview/current/ufs_web_display.js:139:516
Ra.prototype.bc/<@https://pagead2.googlesyndication.com/pagead/managed/js/activeview/current/ufs_web_display.js:46:298
Ah/</</<@https://pagead2.googlesyndication.com/pagead/managed/js/activeview/current/ufs_web_display.js:139:525
n.next@https://pagead2.googlesyndication.com/pagead/managed/js/activeview/current/ufs_web_display.js:81:424
n.s@https://pagead2.googlesyndication.com/pagead/managed/js/activeview/current/ufs_web_display.js:80:223
n.next@https://pagead2.googlesyndication.com/pagead/managed/js/activeview/current/ufs_web_display.js:79:899
Ah/</</</<@https://pagead2.googlesyndication.com/pagead/managed/js/activeview/current/ufs_web_display.js:139:516
Ra.prototype.bc/<@https://pagead2.googlesyndication.com/pagead/managed/js/activeview/current/ufs_web_display.js:46:298
Ah/</</<@https://pagead2.googlesyndication.com/pagead/managed/js/activeview/current/ufs_web_display.js:139:525
n.next@https://pagead2.googlesyndication.com/pagead/managed/js/activeview/current/ufs_web_display.js:81:424
n.s@https://pagead2.googlesyndication.com/pagead/managed/js/activeview/current/ufs_web_display.js:80:223
n.next@https://pagead2.googlesyndication.com/pagead/managed/js/activeview/current/ufs_web_display.js:79:899
Xd/</<@https://pagead2.googlesyndication.com/pagead/managed/js/activeview/current/ufs_web_display.js:98:672

JavaScript error: , line 0: TypeError: NetworkError when attempting to fetch resource.
1713047596177	Marionette	WARN	Ignoring event 'DOMContentLoaded' because document has an invalid readyState of 'complete'.
1713047597622	Marionette	INFO	Stopped listening on port 58174
Dynamically enable window occlusion 1
