1711983655171	geckodriver	INFO	Listening on 127.0.0.1:63871
1711983658250	mozrunner::runner	INFO	Running command: "C:\\Program Files\\Mozilla Firefox\\firefox.exe" "--marionette" "--remote-debugging-port" "63872" "--remote-allow-hosts" "localhost" "-no-remote" "-profile" "C:\\Users\\MARYAM~1.KHA\\AppData\\Local\\Temp\\rust_mozprofileWTOSjv"
console.warn: services.settings: Ignoring preference override of remote settings server
console.warn: services.settings: Allow by setting MOZ_REMOTE_SETTINGS_DEVTOOLS=1 in the environment
[GFX1]: Potential driver version mismatch ignored due to missing DLLs igd10umd64 v= and igd10iumd64 v=
1711983658866	Marionette	INFO	Marionette enabled
Dynamically enable window occlusion 0
1711983658986	Marionette	INFO	Listening on port 63884
WebDriver BiDi listening on ws://127.0.0.1:63872
[GFX1]: Potential driver version mismatch ignored due to missing DLLs igd10umd64 v= and igd10iumd64 v=
Read port: 63884
1711983659214	RemoteAgent	WARN	TLS certificate errors will be ignored for this session
[GFX1-]: Failed to get D3D11VideoDevice: 0x80004002
[GFX1-]: Handling webrender error 5
DevTools listening on ws://127.0.0.1:63872/devtools/browser/06134ddb-dc42-4585-9521-b2d5599bbba6
console.warn: LoginRecipes: "Falling back to a synchronous message for: https://yopmail.com."
1711983664362	Marionette	WARN	Ignoring event 'DOMContentLoaded' because document has an invalid readyState of 'complete'.
1711983691180	addons.xpi	ERROR	System addon update list error SyntaxError: XMLHttpRequest.open: 'http://%(server)s/dummy-system-addons.xml' is not a valid URL.
1711983705279	Marionette	INFO	Stopped listening on port 63884
Dynamically enable window occlusion 1
!!! error running onStopped callback: TypeError: callback is not a function
