1712242552340	geckodriver	INFO	Listening on 127.0.0.1:61708
1712242555449	mozrunner::runner	INFO	Running command: "C:\\Program Files\\Mozilla Firefox\\firefox.exe" "--marionette" "--remote-debugging-port" "61709" "--remote-allow-hosts" "localhost" "-no-remote" "-profile" "C:\\Users\\MARYAM~1.KHA\\AppData\\Local\\Temp\\rust_mozprofilecGt2U3"
console.warn: services.settings: Ignoring preference override of remote settings server
console.warn: services.settings: Allow by setting MOZ_REMOTE_SETTINGS_DEVTOOLS=1 in the environment
[GFX1]: Potential driver version mismatch ignored due to missing DLLs igd10umd64 v= and igd10iumd64 v=
1712242556020	Marionette	INFO	Marionette enabled
Dynamically enable window occlusion 0
1712242556163	Marionette	INFO	Listening on port 61724
WebDriver BiDi listening on ws://127.0.0.1:61709
[GFX1]: Potential driver version mismatch ignored due to missing DLLs igd10umd64 v= and igd10iumd64 v=
Read port: 61724
1712242556441	RemoteAgent	WARN	TLS certificate errors will be ignored for this session
[GFX1-]: Failed to get D3D11VideoDevice: 0x80004002
[GFX1-]: Handling webrender error 5
DevTools listening on ws://127.0.0.1:61709/devtools/browser/2ed15367-548d-4d30-8d7f-f0db55ccc9d6
JavaScript warning: https://pagead2.googlesyndication.com/bg/lZwT5MDPk6mHH0d718Xq1CSWnyB5RlnRDuidgb8WVjQ.js line 2 > eval line 6965 > eval line 1 > eval line 1 > eval, line 1: WEBGL_debug_renderer_info is deprecated in Firefox and will be removed. Please use RENDERER.
JavaScript warning: https://pagead2.googlesyndication.com/bg/8IdVU_5hiTnoSVFpifzETCOPuU7V9vAnpxqXHqRkotI.js line 2 > eval line 1855 > eval line 1 > eval line 1 > eval, line 1: WEBGL_debug_renderer_info is deprecated in Firefox and will be removed. Please use RENDERER.
1712242567192	Marionette	INFO	Stopped listening on port 61724
Dynamically enable window occlusion 1
Exiting due to channel error.
[GFX1-]: CompositorBridgeChild receives IPC close with reason=AbnormalShutdown
