1713191018057	geckodriver	INFO	Listening on 127.0.0.1:59544
1713191021184	mozrunner::runner	INFO	Running command: "C:\\Program Files\\Mozilla Firefox\\firefox.exe" "--marionette" "--remote-debugging-port" "59545" "--remote-allow-hosts" "localhost" "-no-remote" "-profile" "C:\\Users\\MARYAM~1.KHA\\AppData\\Local\\Temp\\rust_mozprofile2nBW2D"
console.warn: services.settings: Ignoring preference override of remote settings server
console.warn: services.settings: Allow by setting MOZ_REMOTE_SETTINGS_DEVTOOLS=1 in the environment
[GFX1]: Potential driver version mismatch ignored due to missing DLLs igd10umd64 v= and igd10iumd64 v=
1713191022186	Marionette	INFO	Marionette enabled
Dynamically enable window occlusion 0
1713191022389	Marionette	INFO	Listening on port 59561
Read port: 59561
WebDriver BiDi listening on ws://127.0.0.1:59545
[GFX1]: Potential driver version mismatch ignored due to missing DLLs igd10umd64 v= and igd10iumd64 v=
1713191022552	RemoteAgent	WARN	TLS certificate errors will be ignored for this session
[GFX1-]: Failed to get D3D11VideoDevice: 0x80004002
[GFX1-]: Handling webrender error 5
DevTools listening on ws://127.0.0.1:59545/devtools/browser/08d3feb2-a086-4099-be70-3b19f6cc96f1
console.warn: LoginRecipes: "Falling back to a synchronous message for: https://yopmail.com."
1713191029936	Marionette	WARN	Ignoring event 'DOMContentLoaded' because document has an invalid readyState of 'complete'.
1713191032916	Marionette	INFO	Stopped listening on port 59561
JavaScript warning: https://pagead2.googlesyndication.com/pagead/managed/js/adsense/m202404080101/show_ads_impl_fy2021.js, line 555: Script terminated by timeout at:
kP/<@https://pagead2.googlesyndication.com/pagead/managed/js/adsense/m202404080101/show_ads_impl_fy2021.js:555:94

JavaScript warning: https://pagead2.googlesyndication.com/pagead/managed/js/activeview/current/ufs_web_display.js, line 14: Script terminated by timeout at:
x@https://pagead2.googlesyndication.com/pagead/managed/js/activeview/current/ufs_web_display.js:14:248
Ra.prototype.bc/<@https://pagead2.googlesyndication.com/pagead/managed/js/activeview/current/ufs_web_display.js:46:263

Dynamically enable window occlusion 1
JavaScript error: , line 0: TypeError: NetworkError when attempting to fetch resource.
JavaScript error: , line 0: TypeError: NetworkError when attempting to fetch resource.
