1712923735103	geckodriver	INFO	Listening on 127.0.0.1:61755
1712923738201	mozrunner::runner	INFO	Running command: "C:\\Program Files\\Mozilla Firefox\\firefox.exe" "--marionette" "--remote-debugging-port" "61756" "--remote-allow-hosts" "localhost" "-no-remote" "-profile" "C:\\Users\\MARYAM~1.KHA\\AppData\\Local\\Temp\\rust_mozprofileUO4ASy"
console.warn: services.settings: Ignoring preference override of remote settings server
console.warn: services.settings: Allow by setting MOZ_REMOTE_SETTINGS_DEVTOOLS=1 in the environment
[GFX1]: Potential driver version mismatch ignored due to missing DLLs igd10umd64 v= and igd10iumd64 v=
1712923738887	Marionette	INFO	Marionette enabled
Dynamically enable window occlusion 0
1712923739026	Marionette	INFO	Listening on port 61772
WebDriver BiDi listening on ws://127.0.0.1:61756
[GFX1]: Potential driver version mismatch ignored due to missing DLLs igd10umd64 v= and igd10iumd64 v=
Read port: 61772
1712923739280	RemoteAgent	WARN	TLS certificate errors will be ignored for this session
[GFX1-]: Failed to get D3D11VideoDevice: 0x80004002
[GFX1-]: Handling webrender error 5
DevTools listening on ws://127.0.0.1:61756/devtools/browser/278ef8ce-0b5f-406c-a30b-06f9fc1b153f
console.warn: LoginRecipes: "Falling back to a synchronous message for: https://yopmail.com."
1712923748402	Marionette	WARN	Ignoring event 'DOMContentLoaded' because document has an invalid readyState of 'complete'.
1712923752190	Marionette	INFO	Stopped listening on port 61772
JavaScript warning: https://pagead2.googlesyndication.com/bg/9ZfChOpXbHBNFJKz_5-oXUVoR1FZPZjvM4uQ47JL5hk.js line 2 > eval, line 2746: Script terminated by timeout at:
@https://pagead2.googlesyndication.com/bg/9ZfChOpXbHBNFJKz_5-oXUVoR1FZPZjvM4uQ47JL5hk.js line 2 > eval:2746:30398
mk@https://pagead2.googlesyndication.com/bg/9ZfChOpXbHBNFJKz_5-oXUVoR1FZPZjvM4uQ47JL5hk.js line 2 > eval:2746:33212
A.j</<@https://pagead2.googlesyndication.com/bg/9ZfChOpXbHBNFJKz_5-oXUVoR1FZPZjvM4uQ47JL5hk.js line 2 > eval:2746:50661
eV@https://pagead2.googlesyndication.com/bg/9ZfChOpXbHBNFJKz_5-oXUVoR1FZPZjvM4uQ47JL5hk.js line 2 > eval:2746:34386
D0@https://pagead2.googlesyndication.com/bg/9ZfChOpXbHBNFJKz_5-oXUVoR1FZPZjvM4uQ47JL5hk.js line 2 > eval:2746:2368
d@https://pagead2.googlesyndication.com/bg/9ZfChOpXbHBNFJKz_5-oXUVoR1FZPZjvM4uQ47JL5hk.js line 2 > eval:2746:889
nU@https://pagead2.googlesyndication.com/bg/9ZfChOpXbHBNFJKz_5-oXUVoR1FZPZjvM4uQ47JL5hk.js line 2 > eval:2746:26608
V@https://pagead2.googlesyndication.com/bg/9ZfChOpXbHBNFJKz_5-oXUVoR1FZPZjvM4uQ47JL5hk.js line 2 > eval:2746:20528
MJ.Pwj_@https://pagead2.googlesyndication.com/bg/9ZfChOpXbHBNFJKz_5-oXUVoR1FZPZjvM4uQ47JL5hk.js line 2 > eval:2746:51604
CU@https://pagead2.googlesyndication.com/bg/9ZfChOpXbHBNFJKz_5-oXUVoR1FZPZjvM4uQ47JL5hk.js line 2 > eval:2746:17813
w2@https://pagead2.googlesyndication.com/bg/9ZfChOpXbHBNFJKz_5-oXUVoR1FZPZjvM4uQ47JL5hk.js line 2 > eval:2746:20116
D0@https://pagead2.googlesyndication.com/bg/9ZfChOpXbHBNFJKz_5-oXUVoR1FZPZjvM4uQ47JL5hk.js line 2 > eval:2746:2667
YR@https://pagead2.googlesyndication.com/bg/9ZfChOpXbHBNFJKz_5-oXUVoR1FZPZjvM4uQ47JL5hk.js line 2 > eval:2746:19994
za/<@https://pagead2.googlesyndication.com/pagead/ads?ltd_cs=1&client=ca-pub-5609129721109980&output=html&h=600&slotname=3376403308&adk=23981695&adf=846764848&pi=t.ma~as.3376403308&w=300&lmt=1712923752&rafmt=12&format=300x600&url=https%3A%2F%2Fyopmail.com%2Ffr%2Fnomail&fwrattr=false&wgl=1&dt=1712923749118&bpp=1&bdt=180&idt=355&shv=r20240410&mjsv=m202404040101&ptt=9&saldr=aa&eoidce=1&prev_fmts=0x0&nras=1&correlator=7982331867808&frm=21&ife=1&pv=1&ga_vid=11029087.1712923749&ga_sid=1712923749&ga_hid=560888569&ga_fc=0&nhd=1&u_tz=0&u_his=2&u_h=720&u_w=1280&u_ah=672&u_aw=1280&u_cd=24&u_sd=1.5&adx=908&ady=161&biw=1280&bih=587&isw=926&ish=431&ifk=240403836&scr_x=0&scr_y=0&eid=44759876%2C44759927%2C44759842%2C31082653%2C42531706%2C44798934%2C95329440%2C95330161%2C31082588%2C95322183%2C31081718%2C95321868&oid=2&pvsid=993377726955836&tmod=1874119014&uas=0&nvt=1&ref=https%3A%2F%2Fyopmail.com%2Ffr%2F&top=https%3A%2F%2Fyopmail.com%2Ffr%2Fwm&fc=1920&brdim=-7%2C-7%2C-7%2C-7%2C1280%2C0%2C1295%2C687%2C926%2C431&vis=1&rsz=%7C%7CeE%7C&abl=CS&pfx=0&fu=260&bc=31&bz=1.01&ifi=2&uci=2.h3zw1s1x6ox2&fsb=1&dtd=378:1:56287
Ea@https://pagead2.googlesyndication.com/pagead/ads?ltd_cs=1&client=ca-pub-5609129721109980&output=html&h=600&slotname=3376403308&adk=23981695&adf=846764848&pi=t.ma~as.3376403308&w=300&lmt=1712923752&rafmt=12&format=300x600&url=https%3A%2F%2Fyopmail.com%2Ffr%2Fnomail&fwrattr=false&wgl=1&dt=1712923749118&bpp=1&bdt=180&idt=355&shv=r20240410&mjsv=m202404040101&ptt=9&saldr=aa&eoidce=1&prev_fmts=0x0&nras=1&correlator=7982331867808&frm=21&ife=1&pv=1&ga_vid=11029087.1712923749&ga_sid=1712923749&ga_hid=560888569&ga_fc=0&nhd=1&u_tz=0&u_his=2&u_h=720&u_w=1280&u_ah=672&u_aw=1280&u_cd=24&u_sd=1.5&adx=908&ady=161&biw=1280&bih=587&isw=926&ish=431&ifk=240403836&scr_x=0&scr_y=0&eid=44759876%2C44759927%2C44759842%2C31082653%2C42531706%2C44798934%2C95329440%2C95330161%2C31082588%2C95322183%2C31081718%2C95321868&oid=2&pvsid=993377726955836&tmod=1874119014&uas=0&nvt=1&ref=https%3A%2F%2Fyopmail.com%2Ffr%2F&top=https%3A%2F%2Fyopmail.com%2Ffr%2Fwm&fc=1920&brdim=-7%2C-7%2C-7%2C-7%2C1280%2C0%2C1295%2C687%2C926%2C431&vis=1&rsz=%7C%7CeE%7C&abl=CS&pfx=0&fu=260&bc=31&bz=1.01&ifi=2&uci=2.h3zw1s1x6ox2&fsb=1&dtd=378:1:56468
za@https://pagead2.googlesyndication.com/pagead/ads?ltd_cs=1&client=ca-pub-5609129721109980&output=html&h=600&slotname=3376403308&adk=23981695&adf=846764848&pi=t.ma~as.3376403308&w=300&lmt=1712923752&rafmt=12&format=300x600&url=https%3A%2F%2Fyopmail.com%2Ffr%2Fnomail&fwrattr=false&wgl=1&dt=1712923749118&bpp=1&bdt=180&idt=355&shv=r20240410&mjsv=m202404040101&ptt=9&saldr=aa&eoidce=1&prev_fmts=0x0&nras=1&correlator=7982331867808&frm=21&ife=1&pv=1&ga_vid=11029087.1712923749&ga_sid=1712923749&ga_hid=560888569&ga_fc=0&nhd=1&u_tz=0&u_his=2&u_h=720&u_w=1280&u_ah=672&u_aw=1280&u_cd=24&u_sd=1.5&adx=908&ady=161&biw=1280&bih=587&isw=926&ish=431&ifk=240403836&scr_x=0&scr_y=0&eid=44759876%2C44759927%2C44759842%2C31082653%2C42531706%2C44798934%2C95329440%2C95330161%2C31082588%2C95322183%2C31081718%2C95321868&oid=2&pvsid=993377726955836&tmod=1874119014&uas=0&nvt=1&ref=https%3A%2F%2Fyopmail.com%2Ffr%2F&top=https%3A%2F%2Fyopmail.com%2Ffr%2Fwm&fc=1920&brdim=-7%2C-7%2C-7%2C-7%2C1280%2C0%2C1295%2C687%2C926%2C431&vis=1&rsz=%7C%7CeE%7C&abl=CS&pfx=0&fu=260&bc=31&bz=1.01&ifi=2&uci=2.h3zw1s1x6ox2&fsb=1&dtd=378:1:56277

Dynamically enable window occlusion 1
JavaScript error: , line 0: TypeError: NetworkError when attempting to fetch resource.
JavaScript error: , line 0: TypeError: NetworkError when attempting to fetch resource.
