1712775515119	geckodriver	INFO	Listening on 127.0.0.1:62537
1712775518146	mozrunner::runner	INFO	Running command: "C:\\Program Files\\Mozilla Firefox\\firefox.exe" "--marionette" "--remote-debugging-port" "62538" "--remote-allow-hosts" "localhost" "-no-remote" "-profile" "C:\\Users\\MARYAM~1.KHA\\AppData\\Local\\Temp\\rust_mozprofile6Z6uSk"
console.warn: services.settings: Ignoring preference override of remote settings server
console.warn: services.settings: Allow by setting MOZ_REMOTE_SETTINGS_DEVTOOLS=1 in the environment
[GFX1]: Potential driver version mismatch ignored due to missing DLLs igd10umd64 v= and igd10iumd64 v=
1712775518860	Marionette	INFO	Marionette enabled
Dynamically enable window occlusion 0
1712775519016	Marionette	INFO	Listening on port 62545
WebDriver BiDi listening on ws://127.0.0.1:62538
Read port: 62545
[GFX1]: Potential driver version mismatch ignored due to missing DLLs igd10umd64 v= and igd10iumd64 v=
1712775519267	RemoteAgent	WARN	TLS certificate errors will be ignored for this session
[GFX1-]: Failed to get D3D11VideoDevice: 0x80004002
[GFX1-]: Handling webrender error 5
DevTools listening on ws://127.0.0.1:62538/devtools/browser/20cd0905-eca0-46f4-ac53-c65bec9151f0
JavaScript warning: https://pagead2.googlesyndication.com/pagead/managed/js/adsense/m202404040101/slotcar_library_fy2021.js?bust=31082505, line 127: Script terminated by timeout at:
ri/<@https://pagead2.googlesyndication.com/pagead/managed/js/adsense/m202404040101/slotcar_library_fy2021.js?bust=31082505:127:389
Ad/</<@https://pagead2.googlesyndication.com/pagead/managed/js/adsense/m202404040101/slotcar_library_fy2021.js?bust=31082505:33:292
zd@https://pagead2.googlesyndication.com/pagead/managed/js/adsense/m202404040101/slotcar_library_fy2021.js?bust=31082505:33:92
Ad/<@https://pagead2.googlesyndication.com/pagead/managed/js/adsense/m202404040101/slotcar_library_fy2021.js?bust=31082505:33:281

1712775535265	Marionette	INFO	Stopped listening on port 62545
Dynamically enable window occlusion 1
JavaScript error: , line 0: TypeError: NetworkError when attempting to fetch resource.
