1712232506410	geckodriver	INFO	Listening on 127.0.0.1:57441
1712232509575	mozrunner::runner	INFO	Running command: "C:\\Program Files\\Mozilla Firefox\\firefox.exe" "--marionette" "--remote-debugging-port" "57442" "--remote-allow-hosts" "localhost" "-no-remote" "-profile" "C:\\Users\\MARYAM~1.KHA\\AppData\\Local\\Temp\\rust_mozprofileEhrBZC"
console.warn: services.settings: Ignoring preference override of remote settings server
console.warn: services.settings: Allow by setting MOZ_REMOTE_SETTINGS_DEVTOOLS=1 in the environment
[GFX1]: Potential driver version mismatch ignored due to missing DLLs igd10umd64 v= and igd10iumd64 v=
1712232510426	Marionette	INFO	Marionette enabled
Dynamically enable window occlusion 0
1712232510598	Marionette	INFO	Listening on port 57451
Read port: 57451
WebDriver BiDi listening on ws://127.0.0.1:57442
[GFX1]: Potential driver version mismatch ignored due to missing DLLs igd10umd64 v= and igd10iumd64 v=
1712232510829	RemoteAgent	WARN	TLS certificate errors will be ignored for this session
[GFX1-]: Failed to get D3D11VideoDevice: 0x80004002
[GFX1-]: Handling webrender error 5
DevTools listening on ws://127.0.0.1:57442/devtools/browser/16b4d2e6-e035-42ef-8312-6e9b414bcf6b
console.warn: LoginRecipes: "Falling back to a synchronous message for: https://yopmail.com."
1712232517114	Marionette	WARN	Ignoring event 'DOMContentLoaded' because document has an invalid readyState of 'complete'.
1712232518351	Marionette	INFO	Stopped listening on port 57451
JavaScript warning: https://yopmail.com/ver/9.2/webmail.js, line 1: Script terminated by timeout at:
refr/nIId<@https://yopmail.com/ver/9.2/webmail.js:1:10704

Dynamically enable window occlusion 1
