1712776236063	geckodriver	INFO	Listening on 127.0.0.1:64218
1712776239197	mozrunner::runner	INFO	Running command: "C:\\Program Files\\Mozilla Firefox\\firefox.exe" "--marionette" "--remote-debugging-port" "64219" "--remote-allow-hosts" "localhost" "-no-remote" "-profile" "C:\\Users\\MARYAM~1.KHA\\AppData\\Local\\Temp\\rust_mozprofileIklWa2"
console.warn: services.settings: Ignoring preference override of remote settings server
console.warn: services.settings: Allow by setting MOZ_REMOTE_SETTINGS_DEVTOOLS=1 in the environment
[GFX1]: Potential driver version mismatch ignored due to missing DLLs igd10umd64 v= and igd10iumd64 v=
1712776240088	Marionette	INFO	Marionette enabled
Dynamically enable window occlusion 0
1712776240257	Marionette	INFO	Listening on port 64230
WebDriver BiDi listening on ws://127.0.0.1:64219
[GFX1]: Potential driver version mismatch ignored due to missing DLLs igd10umd64 v= and igd10iumd64 v=
Read port: 64230
1712776240533	RemoteAgent	WARN	TLS certificate errors will be ignored for this session
[GFX1-]: Failed to get D3D11VideoDevice: 0x80004002
[GFX1-]: Handling webrender error 5
DevTools listening on ws://127.0.0.1:64219/devtools/browser/46f839c0-4d84-45b1-af87-63798bd7d252
JavaScript warning: https://pagead2.googlesyndication.com/bg/L0LConaBzCc577BZGNgzP3bg87fF5vhB9-a07M4Tw6o.js line 2 > eval line 7658 > eval line 1 > eval line 1 > eval, line 1: WEBGL_debug_renderer_info is deprecated in Firefox and will be removed. Please use RENDERER.
1712776270303	addons.xpi	ERROR	System addon update list error SyntaxError: XMLHttpRequest.open: 'http://%(server)s/dummy-system-addons.xml' is not a valid URL.
JavaScript warning: https://pagead2.googlesyndication.com/pagead/managed/js/adsense/m202404030101/slotcar_library_fy2021.js, line 126: Script terminated by timeout at:
ri/<@https://pagead2.googlesyndication.com/pagead/managed/js/adsense/m202404030101/slotcar_library_fy2021.js:126:389
Ad/</<@https://pagead2.googlesyndication.com/pagead/managed/js/adsense/m202404030101/slotcar_library_fy2021.js:33:292
zd@https://pagead2.googlesyndication.com/pagead/managed/js/adsense/m202404030101/slotcar_library_fy2021.js:33:92
Ad/<@https://pagead2.googlesyndication.com/pagead/managed/js/adsense/m202404030101/slotcar_library_fy2021.js:33:281

1712776286637	Marionette	INFO	Stopped listening on port 64230
Dynamically enable window occlusion 1
JavaScript error: , line 0: TypeError: NetworkError when attempting to fetch resource.
JavaScript error: , line 0: TypeError: NetworkError when attempting to fetch resource.
