1712921486576	geckodriver	INFO	Listening on 127.0.0.1:58609
1712921489765	mozrunner::runner	INFO	Running command: "C:\\Program Files\\Mozilla Firefox\\firefox.exe" "--marionette" "--remote-debugging-port" "58610" "--remote-allow-hosts" "localhost" "-no-remote" "-profile" "C:\\Users\\MARYAM~1.KHA\\AppData\\Local\\Temp\\rust_mozprofile3IuRPM"
console.warn: services.settings: Ignoring preference override of remote settings server
console.warn: services.settings: Allow by setting MOZ_REMOTE_SETTINGS_DEVTOOLS=1 in the environment
[GFX1]: Potential driver version mismatch ignored due to missing DLLs igd10umd64 v= and igd10iumd64 v=
1712921490564	Marionette	INFO	Marionette enabled
Dynamically enable window occlusion 0
1712921490711	Marionette	INFO	Listening on port 58617
WebDriver BiDi listening on ws://127.0.0.1:58610
[GFX1]: Potential driver version mismatch ignored due to missing DLLs igd10umd64 v= and igd10iumd64 v=
Read port: 58617
1712921490997	RemoteAgent	WARN	TLS certificate errors will be ignored for this session
[GFX1-]: Failed to get D3D11VideoDevice: 0x80004002
[GFX1-]: Handling webrender error 5
DevTools listening on ws://127.0.0.1:58610/devtools/browser/78cc0c44-ed04-47ed-95d8-7b5b2f69827c
JavaScript warning: https://pagead2.googlesyndication.com/pagead/js/rum.js?fcd=true, line 75: Script terminated by timeout at:
U@https://pagead2.googlesyndication.com/pagead/js/rum.js?fcd=true:75:350
tf.prototype.sendBeacon@https://pagead2.googlesyndication.com/pagead/js/rum.js?fcd=true:78:176
uf@https://pagead2.googlesyndication.com/pagead/js/rum.js?fcd=true:76:306
tf/this.T@https://pagead2.googlesyndication.com/pagead/js/rum.js?fcd=true:74:33

1712921506840	Marionette	INFO	Stopped listening on port 58617
Dynamically enable window occlusion 1
JavaScript error: , line 0: TypeError: NetworkError when attempting to fetch resource.
JavaScript error: , line 0: TypeError: NetworkError when attempting to fetch resource.
[GFX1-]: CompositorBridgeChild receives IPC close with reason=AbnormalShutdown
