1712232595664	geckodriver	INFO	Listening on 127.0.0.1:65463
1712232598855	mozrunner::runner	INFO	Running command: "C:\\Program Files\\Mozilla Firefox\\firefox.exe" "--marionette" "--remote-debugging-port" "65464" "--remote-allow-hosts" "localhost" "-no-remote" "-profile" "C:\\Users\\MARYAM~1.KHA\\AppData\\Local\\Temp\\rust_mozprofileEuoqEH"
console.warn: services.settings: Ignoring preference override of remote settings server
console.warn: services.settings: Allow by setting MOZ_REMOTE_SETTINGS_DEVTOOLS=1 in the environment
[GFX1]: Potential driver version mismatch ignored due to missing DLLs igd10umd64 v= and igd10iumd64 v=
1712232600086	Marionette	INFO	Marionette enabled
Dynamically enable window occlusion 0
1712232600305	Marionette	INFO	Listening on port 65474
Read port: 65474
WebDriver BiDi listening on ws://127.0.0.1:65464
[GFX1]: Potential driver version mismatch ignored due to missing DLLs igd10umd64 v= and igd10iumd64 v=
1712232600428	RemoteAgent	WARN	TLS certificate errors will be ignored for this session
[GFX1-]: Failed to get D3D11VideoDevice: 0x80004002
[GFX1-]: Handling webrender error 5
DevTools listening on ws://127.0.0.1:65464/devtools/browser/843e8f8c-91fa-4e90-a270-4bb7837aaedd
console.warn: LoginRecipes: "Falling back to a synchronous message for: https://yopmail.com."
1712232606255	Marionette	WARN	Ignoring event 'DOMContentLoaded' because document has an invalid readyState of 'complete'.
1712232607626	Marionette	INFO	Stopped listening on port 65474
JavaScript warning: https://yopmail.com/ver/9.2/webmail.js, line 1: Script terminated by timeout at:
refr/nIId<@https://yopmail.com/ver/9.2/webmail.js:1:10644

Dynamically enable window occlusion 1
