1712328968125	geckodriver	INFO	Listening on 127.0.0.1:59664
1712328971195	mozrunner::runner	INFO	Running command: "C:\\Program Files\\Mozilla Firefox\\firefox.exe" "--marionette" "--remote-debugging-port" "59665" "--remote-allow-hosts" "localhost" "-no-remote" "-profile" "C:\\Users\\MARYAM~1.KHA\\AppData\\Local\\Temp\\rust_mozprofiledeO6Ib"
console.warn: services.settings: Ignoring preference override of remote settings server
console.warn: services.settings: Allow by setting MOZ_REMOTE_SETTINGS_DEVTOOLS=1 in the environment
[GFX1]: Potential driver version mismatch ignored due to missing DLLs igd10umd64 v= and igd10iumd64 v=
1712328971810	Marionette	INFO	Marionette enabled
Dynamically enable window occlusion 0
1712328971942	Marionette	INFO	Listening on port 59674
WebDriver BiDi listening on ws://127.0.0.1:59665
[GFX1]: Potential driver version mismatch ignored due to missing DLLs igd10umd64 v= and igd10iumd64 v=
Read port: 59674
1712328972172	RemoteAgent	WARN	TLS certificate errors will be ignored for this session
[GFX1-]: Failed to get D3D11VideoDevice: 0x80004002
[GFX1-]: Handling webrender error 5
DevTools listening on ws://127.0.0.1:59665/devtools/browser/0ba5864a-36cd-44dd-b405-54c482bc011a
JavaScript warning: https://pagead2.googlesyndication.com/bg/z5lzzel_gBxf23vn5owcKp-P0AN7MDAe8Cdc7D8abts.js line 2 > eval line 2471 > eval line 1 > eval line 1 > eval, line 1: WEBGL_debug_renderer_info is deprecated in Firefox and will be removed. Please use RENDERER.
JavaScript warning: https://pagead2.googlesyndication.com/bg/APV3dACaA-z2K_GiiKi9AtRZMcv8tkt2uQCJ7vSl1g4.js line 2 > eval line 5076 > eval line 1 > eval line 1 > eval, line 1: WEBGL_debug_renderer_info is deprecated in Firefox and will be removed. Please use RENDERER.
1712328983757	Marionette	INFO	Stopped listening on port 59674
Dynamically enable window occlusion 1
JavaScript error: , line 0: TypeError: NetworkError when attempting to fetch resource.
JavaScript error: , line 0: TypeError: NetworkError when attempting to fetch resource.
Exiting due to channel error.
[GFX1-]: CompositorBridgeChild receives IPC close with reason=AbnormalShutdown
[GFX1-]: CompositorBridgeChild receives IPC close with reason=Abnor