1713197848625	geckodriver	INFO	Listening on 127.0.0.1:60331
1713197851736	mozrunner::runner	INFO	Running command: "C:\\Program Files\\Mozilla Firefox\\firefox.exe" "--marionette" "--remote-debugging-port" "60332" "--remote-allow-hosts" "localhost" "-no-remote" "-profile" "C:\\Users\\MARYAM~1.KHA\\AppData\\Local\\Temp\\rust_mozprofilehAFBEN"
console.warn: services.settings: Ignoring preference override of remote settings server
console.warn: services.settings: Allow by setting MOZ_REMOTE_SETTINGS_DEVTOOLS=1 in the environment
[GFX1]: Potential driver version mismatch ignored due to missing DLLs igd10umd64 v= and igd10iumd64 v=
1713197852367	Marionette	INFO	Marionette enabled
Dynamically enable window occlusion 0
1713197852510	Marionette	INFO	Listening on port 60339
WebDriver BiDi listening on ws://127.0.0.1:60332
Read port: 60339
[GFX1]: Potential driver version mismatch ignored due to missing DLLs igd10umd64 v= and igd10iumd64 v=
1713197852750	RemoteAgent	WARN	TLS certificate errors will be ignored for this session
[GFX1-]: Failed to get D3D11VideoDevice: 0x80004002
[GFX1-]: Handling webrender error 5
DevTools listening on ws://127.0.0.1:60332/devtools/browser/9bc0e2fc-53fb-4999-8680-25166b35b941
console.warn: LoginRecipes: "Falling back to a synchronous message for: https://yopmail.com."
1713197859401	Marionette	WARN	Ignoring event 'DOMContentLoaded' because document has an invalid readyState of 'complete'.
JavaScript warning: https://pagead2.googlesyndication.com/bg/L0LConaBzCc577BZGNgzP3bg87fF5vhB9-a07M4Tw6o.js line 2 > eval line 4221 > eval line 1 > eval line 1 > eval, line 1: WEBGL_debug_renderer_info is deprecated in Firefox and will be removed. Please use RENDERER.
JavaScript warning: https://pagead2.googlesyndication.com/bg/L0LConaBzCc577BZGNgzP3bg87fF5vhB9-a07M4Tw6o.js line 2 > eval line 5356 > eval line 1 > eval line 1 > eval, line 1: WEBGL_debug_renderer_info is deprecated in Firefox and will be removed. Please use RENDERER.
JavaScript warning: https://pagead2.googlesyndication.com/bg/L0LConaBzCc577BZGNgzP3bg87fF5vhB9-a07M4Tw6o.js line 2 > eval line 3155 > eval line 1 > eval line 1 > eval, line 1: WEBGL_debug_renderer_info is deprecated in Firefox and will be removed. Please use RENDERER.
JavaScript warning: https://pagead2.googlesyndication.com/pagead/managed/js/adsense/m202404080101/slotcar_library_fy2021.js, line 127: Script terminated by timeout at:
ri/<@https://pagead2.googlesyndication.com/pagead/managed/js/adsense/m202404080101/slotcar_library_fy2021.js:127:389
Ad/</<@https://pagead2.googlesyndication.com/pagead/managed/js/adsense/m202404080101/slotcar_library_fy2021.js:33:292
zd@https://pagead2.googlesyndication.com/pagead/managed/js/adsense/m202404080101/slotcar_library_fy2021.js:33:92
Ad/<@https://pagead2.googlesyndication.com/pagead/managed/js/adsense/m202404080101/slotcar_library_fy2021.js:33:281

1713197864201	Marionette	INFO	Stopped listening on port 60339
Dynamically enable window occlusion 1
JavaScript error: , line 0: TypeError: NetworkError when attempting to fetch resource.
