1712233487982	geckodriver	INFO	Listening on 127.0.0.1:52865
1712233491078	mozrunner::runner	INFO	Running command: "C:\\Program Files\\Mozilla Firefox\\firefox.exe" "--marionette" "--remote-debugging-port" "52866" "--remote-allow-hosts" "localhost" "-no-remote" "-profile" "C:\\Users\\MARYAM~1.KHA\\AppData\\Local\\Temp\\rust_mozprofileLjPxGd"
console.warn: services.settings: Ignoring preference override of remote settings server
console.warn: services.settings: Allow by setting MOZ_REMOTE_SETTINGS_DEVTOOLS=1 in the environment
[GFX1]: Potential driver version mismatch ignored due to missing DLLs igd10umd64 v= and igd10iumd64 v=
1712233491719	Marionette	INFO	Marionette enabled
Dynamically enable window occlusion 0
1712233491890	Marionette	INFO	Listening on port 52878
Read port: 52878
WebDriver BiDi listening on ws://127.0.0.1:52866
[GFX1]: Potential driver version mismatch ignored due to missing DLLs igd10umd64 v= and igd10iumd64 v=
1712233492027	RemoteAgent	WARN	TLS certificate errors will be ignored for this session
[GFX1-]: Failed to get D3D11VideoDevice: 0x80004002
[GFX1-]: Handling webrender error 5
DevTools listening on ws://127.0.0.1:52866/devtools/browser/2eb4569f-6f88-4205-b6c6-3f7bc65336e4
console.warn: LoginRecipes: "Falling back to a synchronous message for: https://yopmail.com."
1712233497799	Marionette	WARN	Ignoring event 'DOMContentLoaded' because document has an invalid readyState of 'complete'.
1712233499048	Marionette	INFO	Stopped listening on port 52878
JavaScript warning: https://yopmail.com/ver/9.2/webmail.js, line 1: Script terminated by timeout at:
refr/nIId<@https://yopmail.com/ver/9.2/webmail.js:1:10704

Dynamically enable window occlusion 1
