1711965237878	geckodriver	INFO	Listening on 127.0.0.1:58114
1711965241002	mozrunner::runner	INFO	Running command: "C:\\Program Files\\Mozilla Firefox\\firefox.exe" "--marionette" "--remote-debugging-port" "58115" "--remote-allow-hosts" "localhost" "-no-remote" "-profile" "C:\\Users\\MARYAM~1.KHA\\AppData\\Local\\Temp\\rust_mozprofileoSQC7F"
console.warn: services.settings: Ignoring preference override of remote settings server
console.warn: services.settings: Allow by setting MOZ_REMOTE_SETTINGS_DEVTOOLS=1 in the environment
[GFX1]: Potential driver version mismatch ignored due to missing DLLs igd10umd64 v= and igd10iumd64 v=
1711965241711	Marionette	INFO	Marionette enabled
Dynamically enable window occlusion 0
1711965241921	Marionette	INFO	Listening on port 58128
WebDriver BiDi listening on ws://127.0.0.1:58115
[GFX1]: Potential driver version mismatch ignored due to missing DLLs igd10umd64 v= and igd10iumd64 v=
Read port: 58128
1711965242227	RemoteAgent	WARN	TLS certificate errors will be ignored for this session
[GFX1-]: Failed to get D3D11VideoDevice: 0x80004002
[GFX1-]: Handling webrender error 5
DevTools listening on ws://127.0.0.1:58115/devtools/browser/ef49f04e-8972-4d11-9425-b53099265c6d
1711965271770	addons.xpi	ERROR	System addon update list error SyntaxError: XMLHttpRequest.open: 'http://%(server)s/dummy-system-addons.xml' is not a valid URL.
1711965278154	Marionette	INFO	Stopped listening on port 58128
Dynamically enable window occlusion 1
console.error: services.settings: 
  main/search-config-v2 Signature failed  Error: Shutdown, aborting read-only worker requests.
console.error: services.settings: 
  Message: Error: Shutdown, aborting read-only worker requests.
  Stack:
    _abortCancelableRequests@resource://services-settings/RemoteSettingsWorker.sys.mjs:131:19
@resource://services-settings/RemoteSettingsWorker.sys.mjs:207:28
trigger@resource://gre/modules/AsyncShutdown.sys.mjs:755:23
_wait@resource://gre/modules/AsyncShutdown.sys.mjs:915:15
wait@resource://gre/modules/AsyncShutdown.sys.mjs:896:34
observe@resource://gre/modules/AsyncShutdown.sys.mjs:555:10

console.error: (new Error("Shutdown, aborting read-only worker requests.", "resource://services-settings/RemoteSettingsWorker.sys.mjs", 131))
