1712135987361	geckodriver	INFO	Listening on 127.0.0.1:57419
1712135990479	mozrunner::runner	INFO	Running command: "C:\\Program Files\\Mozilla Firefox\\firefox.exe" "--marionette" "--remote-debugging-port" "57420" "--remote-allow-hosts" "localhost" "-no-remote" "-profile" "C:\\Users\\MARYAM~1.KHA\\AppData\\Local\\Temp\\rust_mozprofile1jEOqT"
console.warn: services.settings: Ignoring preference override of remote settings server
console.warn: services.settings: Allow by setting MOZ_REMOTE_SETTINGS_DEVTOOLS=1 in the environment
[GFX1]: Potential driver version mismatch ignored due to missing DLLs igd10umd64 v= and igd10iumd64 v=
1712135991233	Marionette	INFO	Marionette enabled
Dynamically enable window occlusion 0
1712135991390	Marionette	INFO	Listening on port 57432
Read port: 57432
WebDriver BiDi listening on ws://127.0.0.1:57420
[GFX1]: Potential driver version mismatch ignored due to missing DLLs igd10umd64 v= and igd10iumd64 v=
1712135991515	RemoteAgent	WARN	TLS certificate errors will be ignored for this session
[GFX1-]: Failed to get D3D11VideoDevice: 0x80004002
[GFX1-]: Handling webrender error 5
DevTools listening on ws://127.0.0.1:57420/devtools/browser/700472da-9f01-4975-885b-634bdea3570a
console.warn: LoginRecipes: "Falling back to a synchronous message for: https://yopmail.com."
1712135997849	Marionette	WARN	Ignoring event 'DOMContentLoaded' because document has an invalid readyState of 'complete'.
1712136023804	addons.xpi	ERROR	System addon update list error SyntaxError: XMLHttpRequest.open: 'http://%(server)s/dummy-system-addons.xml' is not a valid URL.
1712136044996	Marionette	INFO	Stopped listening on port 57432
Dynamically enable window occlusion 1
