1712862077536	geckodriver	INFO	Listening on 127.0.0.1:58632
1712862080579	mozrunner::runner	INFO	Running command: "C:\\Program Files\\Mozilla Firefox\\firefox.exe" "--marionette" "--remote-debugging-port" "58633" "--remote-allow-hosts" "localhost" "-no-remote" "-profile" "C:\\Users\\MARYAM~1.KHA\\AppData\\Local\\Temp\\rust_mozprofileo5A3mD"
console.warn: services.settings: Ignoring preference override of remote settings server
console.warn: services.settings: Allow by setting MOZ_REMOTE_SETTINGS_DEVTOOLS=1 in the environment
[GFX1]: Potential driver version mismatch ignored due to missing DLLs igd10umd64 v= and igd10iumd64 v=
1712862081212	Marionette	INFO	Marionette enabled
Dynamically enable window occlusion 0
1712862081426	Marionette	INFO	Listening on port 58640
WebDriver BiDi listening on ws://127.0.0.1:58633
Read port: 58640
[GFX1]: Potential driver version mismatch ignored due to missing DLLs igd10umd64 v= and igd10iumd64 v=
1712862081792	RemoteAgent	WARN	TLS certificate errors will be ignored for this session
[GFX1-]: Failed to get D3D11VideoDevice: 0x80004002
[GFX1-]: Handling webrender error 5
DevTools listening on ws://127.0.0.1:58633/devtools/browser/142ee48f-c7a9-4d5b-932a-19c861015328
1712862111330	addons.xpi	ERROR	System addon update list error SyntaxError: XMLHttpRequest.open: 'http://%(server)s/dummy-system-addons.xml' is not a valid URL.
1712862116079	Marionette	INFO	Stopped listening on port 58640
Dynamically enable window occlusion 1
console.warn: services.settings: main/pioneer-study-addons-v1 sync interrupted by shutdown
console.error: (new Error("IndexedDB: main/search-telemetry getLastModified() IndexedDB:  execute() The application is shutting down", "resource://services-settings/IDBHelpers.sys.mjs", 16))
