1712657478243	geckodriver	INFO	Listening on 127.0.0.1:58574
1712657481403	mozrunner::runner	INFO	Running command: "C:\\Program Files\\Mozilla Firefox\\firefox.exe" "--marionette" "--remote-debugging-port" "58575" "--remote-allow-hosts" "localhost" "-no-remote" "-profile" "C:\\Users\\MARYAM~1.KHA\\AppData\\Local\\Temp\\rust_mozprofileJscDxm"
console.warn: services.settings: Ignoring preference override of remote settings server
console.warn: services.settings: Allow by setting MOZ_REMOTE_SETTINGS_DEVTOOLS=1 in the environment
[GFX1]: Potential driver version mismatch ignored due to missing DLLs igd10umd64 v= and igd10iumd64 v=
1712657483073	Marionette	INFO	Marionette enabled
Dynamically enable window occlusion 0
1712657483315	Marionette	INFO	Listening on port 58586
Read port: 58586
WebDriver BiDi listening on ws://127.0.0.1:58575
[GFX1]: Potential driver version mismatch ignored due to missing DLLs igd10umd64 v= and igd10iumd64 v=
1712657483557	RemoteAgent	WARN	TLS certificate errors will be ignored for this session
[GFX1-]: Failed to get D3D11VideoDevice: 0x80004002
[GFX1-]: Handling webrender error 5
DevTools listening on ws://127.0.0.1:58575/devtools/browser/12d33122-e9a9-40be-a31c-e34680933d5e
console.warn: LoginRecipes: "Falling back to a synchronous message for: https://yopmail.com."
1712657491333	Marionette	WARN	Ignoring event 'DOMContentLoaded' because document has an invalid readyState of 'complete'.
1712657493103	Marionette	INFO	Stopped listening on port 58586
JavaScript warning: https://yopmail.com/ver/9.2/webmail.js, line 1: Script terminated by timeout at:
shownoinb/<@https://yopmail.com/ver/9.2/webmail.js:1:12892

Dynamically enable window occlusion 1
