1713176962631	geckodriver	INFO	Listening on 127.0.0.1:57133
1713176965736	mozrunner::runner	INFO	Running command: "C:\\Program Files\\Mozilla Firefox\\firefox.exe" "--marionette" "--remote-debugging-port" "57134" "--remote-allow-hosts" "localhost" "-no-remote" "-profile" "C:\\Users\\MARYAM~1.KHA\\AppData\\Local\\Temp\\rust_mozprofileUeJcIX"
console.warn: services.settings: Ignoring preference override of remote settings server
console.warn: services.settings: Allow by setting MOZ_REMOTE_SETTINGS_DEVTOOLS=1 in the environment
[GFX1]: Potential driver version mismatch ignored due to missing DLLs igd10umd64 v= and igd10iumd64 v=
1713176966576	Marionette	INFO	Marionette enabled
Dynamically enable window occlusion 0
1713176966719	Marionette	INFO	Listening on port 57148
WebDriver BiDi listening on ws://127.0.0.1:57134
Read port: 57148
[GFX1]: Potential driver version mismatch ignored due to missing DLLs igd10umd64 v= and igd10iumd64 v=
1713176966955	RemoteAgent	WARN	TLS certificate errors will be ignored for this session
[GFX1-]: Failed to get D3D11VideoDevice: 0x80004002
[GFX1-]: Handling webrender error 5
DevTools listening on ws://127.0.0.1:57134/devtools/browser/f2749401-947f-4b5f-b26b-f04381952818
console.warn: LoginRecipes: "Falling back to a synchronous message for: https://yopmail.com."
1713176972867	Marionette	WARN	Ignoring event 'DOMContentLoaded' because document has an invalid readyState of 'complete'.
1713176974826	Marionette	INFO	Stopped listening on port 57148
JavaScript warning: https://fundingchoicesmessages.google.com/f/AGSKWxX0pzx0c-ORhMgkHXOabS1iDkohaG9wlbzJD9fDZCP_MmFK6gAjjJicHQml0fZT1n4Qo4eiFZBe3L5qPH5kYnNBTtZpakFchDTSH5Yj7AGOHiR-FtiNmGPwohxffzWL0fQDg_TqXA==?fccs=W251bGwsbnVsbCxudWxsLG51bGwsbnVsbCxudWxsLFsxNzEzMTc2OTc0LDM0NzAwMDAwMF0sbnVsbCxudWxsLG51bGwsW251bGwsWzddXSwiaHR0cHM6Ly95b3BtYWlsLmNvbS9mci93bSIsbnVsbCxbWzgsImd0eHZIVnJzQXR3Il0sWzksImZyIl0sWzE4LCJbW1swXV1dIl0sWzE5LCIyIl1dXQ, line 7: Script terminated by timeout at:
no@/_/mss/boq-content-ads-contributor/_/js/k=boq-content-ads-contributor.ContributorServingResponseClientJs.fr.gtxvHVrsAtw.es5.O/d=1/exm=kernel_loader,loader_js_executable/ed=1/rs=AJlcJMzUy1yvRvPhnnXtAQUWZtY09WFjXw/m=ad_blocking_detection_executable:7:1527
no/<@/_/mss/boq-content-ads-contributor/_/js/k=boq-content-ads-contributor.ContributorServingResponseClientJs.fr.gtxvHVrsAtw.es5.O/d=1/exm=kernel_loader,loader_js_executable/ed=1/rs=AJlcJMzUy1yvRvPhnnXtAQUWZtY09WFjXw/m=ad_blocking_detection_executable:7:1630

Dynamically enable window occlusion 1
