1711726286291	geckodriver	INFO	Listening on 127.0.0.1:56655
1711726289375	mozrunner::runner	INFO	Running command: "C:\\Program Files\\Mozilla Firefox\\firefox.exe" "--marionette" "--remote-debugging-port" "56656" "--remote-allow-hosts" "localhost" "-no-remote" "-profile" "C:\\Users\\MARYAM~1.KHA\\AppData\\Local\\Temp\\rust_mozprofileD7WhWu"
console.warn: services.settings: Ignoring preference override of remote settings server
console.warn: services.settings: Allow by setting MOZ_REMOTE_SETTINGS_DEVTOOLS=1 in the environment
[GFX1]: Potential driver version mismatch ignored due to missing DLLs igd10umd64 v= and igd10iumd64 v=
1711726290079	Marionette	INFO	Marionette enabled
Dynamically enable window occlusion 0
1711726290215	Marionette	INFO	Listening on port 56672
WebDriver BiDi listening on ws://127.0.0.1:56656
[GFX1]: Potential driver version mismatch ignored due to missing DLLs igd10umd64 v= and igd10iumd64 v=
Read port: 56672
1711726290449	RemoteAgent	WARN	TLS certificate errors will be ignored for this session
[GFX1-]: Failed to get D3D11VideoDevice: 0x80004002
[GFX1-]: Handling webrender error 5
DevTools listening on ws://127.0.0.1:56656/devtools/browser/f459cfc7-891d-4021-8e16-782769fc9531
1711726320150	addons.xpi	ERROR	System addon update list error SyntaxError: XMLHttpRequest.open: 'http://%(server)s/dummy-system-addons.xml' is not a valid URL.
JavaScript error: , line 0: NotFoundError: No such JSWindowActor 'DevToolsFrame'
JavaScript error: , line 0: NotFoundError: No such JSWindowActor 'DevToolsFrame'
JavaScript error: , line 0: NotFoundError: No such JSWindowActor 'DevToolsFrame'
JavaScript error: , line 0: NotFoundError: No such JSWindowActor 'DevToolsFrame'
1711726346727	Marionette	INFO	Stopped listening on port 56672
Dynamically enable window occlusion 1
console.error: (new AbortError("IOUtils: Shutting down and refusing additional I/O tasks", (void 0), 884))
JavaScript error: resource://gre/modules/CrashManager.sys.mjs, line 921: AbortError: IOUtils: Shutting down and refusing additional I/O tasks
