1712229977373	geckodriver	INFO	Listening on 127.0.0.1:59498
1712229980416	mozrunner::runner	INFO	Running command: "C:\\Program Files\\Mozilla Firefox\\firefox.exe" "--marionette" "--remote-debugging-port" "59499" "--remote-allow-hosts" "localhost" "-no-remote" "-profile" "C:\\Users\\MARYAM~1.KHA\\AppData\\Local\\Temp\\rust_mozprofileQGmYQu"
console.warn: services.settings: Ignoring preference override of remote settings server
console.warn: services.settings: Allow by setting MOZ_REMOTE_SETTINGS_DEVTOOLS=1 in the environment
[GFX1]: Potential driver version mismatch ignored due to missing DLLs igd10umd64 v= and igd10iumd64 v=
1712229981245	Marionette	INFO	Marionette enabled
Dynamically enable window occlusion 0
1712229981448	Marionette	INFO	Listening on port 59516
WebDriver BiDi listening on ws://127.0.0.1:59499
[GFX1]: Potential driver version mismatch ignored due to missing DLLs igd10umd64 v= and igd10iumd64 v=
Read port: 59516
1712229981772	RemoteAgent	WARN	TLS certificate errors will be ignored for this session
[GFX1-]: Failed to get D3D11VideoDevice: 0x80004002
[GFX1-]: Handling webrender error 5
DevTools listening on ws://127.0.0.1:59499/devtools/browser/d62f7a44-c73c-4ccb-a6d2-1a8fa222ef44
console.warn: LoginRecipes: "Falling back to a synchronous message for: https://yopmail.com."
1712229987159	Marionette	WARN	Ignoring event 'DOMContentLoaded' because document has an invalid readyState of 'complete'.
1712230014065	addons.xpi	ERROR	System addon update list error SyntaxError: XMLHttpRequest.open: 'http://%(server)s/dummy-system-addons.xml' is not a valid URL.
1712230531797	Marionette	INFO	Stopped listening on port 59516
Dynamically enable window occlusion 1
!!! error running onStopped callback: TypeError: callback is not a function
