1712923757493	geckodriver	INFO	Listening on 127.0.0.1:61864
1712923760532	mozrunner::runner	INFO	Running command: "C:\\Program Files\\Mozilla Firefox\\firefox.exe" "--marionette" "--remote-debugging-port" "61865" "--remote-allow-hosts" "localhost" "-no-remote" "-profile" "C:\\Users\\MARYAM~1.KHA\\AppData\\Local\\Temp\\rust_mozprofileEc9zUa"
console.warn: services.settings: Ignoring preference override of remote settings server
console.warn: services.settings: Allow by setting MOZ_REMOTE_SETTINGS_DEVTOOLS=1 in the environment
[GFX1]: Potential driver version mismatch ignored due to missing DLLs igd10umd64 v= and igd10iumd64 v=
1712923761249	Marionette	INFO	Marionette enabled
Dynamically enable window occlusion 0
1712923761410	Marionette	INFO	Listening on port 61874
WebDriver BiDi listening on ws://127.0.0.1:61865
Read port: 61874
[GFX1]: Potential driver version mismatch ignored due to missing DLLs igd10umd64 v= and igd10iumd64 v=
1712923761700	RemoteAgent	WARN	TLS certificate errors will be ignored for this session
[GFX1-]: Failed to get D3D11VideoDevice: 0x80004002
[GFX1-]: Handling webrender error 5
DevTools listening on ws://127.0.0.1:61865/devtools/browser/b9010904-5e68-444f-802d-f3dda1660724
JavaScript warning: https://diac--preprod.sandbox.my.site.com/beb2b/s/sfsites/auraFW/javascript/ZDROWDdLOGtXcTZqSWZiU19ZaDJFdzk4bkk0bVJhZGJCWE9mUC1IZXZRbmcyNDguMTAuNS01LjAuMTA/aura_prod.js, line 29: Script terminated by timeout at:
t@https://diac--preprod.sandbox.my.site.com/beb2b/s/sfsites/auraFW/javascript/ZDROWDdLOGtXcTZqSWZiU19ZaDJFdzk4bkk0bVJhZGJCWE9mUC1IZXZRbmcyNDguMTAuNS01LjAuMTA/aura_prod.js:29:5668

1712923788046	Marionette	INFO	Stopped listening on port 61874
Dynamically enable window occlusion 1
JavaScript error: chrome://remote/content/marionette/cert.sys.mjs, line 47: NS_ERROR_NOT_AVAILABLE: Component returned failure code: 0x80040111 (NS_ERROR_NOT_AVAILABLE) [nsICertOverrideService.setDisableAllSecurityChecksAndLetAttackersInterceptMyData]
!!! error running onStopped callback: TypeError: callback is not a function
1712923788162	WebDriver BiDi	ERROR	Failed to stop protocol: [Exception... "Component returned failure code: 0x80040111 (NS_ERROR_NOT_AVAILABLE) [nsICertOverrideService.setDisableAllSecurityChecksAndLetAttackersInterceptMyData]"  nsresult: "0x80040111 (NS_ERROR_NOT_AVAILABLE)"  location: "JS frame :: chrome://remote/content/marionette/cert.sys.mjs :: allowAllCerts.disable :: line 47"  data: no] Stack trace: allowAllCerts.disable()@cert.sys.mjs:47
destroy()@Session.sys.mjs:239
deleteSession()@WebDriverBiDi.sys.mjs:140
stop()@WebDriverBiDi.sys.mjs:228
observe()@resource://gre/modules/AsyncShutdown.sys.mjs:570
