1712925628503	geckodriver	INFO	Listening on 127.0.0.1:50566
1712925631595	mozrunner::runner	INFO	Running command: "C:\\Users\\maryam.khallala\\.cache\\selenium\\firefox\\win64\\124.0.2\\firefox.exe" "--marionette" "--remot ... emote-allow-hosts" "localhost" "-no-remote" "-profile" "C:\\Users\\MARYAM~1.KHA\\AppData\\Local\\Temp\\rust_mozprofile6LJ06e"
console.warn: services.settings: Ignoring preference override of remote settings server
console.warn: services.settings: Allow by setting MOZ_REMOTE_SETTINGS_DEVTOOLS=1 in the environment
[GFX1]: Potential driver version mismatch ignored due to missing DLLs igd10umd64 v= and igd10iumd64 v=
1712925632552	Marionette	INFO	Marionette enabled
Dynamically enable window occlusion 0
1712925632729	Marionette	INFO	Listening on port 50625
Read port: 50625
WebDriver BiDi listening on ws://127.0.0.1:50567
[GFX1]: Potential driver version mismatch ignored due to missing DLLs igd10umd64 v= and igd10iumd64 v=
1712925632820	RemoteAgent	WARN	TLS certificate errors will be ignored for this session
[GFX1-]: Failed to get D3D11VideoDevice: 0x80004002
[GFX1-]: Handling webrender error 5
DevTools listening on ws://127.0.0.1:50567/devtools/browser/2519d969-bab0-4868-b66e-aa7bcbc74043
JavaScript warning: https://pagead2.googlesyndication.com/pagead/managed/js/adsense/m202404030101/slotcar_library_fy2021.js?bust=31082504, line 126: Script terminated by timeout at:
ri/<@https://pagead2.googlesyndication.com/pagead/managed/js/adsense/m202404030101/slotcar_library_fy2021.js?bust=31082504:126:389
Ad/</<@https://pagead2.googlesyndication.com/pagead/managed/js/adsense/m202404030101/slotcar_library_fy2021.js?bust=31082504:33:292
zd@https://pagead2.googlesyndication.com/pagead/managed/js/adsense/m202404030101/slotcar_library_fy2021.js?bust=31082504:33:92
Ad/<@https://pagead2.googlesyndication.com/pagead/managed/js/adsense/m202404030101/slotcar_library_fy2021.js?bust=31082504:33:281

1712925649977	Marionette	INFO	Stopped listening on port 50625
Dynamically enable window occlusion 1
JavaScript error: , line 0: TypeError: NetworkError when attempting to fetch resource.
