1712134711114	geckodriver	INFO	Listening on 127.0.0.1:63324
1712134714248	mozrunner::runner	INFO	Running command: "C:\\Program Files\\Mozilla Firefox\\firefox.exe" "--marionette" "--remote-debugging-port" "63325" "--remote-allow-hosts" "localhost" "-no-remote" "-profile" "C:\\Users\\MARYAM~1.KHA\\AppData\\Local\\Temp\\rust_mozprofileU4YaEK"
console.warn: services.settings: Ignoring preference override of remote settings server
console.warn: services.settings: Allow by setting MOZ_REMOTE_SETTINGS_DEVTOOLS=1 in the environment
[GFX1]: Potential driver version mismatch ignored due to missing DLLs igd10umd64 v= and igd10iumd64 v=
1712134714895	Marionette	INFO	Marionette enabled
Dynamically enable window occlusion 0
1712134715051	Marionette	INFO	Listening on port 63336
WebDriver BiDi listening on ws://127.0.0.1:63325
Read port: 63336
[GFX1]: Potential driver version mismatch ignored due to missing DLLs igd10umd64 v= and igd10iumd64 v=
1712134715322	RemoteAgent	WARN	TLS certificate errors will be ignored for this session
[GFX1-]: Failed to get D3D11VideoDevice: 0x80004002
[GFX1-]: Handling webrender error 5
DevTools listening on ws://127.0.0.1:63325/devtools/browser/9d11e5fd-d6a5-44bb-ba02-ed554057d465
console.warn: LoginRecipes: "Falling back to a synchronous message for: https://yopmail.com."
1712134720503	Marionette	WARN	Ignoring event 'DOMContentLoaded' because document has an invalid readyState of 'complete'.
1712134744976	addons.xpi	ERROR	System addon update list error SyntaxError: XMLHttpRequest.open: 'http://%(server)s/dummy-system-addons.xml' is not a valid URL.
1712134925329	Marionette	INFO	Stopped listening on port 63336
Dynamically enable window occlusion 1
!!! error running onStopped callback: TypeError: callback is not a function
