1712235329860	geckodriver	INFO	Listening on 127.0.0.1:64631
1712235332912	mozrunner::runner	INFO	Running command: "C:\\Program Files\\Mozilla Firefox\\firefox.exe" "--marionette" "--remote-debugging-port" "64632" "--remote-allow-hosts" "localhost" "-no-remote" "-profile" "C:\\Users\\MARYAM~1.KHA\\AppData\\Local\\Temp\\rust_mozprofilenhPHmZ"
console.warn: services.settings: Ignoring preference override of remote settings server
console.warn: services.settings: Allow by setting MOZ_REMOTE_SETTINGS_DEVTOOLS=1 in the environment
[GFX1]: Potential driver version mismatch ignored due to missing DLLs igd10umd64 v= and igd10iumd64 v=
1712235333525	Marionette	INFO	Marionette enabled
Dynamically enable window occlusion 0
1712235333700	Marionette	INFO	Listening on port 64640
WebDriver BiDi listening on ws://127.0.0.1:64632
Read port: 64640
[GFX1]: Potential driver version mismatch ignored due to missing DLLs igd10umd64 v= and igd10iumd64 v=
1712235333878	RemoteAgent	WARN	TLS certificate errors will be ignored for this session
[GFX1-]: Failed to get D3D11VideoDevice: 0x80004002
[GFX1-]: Handling webrender error 5
DevTools listening on ws://127.0.0.1:64632/devtools/browser/8e783093-2e47-47a9-8d81-4570d0f7e455
1712235363574	Marionette	INFO	Stopped listening on port 64640
Dynamically enable window occlusion 1
console.error: (new Error("Polling for changes failed: NetworkError: Network request failed.", "resource://services-settings/remote-settings.sys.mjs", 324))
1712235363694	addons.xpi	ERROR	System addon update list error Error: Failed downloading XML, status: 0, channelStatus: 2147500036, errorCode: 2, reason: error
console.error: Region.sys.mjs: "Error fetching region" (new TypeError("NetworkError when attempting to fetch resource.", "resource://gre/modules/Region.sys.mjs", 738))
console.error: Region.sys.mjs: "Failed to fetch region" (new Error("NO_RESULT", "resource://gre/modules/Region.sys.mjs", 411))
