1712140343356	geckodriver	INFO	Listening on 127.0.0.1:65532
1712140346422	mozrunner::runner	INFO	Running command: "C:\\Program Files\\Mozilla Firefox\\firefox.exe" "--marionette" "--remote-debugging-port" "65533" "--remote-allow-hosts" "localhost" "-no-remote" "-profile" "C:\\Users\\MARYAM~1.KHA\\AppData\\Local\\Temp\\rust_mozprofileEozP2f"
console.warn: services.settings: Ignoring preference override of remote settings server
console.warn: services.settings: Allow by setting MOZ_REMOTE_SETTINGS_DEVTOOLS=1 in the environment
[GFX1]: Potential driver version mismatch ignored due to missing DLLs igd10umd64 v= and igd10iumd64 v=
1712140346976	Marionette	INFO	Marionette enabled
Dynamically enable window occlusion 0
1712140347125	Marionette	INFO	Listening on port 49169
WebDriver BiDi listening on ws://127.0.0.1:65533
Read port: 49169
[GFX1]: Potential driver version mismatch ignored due to missing DLLs igd10umd64 v= and igd10iumd64 v=
1712140347320	RemoteAgent	WARN	TLS certificate errors will be ignored for this session
[GFX1-]: Failed to get D3D11VideoDevice: 0x80004002
[GFX1-]: Handling webrender error 5
DevTools listening on ws://127.0.0.1:65533/devtools/browser/303d2103-5e04-4a16-a791-c3d7e2209290
console.warn: LoginRecipes: "Falling back to a synchronous message for: https://yopmail.com."
1712140352642	Marionette	WARN	Ignoring event 'DOMContentLoaded' because document has an invalid readyState of 'complete'.
1712140377045	addons.xpi	ERROR	System addon update list error SyntaxError: XMLHttpRequest.open: 'http://%(server)s/dummy-system-addons.xml' is not a valid URL.
1712140431937	Marionette	INFO	Stopped listening on port 49169
Dynamically enable window occlusion 1
!!! error running onStopped callback: TypeError: callback is not a function
