1712586959394	geckodriver	INFO	Listening on 127.0.0.1:54056
1712586962465	mozrunner::runner	INFO	Running command: "C:\\Program Files\\Mozilla Firefox\\firefox.exe" "--marionette" "--remote-debugging-port" "54057" "--remote-allow-hosts" "localhost" "-no-remote" "-profile" "C:\\Users\\MARYAM~1.KHA\\AppData\\Local\\Temp\\rust_mozprofileIIjHTp"
console.warn: services.settings: Ignoring preference override of remote settings server
console.warn: services.settings: Allow by setting MOZ_REMOTE_SETTINGS_DEVTOOLS=1 in the environment
[GFX1]: Potential driver version mismatch ignored due to missing DLLs igd10umd64 v= and igd10iumd64 v=
1712586963185	Marionette	INFO	Marionette enabled
Dynamically enable window occlusion 0
1712586963327	Marionette	INFO	Listening on port 54066
WebDriver BiDi listening on ws://127.0.0.1:54057
Read port: 54066
[GFX1]: Potential driver version mismatch ignored due to missing DLLs igd10umd64 v= and igd10iumd64 v=
1712586963565	RemoteAgent	WARN	TLS certificate errors will be ignored for this session
[GFX1-]: Failed to get D3D11VideoDevice: 0x80004002
[GFX1-]: Handling webrender error 5
DevTools listening on ws://127.0.0.1:54057/devtools/browser/da0eaff7-48a1-4524-9f48-968ea3ecb303
console.warn: LoginRecipes: "Falling back to a synchronous message for: https://yopmail.com."
1712586969730	Marionette	WARN	Ignoring event 'DOMContentLoaded' because document has an invalid readyState of 'complete'.
1712586971039	Marionette	INFO	Stopped listening on port 54066
JavaScript warning: https://yopmail.com/ver/9.2/webmail.js, line 1: Script terminated by timeout at:
refr/nIId<@https://yopmail.com/ver/9.2/webmail.js:1:10644

Dynamically enable window occlusion 1
