1711969265665	geckodriver	INFO	Listening on 127.0.0.1:50104
1711969268739	mozrunner::runner	INFO	Running command: "C:\\Program Files\\Mozilla Firefox\\firefox.exe" "--marionette" "--remote-debugging-port" "50105" "--remote-allow-hosts" "localhost" "-no-remote" "-profile" "C:\\Users\\MARYAM~1.KHA\\AppData\\Local\\Temp\\rust_mozprofileV0v6F7"
console.warn: services.settings: Ignoring preference override of remote settings server
console.warn: services.settings: Allow by setting MOZ_REMOTE_SETTINGS_DEVTOOLS=1 in the environment
[GFX1]: Potential driver version mismatch ignored due to missing DLLs igd10umd64 v= and igd10iumd64 v=
1711969269379	Marionette	INFO	Marionette enabled
Dynamically enable window occlusion 0
1711969269521	Marionette	INFO	Listening on port 50117
WebDriver BiDi listening on ws://127.0.0.1:50105
Read port: 50117
[GFX1]: Potential driver version mismatch ignored due to missing DLLs igd10umd64 v= and igd10iumd64 v=
1711969269789	RemoteAgent	WARN	TLS certificate errors will be ignored for this session
[GFX1-]: Failed to get D3D11VideoDevice: 0x80004002
[GFX1-]: Handling webrender error 5
DevTools listening on ws://127.0.0.1:50105/devtools/browser/86980634-c601-4caa-9c74-daac7359e2ef
console.warn: LoginRecipes: "Falling back to a synchronous message for: https://yopmail.com."
1711969274827	Marionette	WARN	Ignoring event 'DOMContentLoaded' because document has an invalid readyState of 'complete'.
1711969299425	addons.xpi	ERROR	System addon update list error SyntaxError: XMLHttpRequest.open: 'http://%(server)s/dummy-system-addons.xml' is not a valid URL.
1711969339558	Marionette	INFO	Stopped listening on port 50117
Dynamically enable window occlusion 1
!!! error running onStopped callback: TypeError: callback is not a function
