1711978168535	geckodriver	INFO	Listening on 127.0.0.1:50479
1711978171606	mozrunner::runner	INFO	Running command: "C:\\Program Files\\Mozilla Firefox\\firefox.exe" "--marionette" "--remote-debugging-port" "50480" "--remote-allow-hosts" "localhost" "-no-remote" "-profile" "C:\\Users\\MARYAM~1.KHA\\AppData\\Local\\Temp\\rust_mozprofileMIi5om"
console.warn: services.settings: Ignoring preference override of remote settings server
console.warn: services.settings: Allow by setting MOZ_REMOTE_SETTINGS_DEVTOOLS=1 in the environment
[GFX1]: Potential driver version mismatch ignored due to missing DLLs igd10umd64 v= and igd10iumd64 v=
1711978172253	Marionette	INFO	Marionette enabled
Dynamically enable window occlusion 0
1711978172399	Marionette	INFO	Listening on port 50488
WebDriver BiDi listening on ws://127.0.0.1:50480
Read port: 50488
[GFX1]: Potential driver version mismatch ignored due to missing DLLs igd10umd64 v= and igd10iumd64 v=
1711978172644	RemoteAgent	WARN	TLS certificate errors will be ignored for this session
[GFX1-]: Failed to get D3D11VideoDevice: 0x80004002
[GFX1-]: Handling webrender error 5
DevTools listening on ws://127.0.0.1:50480/devtools/browser/a04c3f3f-365a-4358-80c7-996a64051a1b
console.warn: LoginRecipes: "Falling back to a synchronous message for: https://yopmail.com."
1711978177784	Marionette	WARN	Ignoring event 'DOMContentLoaded' because document has an invalid readyState of 'complete'.
1711978202375	addons.xpi	ERROR	System addon update list error SyntaxError: XMLHttpRequest.open: 'http://%(server)s/dummy-system-addons.xml' is not a valid URL.
1711978345441	Marionette	INFO	Stopped listening on port 50488
Dynamically enable window occlusion 1
!!! error running onStopped callback: TypeError: callback is not a function
