1712862651182	geckodriver	INFO	Listening on 127.0.0.1:60213
1712862654258	mozrunner::runner	INFO	Running command: "C:\\Program Files\\Mozilla Firefox\\firefox.exe" "--marionette" "--remote-debugging-port" "60214" "--remote-allow-hosts" "localhost" "-no-remote" "-profile" "C:\\Users\\MARYAM~1.KHA\\AppData\\Local\\Temp\\rust_mozprofileamD6P8"
console.warn: services.settings: Ignoring preference override of remote settings server
console.warn: services.settings: Allow by setting MOZ_REMOTE_SETTINGS_DEVTOOLS=1 in the environment
[GFX1]: Potential driver version mismatch ignored due to missing DLLs igd10umd64 v= and igd10iumd64 v=
1712862654899	Marionette	INFO	Marionette enabled
Dynamically enable window occlusion 0
1712862655066	Marionette	INFO	Listening on port 60221
Read port: 60221
WebDriver BiDi listening on ws://127.0.0.1:60214
[GFX1]: Potential driver version mismatch ignored due to missing DLLs igd10umd64 v= and igd10iumd64 v=
1712862655210	RemoteAgent	WARN	TLS certificate errors will be ignored for this session
[GFX1-]: Failed to get D3D11VideoDevice: 0x80004002
console.error: (new TypeError("NetworkError: Network request failed", "resource://services-settings/Utils.sys.mjs", 236))
console.error: (new TypeError("NetworkError: Network request failed", "resource://services-settings/Utils.sys.mjs", 236))
[GFX1-]: Handling webrender error 5
1712867286122	addons.xpi	ERROR	System addon update list error SyntaxError: XMLHttpRequest.open: 'http://%(server)s/dummy-system-addons.xml' is not a valid URL.
DevTools listening on ws://127.0.0.1:60214/devtools/browser/2bdff645-da13-4c92-9ee1-0b752e4117e9
console.warn: LoginRecipes: "Falling back to a synchronous message for: https://yopmail.com."
1712867298539	Marionette	WARN	Ignoring event 'DOMContentLoaded' because document has an invalid readyState of 'complete'.
1712867300986	Marionette	INFO	Stopped listening on port 60221
Dynamically enable window occlusion 1
console.error: services.settings: 
  Message: StorageError: Storage error: Error: IndexedDB: main/fxmonitor-breaches list() IndexedDB:  execute() The application is shutting down
  Stack:
    StorageError@resource://services-settings/RemoteSettingsClient.sys.mjs:153:5
_adjustedError@resource://services-settings/RemoteSettingsClient.sys.mjs:928:14
maybeSync@resource://services-settings/RemoteSettingsClient.sys.mjs:816:38
observe@resource://gre/modules/AsyncShutdown.sys.mjs:570:17

console.error: (new Error("IndexedDB: main/message-groups getLastModified() IndexedDB:  execute() The application is shutting down", "resource://services-settings/IDBHelpers.sys.mjs", 16))
