1712241979986	geckodriver	INFO	Listening on 127.0.0.1:59224
1712241983055	mozrunner::runner	INFO	Running command: "C:\\Program Files\\Mozilla Firefox\\firefox.exe" "--marionette" "--remote-debugging-port" "59225" "--remote-allow-hosts" "localhost" "-no-remote" "-profile" "C:\\Users\\MARYAM~1.KHA\\AppData\\Local\\Temp\\rust_mozprofileHEi1t3"
console.warn: services.settings: Ignoring preference override of remote settings server
console.warn: services.settings: Allow by setting MOZ_REMOTE_SETTINGS_DEVTOOLS=1 in the environment
[GFX1]: Potential driver version mismatch ignored due to missing DLLs igd10umd64 v= and igd10iumd64 v=
1712241983586	Marionette	INFO	Marionette enabled
Dynamically enable window occlusion 0
1712241983707	Marionette	INFO	Listening on port 59234
WebDriver BiDi listening on ws://127.0.0.1:59225
[GFX1]: Potential driver version mismatch ignored due to missing DLLs igd10umd64 v= and igd10iumd64 v=
Read port: 59234
1712241983925	RemoteAgent	WARN	TLS certificate errors will be ignored for this session
[GFX1-]: Failed to get D3D11VideoDevice: 0x80004002
[GFX1-]: Handling webrender error 5
DevTools listening on ws://127.0.0.1:59225/devtools/browser/e9ca9dba-d405-4eb7-93d4-3a9986affdb5
console.warn: LoginRecipes: "Falling back to a synchronous message for: https://yopmail.com."
1712241988699	Marionette	WARN	Ignoring event 'DOMContentLoaded' because document has an invalid readyState of 'complete'.
1712241991162	Marionette	INFO	Stopped listening on port 59234
JavaScript warning: https://pagead2.googlesyndication.com/pagead/managed/js/adsense/m202403270101/show_ads_impl_fy2021.js?bust=31082283, line 547: Script terminated by timeout at:
CO/<@https://pagead2.googlesyndication.com/pagead/managed/js/adsense/m202403270101/show_ads_impl_fy2021.js?bust=31082283:547:94

Dynamically enable window occlusion 1
