1712139986113	geckodriver	INFO	Listening on 127.0.0.1:52485
1712139989225	mozrunner::runner	INFO	Running command: "C:\\Program Files\\Mozilla Firefox\\firefox.exe" "--marionette" "--remote-debugging-port" "52486" "--remote-allow-hosts" "localhost" "-no-remote" "-profile" "C:\\Users\\MARYAM~1.KHA\\AppData\\Local\\Temp\\rust_mozprofilejuBcb6"
console.warn: services.settings: Ignoring preference override of remote settings server
console.warn: services.settings: Allow by setting MOZ_REMOTE_SETTINGS_DEVTOOLS=1 in the environment
[GFX1]: Potential driver version mismatch ignored due to missing DLLs igd10umd64 v= and igd10iumd64 v=
1712139989834	Marionette	INFO	Marionette enabled
Dynamically enable window occlusion 0
1712139989983	Marionette	INFO	Listening on port 52495
WebDriver BiDi listening on ws://127.0.0.1:52486
Read port: 52495
[GFX1]: Potential driver version mismatch ignored due to missing DLLs igd10umd64 v= and igd10iumd64 v=
1712139990251	RemoteAgent	WARN	TLS certificate errors will be ignored for this session
[GFX1-]: Failed to get D3D11VideoDevice: 0x80004002
[GFX1-]: Handling webrender error 5
DevTools listening on ws://127.0.0.1:52486/devtools/browser/392ad359-4e3a-445f-a2e0-e525f4facaa5
console.warn: LoginRecipes: "Falling back to a synchronous message for: https://yopmail.com."
1712139998404	Marionette	WARN	Ignoring event 'DOMContentLoaded' because document has an invalid readyState of 'complete'.
1712140020271	addons.xpi	ERROR	System addon update list error SyntaxError: XMLHttpRequest.open: 'http://%(server)s/dummy-system-addons.xml' is not a valid URL.
1712140244833	Marionette	INFO	Stopped listening on port 52495
Dynamically enable window occlusion 1
!!! error running onStopped callback: TypeError: callback is not a function
