1712923875640	geckodriver	INFO	Listening on 127.0.0.1:62357
1712923878702	mozrunner::runner	INFO	Running command: "C:\\Program Files\\Mozilla Firefox\\firefox.exe" "--marionette" "--remote-debugging-port" "62358" "--remote-allow-hosts" "localhost" "-no-remote" "-profile" "C:\\Users\\MARYAM~1.KHA\\AppData\\Local\\Temp\\rust_mozprofileqMjzCz"
console.warn: services.settings: Ignoring preference override of remote settings server
console.warn: services.settings: Allow by setting MOZ_REMOTE_SETTINGS_DEVTOOLS=1 in the environment
[GFX1]: Potential driver version mismatch ignored due to missing DLLs igd10umd64 v= and igd10iumd64 v=
1712923879249	Marionette	INFO	Marionette enabled
Dynamically enable window occlusion 0
1712923879387	Marionette	INFO	Listening on port 62373
WebDriver BiDi listening on ws://127.0.0.1:62358
Read port: 62373
[GFX1]: Potential driver version mismatch ignored due to missing DLLs igd10umd64 v= and igd10iumd64 v=
1712923879638	RemoteAgent	WARN	TLS certificate errors will be ignored for this session
[GFX1-]: Failed to get D3D11VideoDevice: 0x80004002
[GFX1-]: Handling webrender error 5
DevTools listening on ws://127.0.0.1:62358/devtools/browser/7f0b924c-4e9e-4aee-9682-4391588437bc
1712923899124	Marionette	INFO	Stopped listening on port 62373
Dynamically enable window occlusion 1
Exiting due to channel error.
Exiting due to channel error.
[GFX1-]: CompositorBridgeChild receives IPC close with reason=AbnormalShutdown
