1711975171887	geckodriver	INFO	Listening on 127.0.0.1:53247
1711975174978	mozrunner::runner	INFO	Running command: "C:\\Program Files\\Mozilla Firefox\\firefox.exe" "--marionette" "--remote-debugging-port" "53248" "--remote-allow-hosts" "localhost" "-no-remote" "-profile" "C:\\Users\\MARYAM~1.KHA\\AppData\\Local\\Temp\\rust_mozprofile58Ul5S"
console.warn: services.settings: Ignoring preference override of remote settings server
console.warn: services.settings: Allow by setting MOZ_REMOTE_SETTINGS_DEVTOOLS=1 in the environment
[GFX1]: Potential driver version mismatch ignored due to missing DLLs igd10umd64 v= and igd10iumd64 v=
1711975175687	Marionette	INFO	Marionette enabled
Dynamically enable window occlusion 0
1711975175818	Marionette	INFO	Listening on port 53258
WebDriver BiDi listening on ws://127.0.0.1:53248
[GFX1]: Potential driver version mismatch ignored due to missing DLLs igd10umd64 v= and igd10iumd64 v=
Read port: 53258
1711975176098	RemoteAgent	WARN	TLS certificate errors will be ignored for this session
[GFX1-]: Failed to get D3D11VideoDevice: 0x80004002
[GFX1-]: Handling webrender error 5
DevTools listening on ws://127.0.0.1:53248/devtools/browser/f0f8e325-32b3-48c9-a53b-a854bbdb886c
console.warn: LoginRecipes: "Falling back to a synchronous message for: https://yopmail.com."
1711975180896	Marionette	WARN	Ignoring event 'DOMContentLoaded' because document has an invalid readyState of 'complete'.
JavaScript warning: https://pagead2.googlesyndication.com/bg/8IdVU_5hiTnoSVFpifzETCOPuU7V9vAnpxqXHqRkotI.js line 2 > eval line 1513 > eval line 1 > eval line 1 > eval, line 1: WEBGL_debug_renderer_info is deprecated in Firefox and will be removed. Please use RENDERER.
1711975205972	addons.xpi	ERROR	System addon update list error SyntaxError: XMLHttpRequest.open: 'http://%(server)s/dummy-system-addons.xml' is not a valid URL.
1711977240571	Marionette	INFO	Stopped listening on port 53258
Dynamically enable window occlusion 1
JavaScript error: , line 0: TypeError: NetworkError when attempting to fetch resource.
!!! error running onStopped callback: TypeError: callback is not a function
