1712862129760	geckodriver	INFO	Listening on 127.0.0.1:58771
1712862132907	mozrunner::runner	INFO	Running command: "C:\\Program Files\\Mozilla Firefox\\firefox.exe" "--marionette" "--remote-debugging-port" "58772" "--remote-allow-hosts" "localhost" "-no-remote" "-profile" "C:\\Users\\MARYAM~1.KHA\\AppData\\Local\\Temp\\rust_mozprofilelcyzRw"
console.warn: services.settings: Ignoring preference override of remote settings server
console.warn: services.settings: Allow by setting MOZ_REMOTE_SETTINGS_DEVTOOLS=1 in the environment
[GFX1]: Potential driver version mismatch ignored due to missing DLLs igd10umd64 v= and igd10iumd64 v=
1712862133514	Marionette	INFO	Marionette enabled
Dynamically enable window occlusion 0
1712862133674	Marionette	INFO	Listening on port 58782
WebDriver BiDi listening on ws://127.0.0.1:58772
Read port: 58782
[GFX1]: Potential driver version mismatch ignored due to missing DLLs igd10umd64 v= and igd10iumd64 v=
1712862133971	RemoteAgent	WARN	TLS certificate errors will be ignored for this session
[GFX1-]: Failed to get D3D11VideoDevice: 0x80004002
[GFX1-]: Handling webrender error 5
DevTools listening on ws://127.0.0.1:58772/devtools/browser/db95a2ed-799c-4e9a-b8db-95bb652f9d00
JavaScript warning: https://pagead2.googlesyndication.com/bg/L0LConaBzCc577BZGNgzP3bg87fF5vhB9-a07M4Tw6o.js line 2 > eval line 4570 > eval line 1 > eval line 1 > eval, line 1: WEBGL_debug_renderer_info is deprecated in Firefox and will be removed. Please use RENDERER.
JavaScript warning: https://pagead2.googlesyndication.com/pagead/managed/js/adsense/m202404040101/reactive_library_fy2021.js?bust=31082588, line 163: Script terminated by timeout at:
l@https://pagead2.googlesyndication.com/pagead/managed/js/adsense/m202404040101/reactive_library_fy2021.js?bust=31082588:163:662
c@https://pagead2.googlesyndication.com/pagead/managed/js/adsense/m202404040101/reactive_library_fy2021.js?bust=31082588:161:1167

1712862151489	Marionette	INFO	Stopped listening on port 58782
Dynamically enable window occlusion 1
