1712239276302	geckodriver	INFO	Listening on 127.0.0.1:52545
1712239279451	mozrunner::runner	INFO	Running command: "C:\\Program Files\\Mozilla Firefox\\firefox.exe" "--marionette" "--remote-debugging-port" "52546" "--remote-allow-hosts" "localhost" "-no-remote" "-profile" "C:\\Users\\MARYAM~1.KHA\\AppData\\Local\\Temp\\rust_mozprofile8dzgAf"
console.warn: services.settings: Ignoring preference override of remote settings server
console.warn: services.settings: Allow by setting MOZ_REMOTE_SETTINGS_DEVTOOLS=1 in the environment
[GFX1]: Potential driver version mismatch ignored due to missing DLLs igd10umd64 v= and igd10iumd64 v=
1712239280178	Marionette	INFO	Marionette enabled
Dynamically enable window occlusion 0
1712239280324	Marionette	INFO	Listening on port 52560
WebDriver BiDi listening on ws://127.0.0.1:52546
Read port: 52560
[GFX1]: Potential driver version mismatch ignored due to missing DLLs igd10umd64 v= and igd10iumd64 v=
1712239280562	RemoteAgent	WARN	TLS certificate errors will be ignored for this session
[GFX1-]: Failed to get D3D11VideoDevice: 0x80004002
[GFX1-]: Handling webrender error 5
DevTools listening on ws://127.0.0.1:52546/devtools/browser/e38bacd4-5fbb-4123-988f-081376f74d2d
console.warn: LoginRecipes: "Falling back to a synchronous message for: https://yopmail.com."
1712239286521	Marionette	WARN	Ignoring event 'DOMContentLoaded' because document has an invalid readyState of 'complete'.
1712239288303	Marionette	INFO	Stopped listening on port 52560
JavaScript warning: https://fundingchoicesmessages.google.com/f/AGSKWxX6MvotA-dW0OeKgPOZXMSx7rfO7rmhqt2f_WFsw9ZKmF7BPvQFXPq_S6uZ87AAWxVX4zYItYLu2394SvGBhUVM3QKYkR0YRpiw8XGEwEjJofanDXYaizW7NqyvjnNeyxKhJyjV9Q==?fccs=W251bGwsbnVsbCxudWxsLG51bGwsbnVsbCxudWxsLFsxNzEyMjM5Mjg3LDgzMTAwMDAwMF0sbnVsbCxudWxsLG51bGwsW251bGwsWzddXSwiaHR0cHM6Ly95b3BtYWlsLmNvbS9mci93bSIsbnVsbCxbWzgsIkJTYVNfdFh0eF9rIl0sWzksImZyIl0sWzE4LCJbW1swXV1dIl0sWzIwLCJbbnVsbCxudWxsLFszMTA4MjI1NF0sbnVsbCwxXSJdLFsxOSwiMiJdXV0, line 7: Script terminated by timeout at:
no@/_/mss/boq-content-ads-contributor/_/js/k=boq-content-ads-contributor.ContributorServingResponseClientJs.fr.BSaS_tXtx_k.es5.O/d=1/exm=kernel_loader,loader_js_executable/ed=1/rs=AJlcJMyQzXJWqppOjH015wORXBvK68i6NQ/m=ad_blocking_detection_executable:7:1527
no/<@/_/mss/boq-content-ads-contributor/_/js/k=boq-content-ads-contributor.ContributorServingResponseClientJs.fr.BSaS_tXtx_k.es5.O/d=1/exm=kernel_loader,loader_js_executable/ed=1/rs=AJlcJMyQzXJWqppOjH015wORXBvK68i6NQ/m=ad_blocking_detection_executable:7:1630

Dynamically enable window occlusion 1
