1713047645757	geckodriver	INFO	Listening on 127.0.0.1:58567
1713047648834	mozrunner::runner	INFO	Running command: "C:\\Program Files\\Mozilla Firefox\\firefox.exe" "--marionette" "--remote-debugging-port" "58568" "--remote-allow-hosts" "localhost" "-no-remote" "-profile" "C:\\Users\\MARYAM~1.KHA\\AppData\\Local\\Temp\\rust_mozprofileYBXb3q"
console.warn: services.settings: Ignoring preference override of remote settings server
console.warn: services.settings: Allow by setting MOZ_REMOTE_SETTINGS_DEVTOOLS=1 in the environment
[GFX1]: Potential driver version mismatch ignored due to missing DLLs igd10umd64 v= and igd10iumd64 v=
1713047649620	Marionette	INFO	Marionette enabled
Dynamically enable window occlusion 0
1713047649791	Marionette	INFO	Listening on port 58583
WebDriver BiDi listening on ws://127.0.0.1:58568
[GFX1]: Potential driver version mismatch ignored due to missing DLLs Read port: 58583
igd10umd64 v= and igd10iumd64 v=
1713047650066	RemoteAgent	WARN	TLS certificate errors will be ignored for this session
[GFX1-]: Failed to get D3D11VideoDevice: 0x80004002
[GFX1-]: Handling webrender error 5
DevTools listening on ws://127.0.0.1:58568/devtools/browser/10b8b1e6-9952-4f2f-8906-75844177bc9f
console.warn: LoginRecipes: "Falling back to a synchronous message for: https://yopmail.com."
1713047656289	Marionette	WARN	Ignoring event 'DOMContentLoaded' because document has an invalid readyState of 'complete'.
1713047657915	Marionette	INFO	Stopped listening on port 58583
JavaScript warning: https://yopmail.com/ver/9.2/webmail.js, line 1: Script terminated by timeout at:
refr/nIId<@https://yopmail.com/ver/9.2/webmail.js:1:10644

Dynamically enable window occlusion 1
