1713265984785	geckodriver	INFO	Listening on 127.0.0.1:57031
1713265987842	mozrunner::runner	INFO	Running command: "C:\\Program Files\\Mozilla Firefox\\firefox.exe" "--marionette" "--remote-debugging-port" "57032" "--remote-allow-hosts" "localhost" "-no-remote" "-profile" "C:\\Users\\MARYAM~1.KHA\\AppData\\Local\\Temp\\rust_mozprofilemqJOYJ"
console.warn: services.settings: Ignoring preference override of remote settings server
console.warn: services.settings: Allow by setting MOZ_REMOTE_SETTINGS_DEVTOOLS=1 in the environment
[GFX1]: Potential driver version mismatch ignored due to missing DLLs igd10umd64 v= and igd10iumd64 v=
1713265988570	Marionette	INFO	Marionette enabled
Dynamically enable window occlusion 0
1713265988750	Marionette	INFO	Listening on port 57042
Read port: 57042
WebDriver BiDi listening on ws://127.0.0.1:57032
[GFX1]: Potential driver version mismatch ignored due to missing DLLs igd10umd64 v= and igd10iumd64 v=
1713265988912	RemoteAgent	WARN	TLS certificate errors will be ignored for this session
[GFX1-]: Failed to get D3D11VideoDevice: 0x80004002
[GFX1-]: Handling webrender error 5
DevTools listening on ws://127.0.0.1:57032/devtools/browser/4c02309d-656d-4675-82eb-67c20fc9e656
1713266018785	addons.xpi	ERROR	System addon update list error SyntaxError: XMLHttpRequest.open: 'http://%(server)s/dummy-system-addons.xml' is not a valid URL.
JavaScript warning: https://www.gstatic.com/recaptcha/releases/QoukH5jSO3sKFzVEA7Vc8VgC/recaptcha__fr.js, line 1196: Script terminated by timeout at:
@https://www.gstatic.com/recaptcha/releases/QoukH5jSO3sKFzVEA7Vc8VgC/recaptcha__fr.js:1196:120

1713266387101	Marionette	INFO	Stopped listening on port 57042
Dynamically enable window occlusion 1
JavaScript error: , line 0: NotFoundError: No such JSWindowActor 'DevToolsFrame'
[GFX1-]: CompositorBridgeChild receives IPC close with reason=AbnormalShutdown
[GFX1-]: CompositorBridgeChild receives IPC close with reason=AbnormalShutdown
