1712242500281	geckodriver	INFO	Listening on 127.0.0.1:61419
1712242503355	mozrunner::runner	INFO	Running command: "C:\\Program Files\\Mozilla Firefox\\firefox.exe" "--marionette" "--remote-debugging-port" "61420" "--remote-allow-hosts" "localhost" "-no-remote" "-profile" "C:\\Users\\MARYAM~1.KHA\\AppData\\Local\\Temp\\rust_mozprofile6EYvrI"
console.warn: services.settings: Ignoring preference override of remote settings server
console.warn: services.settings: Allow by setting MOZ_REMOTE_SETTINGS_DEVTOOLS=1 in the environment
[GFX1]: Potential driver version mismatch ignored due to missing DLLs igd10umd64 v= and igd10iumd64 v=
1712242503926	Marionette	INFO	Marionette enabled
Dynamically enable window occlusion 0
1712242504091	Marionette	INFO	Listening on port 61428
WebDriver BiDi listening on ws://127.0.0.1:61420
[GFX1]: Potential driver version mismatch ignored due to missing DLLs igd10umd64 v= and igd10iumd64 v=
Read port: 61428
1712242504366	RemoteAgent	WARN	TLS certificate errors will be ignored for this session
[GFX1-]: Failed to get D3D11VideoDevice: 0x80004002
[GFX1-]: Handling webrender error 5
DevTools listening on ws://127.0.0.1:61420/devtools/browser/ba41e441-08df-40bb-9a25-2f3171ed294d
1712242512962	Marionette	WARN	Ignoring event 'DOMContentLoaded' because document has an invalid readyState of 'complete'.
console.warn: LoginRecipes: "Falling back to a synchronous message for: https://yopmail.com."
JavaScript warning: https://pagead2.googlesyndication.com/pagead/managed/js/activeview/current/ufs_web_display.js, line 96: Script terminated by timeout at:
Rd@https://pagead2.googlesyndication.com/pagead/managed/js/activeview/current/ufs_web_display.js:96:1845
Mh.prototype.ping/<@https://pagead2.googlesyndication.com/pagead/managed/js/activeview/current/ufs_web_display.js:145:665
Mh.prototype.ping@https://pagead2.googlesyndication.com/pagead/managed/js/activeview/current/ufs_web_display.js:145:642
Bg.prototype.sendNow@https://pagead2.googlesyndication.com/pagead/managed/js/activeview/current/ufs_web_display.js:122:245
$o/</<@https://pagead2.googlesyndication.com/pagead/managed/js/activeview/current/ufs_web_display.js:266:235
$o/<@https://pagead2.googlesyndication.com/pagead/managed/js/activeview/current/ufs_web_display.js:266:208
sd.prototype.s@https://pagead2.googlesyndication.com/pagead/managed/js/activeview/current/ufs_web_display.js:90:610
n.next@https://pagead2.googlesyndication.com/pagead/managed/js/activeview/current/ufs_web_display.js:79:899
n.s@https://pagead2.googlesyndication.com/pagead/managed/js/activeview/current/ufs_web_display.js:80:223
n.next@https://pagead2.googlesyndication.com/pagead/managed/js/activeview/current/ufs_web_display.js:79:899
n.next@https://pagead2.googlesyndication.com/pagead/managed/js/activeview/current/ufs_web_display.js:84:833
n.Di@https://pagead2.googlesyndication.com/pagead/managed/js/activeview/current/ufs_web_display.js:86:1929
n.s@https://pagead2.googlesyndication.com/pagead/managed/js/activeview/current/ufs_web_display.js:80:223
n.next@https://pagead2.googlesyndication.com/pagead/managed/js/activeview/current/ufs_web_display.js:79:899
n.s@https://pagead2.googlesyndication.com/pagead/managed/js/activeview/current/ufs_web_display.js:80:223
n.next@https://pagead2.googlesyndication.com/pagead/managed/js/activeview/current/ufs_web_display.js:79:899
n.next@https://pagead2.googlesyndication.com/pagead/managed/js/activeview/current/ufs_web_display.js:84:833
n.Di@https://pagead2.googlesyndication.com/pagead/managed/js/activeview/current/ufs_web_display.js:86:1929
n.s@https://pagead2.googlesyndication.com/pagead/managed/js/activeview/current/ufs_web_display.js:80:223
n.next@https://pagead2.googlesyndication.com/pagead/managed/js/activeview/current/ufs_web_display.js:79:899
n.s@https://pagead2.googlesyndication.com/pagead/managed/js/activeview/current/ufs_web_display.js:80:223
n.next@https://pagead2.googlesyndication.com/pagead/managed/js/activeview/current/ufs_web_display.js:79:899
n.next@https://pagead2.googlesyndication.com/pagead/managed/js/activeview/current/ufs_web_display.js:84:833
n.Di@https://pagead2.googlesyndication.com/pagead/managed/js/activeview/current/ufs_web_display.js:86:1929
n.s@https://pagead2.googlesyndication.com/pagead/managed/js/activeview/current/ufs_web_display.js:80:223
n.next@https://pagead2.googlesyndication.com/pagead/managed/js/activeview/current/ufs_web_display.js:79:899
n.s@https://pagead2.googlesyndication.com/pagead/managed/js/activeview/current/ufs_web_display.js:80:223
n.next@https://pagead2.googlesyndication.com/pagead/managed/js/activeview/current/ufs_web_display.js:79:899
n.next@https://pagead2.googlesyndication.com/pagead/managed/js/activeview/current/ufs_web_display.js:84:833
n.Di@https://pagead2.googlesyndication.com/pagead/managed/js/activeview/current/ufs_web_display.js:86:1929
n.s@https://pagead2.googlesyndication.com/pagead/managed/js/activeview/current/ufs_web_display.js:80:223
n.next@https://pagead2.googlesyndication.com/pagead/managed/js/activeview/current/ufs_web_display.js:79:899
rg.prototype.s@https://pagead2.googlesyndication.com/pagead/managed/js/activeview/current/ufs_web_display.js:119:115
n.next@https://pagead2.googlesyndication.com/pagead/managed/js/activeview/current/ufs_web_display.js:79:899
sd.prototype.s@https://pagead2.googlesyndication.com/pagead/managed/js/activeview/current/ufs_web_display.js:90:698
n.next@https://pagead2.googlesyndication.com/pagead/managed/js/activeview/current/ufs_web_display.js:79:899
n.s@https://pagead2.googlesyndication.com/pagead/managed/js/activeview/current/ufs_web_display.js:80:223
n.next@https://pagead2.googlesyndication.com/pagead/managed/js/activeview/current/ufs_web_display.js:79:899
Ko/</h/<@https://pagead2.googlesyndication.com/pagead/managed/js/activeview/current/ufs_web_display.js:258:1969
Va@https://pagead2.googlesyndication.com/pagead/managed/js/activeview/current/ufs_web_display.js:47:339
Sa.prototype.flush@https://pagead2.googlesyndication.com/pagead/managed/js/activeview/current/ufs_web_display.js:47:147
Ua@https://pagead2.googlesyndication.com/pagead/managed/js/activeview/current/ufs_web_display.js:46:466
Ai/c/</<@https://pagead2.googlesyndication.com/pagead/managed/js/activeview/current/ufs_web_display.js:156:292
n.next@https://pagead2.googlesyndication.com/pagead/managed/js/activeview/current/ufs_web_display.js:81:424
n.s@https://pagead2.googlesyndication.com/pagead/managed/js/activeview/current/ufs_web_display.js:80:223
n.next@https://pagead2.googlesyndication.com/pagead/managed/js/activeview/current/ufs_web_display.js:79:899
Ah/</</</<@https://pagead2.googlesyndication.com/pagead/managed/js/activeview/current/ufs_web_display.js:139:516
Ra.prototype.bc/<@https://pagead2.googlesyndication.com/pagead/managed/js/activeview/current/ufs_web_display.js:46:298
Ah/</</<@https://pagead2.googlesyndication.com/pagead/managed/js/activeview/current/ufs_web_display.js:139:525
n.next@https://pagead2.googlesyndication.com/pagead/managed/js/activeview/current/ufs_web_display.js:81:424
n.s@https://pagead2.googlesyndication.com/pagead/managed/js/activeview/current/ufs_web_display.js:80:223
n.next@https://pagead2.googlesyndication.com/pagead/managed/js/activeview/current/ufs_web_display.js:79:899
Ah/</</</<@https://pagead2.googlesyndication.com/pagead/managed/js/activeview/current/ufs_web_display.js:139:516
Ra.prototype.bc/<@https://pagead2.googlesyndication.com/pagead/managed/js/activeview/current/ufs_web_display.js:46:298
Ah/</</<@https://pagead2.googlesyndication.com/pagead/managed/js/activeview/current/ufs_web_display.js:139:525
n.next@https://pagead2.googlesyndication.com/pagead/managed/js/activeview/current/ufs_web_display.js:81:424
n.s@https://pagead2.googlesyndication.com/pagead/managed/js/activeview/current/ufs_web_display.js:80:223
n.next@https://pagead2.googlesyndication.com/pagead/managed/js/activeview/current/ufs_web_display.js:79:899
Xd/</<@https://pagead2.googlesyndication.com/pagead/managed/js/activeview/current/ufs_web_display.js:98:672

JavaScript error: , line 0: TypeError: NetworkError when attempting to fetch resource.
1712242513632	Marionette	WARN	Ignoring event 'DOMContentLoaded' because document has an invalid readyState of 'complete'.
JavaScript warning: https://pagead2.googlesyndication.com/bg/8IdVU_5hiTnoSVFpifzETCOPuU7V9vAnpxqXHqRkotI.js line 2 > eval line 1283 > eval line 1 > eval line 1 > eval, line 1: WEBGL_debug_renderer_info is deprecated in Firefox and will be removed. Please use RENDERER.
JavaScript warning: https://pagead2.googlesyndication.com/pagead/managed/js/adsense/m202404010101/slotcar_library_fy2021.js?bust=31082432, line 126: Script terminated by timeout at:
qi/<@https://pagead2.googlesyndication.com/pagead/managed/js/adsense/m202404010101/slotcar_library_fy2021.js?bust=31082432:126:389
zd/</<@https://pagead2.googlesyndication.com/pagead/managed/js/adsense/m202404010101/slotcar_library_fy2021.js?bust=31082432:33:292
yd@https://pagead2.googlesyndication.com/pagead/managed/js/adsense/m202404010101/slotcar_library_fy2021.js?bust=31082432:33:92
zd/<@https://pagead2.googlesyndication.com/pagead/managed/js/adsense/m202404010101/slotcar_library_fy2021.js?bust=31082432:33:281

1712242519837	Marionette	INFO	Stopped listening on port 61428
Dynamically enable window occlusion 1
Exiting due to channel error.
[GFX1-]: CompositorBridgeChild receives IP