1712239402723	geckodriver	INFO	Listening on 127.0.0.1:52981
1712239405835	mozrunner::runner	INFO	Running command: "C:\\Program Files\\Mozilla Firefox\\firefox.exe" "--marionette" "--remote-debugging-port" "52982" "--remote-allow-hosts" "localhost" "-no-remote" "-profile" "C:\\Users\\MARYAM~1.KHA\\AppData\\Local\\Temp\\rust_mozprofileWswzwU"
console.warn: services.settings: Ignoring preference override of remote settings server
console.warn: services.settings: Allow by setting MOZ_REMOTE_SETTINGS_DEVTOOLS=1 in the environment
[GFX1]: Potential driver version mismatch ignored due to missing DLLs igd10umd64 v= and igd10iumd64 v=
1712239406452	Marionette	INFO	Marionette enabled
Dynamically enable window occlusion 0
1712239406611	Marionette	INFO	Listening on port 52995
WebDriver BiDi listening on ws://127.0.0.1:52982
Read port: 52995
[GFX1]: Potential driver version mismatch ignored due to missing DLLs igd10umd64 v= and igd10iumd64 v=
1712239406850	RemoteAgent	WARN	TLS certificate errors will be ignored for this session
[GFX1-]: Failed to get D3D11VideoDevice: 0x80004002
[GFX1-]: Handling webrender error 5
DevTools listening on ws://127.0.0.1:52982/devtools/browser/833fdd49-eed1-41a1-baf5-c3ae8765e14c
console.warn: LoginRecipes: "Falling back to a synchronous message for: https://yopmail.com."
1712239412648	Marionette	WARN	Ignoring event 'DOMContentLoaded' because document has an invalid readyState of 'complete'.
1712239413748	Marionette	INFO	Stopped listening on port 52995
JavaScript warning: https://yopmail.com/ver/9.2/webmail.js, line 1: Script terminated by timeout at:
refr/nIId<@https://yopmail.com/ver/9.2/webmail.js:1:10704

Dynamically enable window occlusion 1
