1712330592103	geckodriver	INFO	Listening on 127.0.0.1:65093
1712330595170	mozrunner::runner	INFO	Running command: "C:\\Program Files\\Mozilla Firefox\\firefox.exe" "--marionette" "--remote-debugging-port" "65094" "--remote-allow-hosts" "localhost" "-no-remote" "-profile" "C:\\Users\\MARYAM~1.KHA\\AppData\\Local\\Temp\\rust_mozprofileZq7f4O"
console.warn: services.settings: Ignoring preference override of remote settings server
console.warn: services.settings: Allow by setting MOZ_REMOTE_SETTINGS_DEVTOOLS=1 in the environment
[GFX1]: Potential driver version mismatch ignored due to missing DLLs igd10umd64 v= and igd10iumd64 v=
1712330595758	Marionette	INFO	Marionette enabled
Dynamically enable window occlusion 0
1712330595884	Marionette	INFO	Listening on port 65102
WebDriver BiDi listening on ws://127.0.0.1:65094
[GFX1]: Potential driver version mismatch ignored due to missing DLLs igd10umd64 v= and igd10iumd64 v=
Read port: 65102
1712330596126	RemoteAgent	WARN	TLS certificate errors will be ignored for this session
[GFX1-]: Failed to get D3D11VideoDevice: 0x80004002
[GFX1-]: Handling webrender error 5
DevTools listening on ws://127.0.0.1:65094/devtools/browser/2db0d705-2b99-4c5a-a9c6-d003b2833d24
console.warn: LoginRecipes: "Falling back to a synchronous message for: https://yopmail.com."
1712330600701	Marionette	WARN	Ignoring event 'DOMContentLoaded' because document has an invalid readyState of 'complete'.
1712330601856	Marionette	INFO	Stopped listening on port 65102
JavaScript warning: https://yopmail.com/ver/9.2/webmail.js, line 1: Script terminated by timeout at:
refr/nIId<@https://yopmail.com/ver/9.2/webmail.js:1:10704

Dynamically enable window occlusion 1
