1711725945384	geckodriver	INFO	Listening on 127.0.0.1:55908
1711725948457	mozrunner::runner	INFO	Running command: "C:\\Program Files\\Mozilla Firefox\\firefox.exe" "--marionette" "--remote-debugging-port" "55909" "--remote-allow-hosts" "localhost" "-no-remote" "-profile" "C:\\Users\\MARYAM~1.KHA\\AppData\\Local\\Temp\\rust_mozprofileTXgSBQ"
console.warn: services.settings: Ignoring preference override of remote settings server
console.warn: services.settings: Allow by setting MOZ_REMOTE_SETTINGS_DEVTOOLS=1 in the environment
[GFX1]: Potential driver version mismatch ignored due to missing DLLs igd10umd64 v= and igd10iumd64 v=
1711725949027	Marionette	INFO	Marionette enabled
Dynamically enable window occlusion 0
1711725949210	Marionette	INFO	Listening on port 55918
WebDriver BiDi listening on ws://127.0.0.1:55909
Read port: 55918
[GFX1]: Potential driver version mismatch ignored due to missing DLLs igd10umd64 v= and igd10iumd64 v=
1711725949483	RemoteAgent	WARN	TLS certificate errors will be ignored for this session
[GFX1-]: Failed to get D3D11VideoDevice: 0x80004002
[GFX1-]: Handling webrender error 5
DevTools listening on ws://127.0.0.1:55909/devtools/browser/37a10f67-ccdb-4c66-aa3e-0b96cc9d582d
console.warn: LoginRecipes: "Falling back to a synchronous message for: https://diac--preprod.sandbox.my.site.com."
1711725979512	addons.xpi	ERROR	System addon update list error SyntaxError: XMLHttpRequest.open: 'http://%(server)s/dummy-system-addons.xml' is not a valid URL.
1711726229990	Marionette	INFO	Stopped listening on port 55918
Dynamically enable window occlusion 1
!!! error running onStopped callback: TypeError: callback is not a function
