1712229885142	geckodriver	INFO	Listening on 127.0.0.1:59212
1712229888229	mozrunner::runner	INFO	Running command: "C:\\Program Files\\Mozilla Firefox\\firefox.exe" "--marionette" "--remote-debugging-port" "59213" "--remote-allow-hosts" "localhost" "-no-remote" "-profile" "C:\\Users\\MARYAM~1.KHA\\AppData\\Local\\Temp\\rust_mozprofile3mA3RP"
console.warn: services.settings: Ignoring preference override of remote settings server
console.warn: services.settings: Allow by setting MOZ_REMOTE_SETTINGS_DEVTOOLS=1 in the environment
[GFX1]: Potential driver version mismatch ignored due to missing DLLs igd10umd64 v= and igd10iumd64 v=
1712229888805	Marionette	INFO	Marionette enabled
Dynamically enable window occlusion 0
1712229888960	Marionette	INFO	Listening on port 59227
WebDriver BiDi listening on ws://127.0.0.1:59213
[GFX1]: Potential driver version mismatch ignored due to missing DLLs igd10umd64 v= and igd10iumd64 v=
Read port: 59227
1712229889206	RemoteAgent	WARN	TLS certificate errors will be ignored for this session
[GFX1-]: Failed to get D3D11VideoDevice: 0x80004002
[GFX1-]: Handling webrender error 5
DevTools listening on ws://127.0.0.1:59213/devtools/browser/cebed85d-98d9-47ad-b68e-514cb4580bda
console.warn: LoginRecipes: "Falling back to a synchronous message for: https://yopmail.com."
1712229894835	Marionette	WARN	Ignoring event 'DOMContentLoaded' because document has an invalid readyState of 'complete'.
1712229918888	addons.xpi	ERROR	System addon update list error SyntaxError: XMLHttpRequest.open: 'http://%(server)s/dummy-system-addons.xml' is not a valid URL.
1712229977293	Marionette	INFO	Stopped listening on port 59227
Dynamically enable window occlusion 1
!!! error running onStopped callback: TypeError: callback is not a function
