1711985830980	geckodriver	INFO	Listening on 127.0.0.1:50867
1711985834073	mozrunner::runner	INFO	Running command: "C:\\Program Files\\Mozilla Firefox\\firefox.exe" "--marionette" "--remote-debugging-port" "50868" "--remote-allow-hosts" "localhost" "-no-remote" "-profile" "C:\\Users\\MARYAM~1.KHA\\AppData\\Local\\Temp\\rust_mozprofile2efrBn"
console.warn: services.settings: Ignoring preference override of remote settings server
console.warn: services.settings: Allow by setting MOZ_REMOTE_SETTINGS_DEVTOOLS=1 in the environment
[GFX1]: Potential driver version mismatch ignored due to missing DLLs igd10umd64 v= and igd10iumd64 v=
1711985834728	Marionette	INFO	Marionette enabled
Dynamically enable window occlusion 0
1711985834872	Marionette	INFO	Listening on port 50888
WebDriver BiDi listening on ws://127.0.0.1:50868
Read port: 50888
[GFX1]: Potential driver version mismatch ignored due to missing DLLs igd10umd64 v= and igd10iumd64 v=
1711985835063	RemoteAgent	WARN	TLS certificate errors will be ignored for this session
[GFX1-]: Failed to get D3D11VideoDevice: 0x80004002
[GFX1-]: Handling webrender error 5
DevTools listening on ws://127.0.0.1:50868/devtools/browser/2a310585-f3c3-445b-b6af-64f66cedaff2
console.warn: LoginRecipes: "Falling back to a synchronous message for: https://yopmail.com."
JavaScript warning: https://cdn.ampproject.org/rtv/012403142137000/v0/amp-analytics-0.1.mjs, line 2: Script terminated by timeout at:
f/expandTemplate/<@https://cdn.ampproject.org/rtv/012403142137000/v0/amp-analytics-0.1.mjs:2:96429
f/expandTemplate/<@https://cdn.ampproject.org/rtv/012403142137000/v0/amp-analytics-0.1.mjs:2:95833
f/expandTemplate/<@https://cdn.ampproject.org/rtv/012403142137000/v0/amp-analytics-0.1.mjs:2:95728
expandTemplate@https://cdn.ampproject.org/rtv/012403142137000/v0/amp-analytics-0.1.mjs:2:95934
eIt@https://cdn.ampproject.org/rtv/012403142137000/v0/amp-analytics-0.1.mjs:2:59364
send@https://cdn.ampproject.org/rtv/012403142137000/v0/amp-analytics-0.1.mjs:2:58881
gRt@https://cdn.ampproject.org/rtv/012403142137000/v0/amp-analytics-0.1.mjs:2:85563
f/TRt/<@https://cdn.ampproject.org/rtv/012403142137000/v0/amp-analytics-0.1.mjs:2:85412

1711985841801	Marionette	WARN	Ignoring event 'DOMContentLoaded' because document has an invalid readyState of 'complete'.
1711985865943	addons.xpi	ERROR	System addon update list error SyntaxError: XMLHttpRequest.open: 'http://%(server)s/dummy-system-addons.xml' is not a valid URL.
1712046589007	Marionette	INFO	Stopped listening on port 50888
Dynamically enable window occlusion 1
!!! error running onStopped callback: TypeError: callback is not a function
