1712139047406	geckodriver	INFO	Listening on 127.0.0.1:50442
1712139050488	mozrunner::runner	INFO	Running command: "C:\\Program Files\\Mozilla Firefox\\firefox.exe" "--marionette" "--remote-debugging-port" "50443" "--remote-allow-hosts" "localhost" "-no-remote" "-profile" "C:\\Users\\MARYAM~1.KHA\\AppData\\Local\\Temp\\rust_mozprofileCSrowP"
console.warn: services.settings: Ignoring preference override of remote settings server
console.warn: services.settings: Allow by setting MOZ_REMOTE_SETTINGS_DEVTOOLS=1 in the environment
[GFX1]: Potential driver version mismatch ignored due to missing DLLs igd10umd64 v= and igd10iumd64 v=
1712139051060	Marionette	INFO	Marionette enabled
Dynamically enable window occlusion 0
1712139051209	Marionette	INFO	Listening on port 50452
WebDriver BiDi listening on ws://127.0.0.1:50443
[GFX1]: Potential driver version mismatch ignored due to missing DLLs igd10umd64 v= and igd10iumd64 v=
Read port: 50452
1712139051500	RemoteAgent	WARN	TLS certificate errors will be ignored for this session
[GFX1-]: Failed to get D3D11VideoDevice: 0x80004002
[GFX1-]: Handling webrender error 5
DevTools listening on ws://127.0.0.1:50443/devtools/browser/456af6e7-87d1-4df7-8819-fed65a55f7de
console.warn: LoginRecipes: "Falling back to a synchronous message for: https://yopmail.com."
1712139056439	Marionette	WARN	Ignoring event 'DOMContentLoaded' because document has an invalid readyState of 'complete'.
1712139081466	addons.xpi	ERROR	System addon update list error SyntaxError: XMLHttpRequest.open: 'http://%(server)s/dummy-system-addons.xml' is not a valid URL.
1712139408124	Marionette	INFO	Stopped listening on port 50452
Dynamically enable window occlusion 1
!!! error running onStopped callback: TypeError: callback is not a function
