1713195895021	geckodriver	INFO	Listening on 127.0.0.1:56805
1713195898159	mozrunner::runner	INFO	Running command: "C:\\Program Files\\Mozilla Firefox\\firefox.exe" "--marionette" "--remote-debugging-port" "56806" "--remote-allow-hosts" "localhost" "-no-remote" "-profile" "C:\\Users\\MARYAM~1.KHA\\AppData\\Local\\Temp\\rust_mozprofileY4xD5u"
console.warn: services.settings: Ignoring preference override of remote settings server
console.warn: services.settings: Allow by setting MOZ_REMOTE_SETTINGS_DEVTOOLS=1 in the environment
[GFX1]: Potential driver version mismatch ignored due to missing DLLs igd10umd64 v= and igd10iumd64 v=
1713195899001	Marionette	INFO	Marionette enabled
Dynamically enable window occlusion 0
1713195899175	Marionette	INFO	Listening on port 56813
Read port: 56813
WebDriver BiDi listening on ws://127.0.0.1:56806
[GFX1]: Potential driver version mismatch ignored due to missing DLLs igd10umd64 v= and igd10iumd64 v=
1713195899308	RemoteAgent	WARN	TLS certificate errors will be ignored for this session
[GFX1-]: Failed to get D3D11VideoDevice: 0x80004002
[GFX1-]: Handling webrender error 5
DevTools listening on ws://127.0.0.1:56806/devtools/browser/430ca3a1-3b78-4fa2-a95e-73e7c2a9933d
console.warn: LoginRecipes: "Falling back to a synchronous message for: https://yopmail.com."
1713195909074	Marionette	WARN	Ignoring event 'DOMContentLoaded' because document has an invalid readyState of 'complete'.
1713195912679	Marionette	INFO	Stopped listening on port 56813
JavaScript warning: https://fundingchoicesmessages.google.com/f/AGSKWxUmeAW7J6aQCPHYQv-ryXrnxiUeGTxU4EJfNx4QLG1v5m6QIgGVlbC7tBHYM0cjNf6EVNdM4X73v4eGUyGF3I9iTmdEhgWxI-QWvWqBIr-lDm0oq-FZ-CVOUXScD8LZmpt9c_0g9A==?fccs=W251bGwsbnVsbCxudWxsLG51bGwsbnVsbCxudWxsLFsxNzEzMTk1OTExLDk1OTAwMDAwMF0sbnVsbCxudWxsLG51bGwsW251bGwsWzddXSwiaHR0cHM6Ly95b3BtYWlsLmNvbS9mci93bSIsbnVsbCxbWzgsImd0eHZIVnJzQXR3Il0sWzksImZyIl0sWzE4LCJbW1swXV1dIl0sWzE5LCIyIl1dXQ, line 7: Script terminated by timeout at:
no@/_/mss/boq-content-ads-contributor/_/js/k=boq-content-ads-contributor.ContributorServingResponseClientJs.fr.gtxvHVrsAtw.es5.O/d=1/exm=kernel_loader,loader_js_executable/ed=1/rs=AJlcJMzUy1yvRvPhnnXtAQUWZtY09WFjXw/m=ad_blocking_detection_executable:7:1514
no/<@/_/mss/boq-content-ads-contributor/_/js/k=boq-content-ads-contributor.ContributorServingResponseClientJs.fr.gtxvHVrsAtw.es5.O/d=1/exm=kernel_loader,loader_js_executable/ed=1/rs=AJlcJMzUy1yvRvPhnnXtAQUWZtY09WFjXw/m=ad_blocking_detection_executable:7:1630

Dynamically enable window occlusion 1
