1713265830480	geckodriver	INFO	Listening on 127.0.0.1:56577
1713265833574	mozrunner::runner	INFO	Running command: "C:\\Program Files\\Mozilla Firefox\\firefox.exe" "--marionette" "--remote-debugging-port" "56578" "--remote-allow-hosts" "localhost" "-no-remote" "-profile" "C:\\Users\\MARYAM~1.KHA\\AppData\\Local\\Temp\\rust_mozprofileRCtlqy"
console.warn: services.settings: Ignoring preference override of remote settings server
console.warn: services.settings: Allow by setting MOZ_REMOTE_SETTINGS_DEVTOOLS=1 in the environment
[GFX1]: Potential driver version mismatch ignored due to missing DLLs igd10umd64 v= and igd10iumd64 v=
1713265834101	Marionette	INFO	Marionette enabled
Dynamically enable window occlusion 0
1713265834232	Marionette	INFO	Listening on port 56585
WebDriver BiDi listening on ws://127.0.0.1:56578
[GFX1]: Potential driver version mismatch ignored due to missing DLLs igd10umd64 v= and igd10iumd64 v=
Read port: 56585
1713265834446	RemoteAgent	WARN	TLS certificate errors will be ignored for this session
[GFX1-]: Failed to get D3D11VideoDevice: 0x80004002
[GFX1-]: Handling webrender error 5
DevTools listening on ws://127.0.0.1:56578/devtools/browser/21687057-d7c1-4eb2-b887-ae57471d4d56
console.warn: LoginRecipes: "Falling back to a synchronous message for: https://yopmail.com."
1713265841423	Marionette	WARN	Ignoring event 'DOMContentLoaded' because document has an invalid readyState of 'complete'.
1713265842507	Marionette	WARN	Ignoring event 'DOMContentLoaded' because document has an invalid readyState of 'complete'.
1713265860702	Marionette	INFO	Stopped listening on port 56585
Dynamically enable window occlusion 1
!!! error running onStopped callback: TypeError: callback is not a function
