1712240087954	geckodriver	INFO	Listening on 127.0.0.1:55074
1712240091123	mozrunner::runner	INFO	Running command: "C:\\Program Files\\Mozilla Firefox\\firefox.exe" "--marionette" "--remote-debugging-port" "55075" "--remote-allow-hosts" "localhost" "-no-remote" "-profile" "C:\\Users\\MARYAM~1.KHA\\AppData\\Local\\Temp\\rust_mozprofile2nxG7y"
console.warn: services.settings: Ignoring preference override of remote settings server
console.warn: services.settings: Allow by setting MOZ_REMOTE_SETTINGS_DEVTOOLS=1 in the environment
[GFX1]: Potential driver version mismatch ignored due to missing DLLs igd10umd64 v= and igd10iumd64 v=
1712240091732	Marionette	INFO	Marionette enabled
Dynamically enable window occlusion 0
1712240091874	Marionette	INFO	Listening on port 55086
WebDriver BiDi listening on ws://127.0.0.1:55075
[GFX1]: Potential driver version mismatch ignored due to missing DLLs igd10umd64 v= and igd10iumd64 v=
Read port: 55086
1712240092109	RemoteAgent	WARN	TLS certificate errors will be ignored for this session
[GFX1-]: Failed to get D3D11VideoDevice: 0x80004002
[GFX1-]: Handling webrender error 5
DevTools listening on ws://127.0.0.1:55075/devtools/browser/8614f393-be53-49b8-8ba8-62eb02bc307f
console.warn: LoginRecipes: "Falling back to a synchronous message for: https://yopmail.com."
1712240097649	Marionette	WARN	Ignoring event 'DOMContentLoaded' because document has an invalid readyState of 'complete'.
1712240099527	Marionette	INFO	Stopped listening on port 55086
JavaScript warning: https://yopmail.com/ver/9.2/webmail.js, line 1: Script terminated by timeout at:
shownoinb/<@https://yopmail.com/ver/9.2/webmail.js:1:12892

Dynamically enable window occlusion 1
