1712071390906	geckodriver	INFO	Listening on 127.0.0.1:60028
1712071393989	mozrunner::runner	INFO	Running command: "C:\\Program Files\\Mozilla Firefox\\firefox.exe" "--marionette" "--remote-debugging-port" "60029" "--remote-allow-hosts" "localhost" "-no-remote" "-profile" "C:\\Users\\MARYAM~1.KHA\\AppData\\Local\\Temp\\rust_mozprofile6CO64b"
console.warn: services.settings: Ignoring preference override of remote settings server
console.warn: services.settings: Allow by setting MOZ_REMOTE_SETTINGS_DEVTOOLS=1 in the environment
[GFX1]: Potential driver version mismatch ignored due to missing DLLs igd10umd64 v= and igd10iumd64 v=
1712071394625	Marionette	INFO	Marionette enabled
Dynamically enable window occlusion 0
1712071394756	Marionette	INFO	Listening on port 60043
WebDriver BiDi listening on ws://127.0.0.1:60029
Read port: 60043
[GFX1]: Potential driver version mismatch ignored due to missing DLLs igd10umd64 v= and igd10iumd64 v=
1712071395046	RemoteAgent	WARN	TLS certificate errors will be ignored for this session
[GFX1-]: Failed to get D3D11VideoDevice: 0x80004002
[GFX1-]: Handling webrender error 5
DevTools listening on ws://127.0.0.1:60029/devtools/browser/2762de83-ef9f-400a-9cb5-ac99fa6051c1
console.warn: LoginRecipes: "Falling back to a synchronous message for: https://yopmail.com."
1712071403668	Marionette	WARN	Ignoring event 'DOMContentLoaded' because document has an invalid readyState of 'complete'.
1712071425886	addons.xpi	ERROR	System addon update list error SyntaxError: XMLHttpRequest.open: 'http://%(server)s/dummy-system-addons.xml' is not a valid URL.
1712071483851	Marionette	INFO	Stopped listening on port 60043
Dynamically enable window occlusion 1
!!! error running onStopped callback: TypeError: callback is not a function
