1711726799794	geckodriver	INFO	Listening on 127.0.0.1:57638
1711726802895	mozrunner::runner	INFO	Running command: "C:\\Program Files\\Mozilla Firefox\\firefox.exe" "--marionette" "--remote-debugging-port" "57639" "--remote-allow-hosts" "localhost" "-no-remote" "-profile" "C:\\Users\\MARYAM~1.KHA\\AppData\\Local\\Temp\\rust_mozprofilegwsa9q"
console.warn: services.settings: Ignoring preference override of remote settings server
console.warn: services.settings: Allow by setting MOZ_REMOTE_SETTINGS_DEVTOOLS=1 in the environment
[GFX1]: Potential driver version mismatch ignored due to missing DLLs igd10umd64 v= and igd10iumd64 v=
1711726803510	Marionette	INFO	Marionette enabled
Dynamically enable window occlusion 0
1711726803659	Marionette	INFO	Listening on port 57653
WebDriver BiDi listening on ws://127.0.0.1:57639
Read port: 57653
[GFX1]: Potential driver version mismatch ignored due to missing DLLs igd10umd64 v= and igd10iumd64 v=
1711726803927	RemoteAgent	WARN	TLS certificate errors will be ignored for this session
[GFX1-]: Failed to get D3D11VideoDevice: 0x80004002
[GFX1-]: Handling webrender error 5
DevTools listening on ws://127.0.0.1:57639/devtools/browser/b3307ac0-6ef8-4542-9819-577ae5ed6dbe
1711726835484	addons.xpi	ERROR	System addon update list error SyntaxError: XMLHttpRequest.open: 'http://%(server)s/dummy-system-addons.xml' is not a valid URL.
1711961201301	addons.xpi	ERROR	System addon update list error SyntaxError: XMLHttpRequest.open: 'http://%(server)s/dummy-system-addons.xml' is not a valid URL.
console.error: "buildList failed: " ({})
JavaScript error: , line 0: uncaught exception: Timeout
1711961764337	Marionette	INFO	Stopped listening on port 57653
Dynamically enable window occlusion 1
!!! error running onStopped callback: TypeError: callback is not a function
