1712654018985	geckodriver	INFO	Listening on 127.0.0.1:49839
1712654022150	mozrunner::runner	INFO	Running command: "C:\\Program Files\\Mozilla Firefox\\firefox.exe" "--marionette" "--remote-debugging-port" "49840" "--remote-allow-hosts" "localhost" "-no-remote" "-profile" "C:\\Users\\MARYAM~1.KHA\\AppData\\Local\\Temp\\rust_mozprofile6XziWv"
console.warn: services.settings: Ignoring preference override of remote settings server
console.warn: services.settings: Allow by setting MOZ_REMOTE_SETTINGS_DEVTOOLS=1 in the environment
[GFX1]: Potential driver version mismatch ignored due to missing DLLs igd10umd64 v= and igd10iumd64 v=
1712654022906	Marionette	INFO	Marionette enabled
Dynamically enable window occlusion 0
1712654023123	Marionette	INFO	Listening on port 49851
WebDriver BiDi listening on ws://127.0.0.1:49840
Read port: 49851
[GFX1]: Potential driver version mismatch ignored due to missing DLLs igd10umd64 v= and igd10iumd64 v=
1712654023588	RemoteAgent	WARN	TLS certificate errors will be ignored for this session
[GFX1-]: Failed to get D3D11VideoDevice: 0x80004002
[GFX1-]: Handling webrender error 5
DevTools listening on ws://127.0.0.1:49840/devtools/browser/4790e3bd-4994-43a4-a779-9d8fc69254a0
console.warn: LoginRecipes: "Falling back to a synchronous message for: https://yopmail.com."
1712654031391	Marionette	WARN	Ignoring event 'DOMContentLoaded' because document has an invalid readyState of 'complete'.
1712654033011	Marionette	INFO	Stopped listening on port 49851
JavaScript warning: https://yopmail.com/ver/9.2/webmail.js, line 1: Script terminated by timeout at:
shownoinb/<@https://yopmail.com/ver/9.2/webmail.js:1:12892

Dynamically enable window occlusion 1
