1713195981441	geckodriver	INFO	Listening on 127.0.0.1:57101
1713195984525	mozrunner::runner	INFO	Running command: "C:\\Program Files\\Mozilla Firefox\\firefox.exe" "--marionette" "--remote-debugging-port" "57102" "--remote-allow-hosts" "localhost" "-no-remote" "-profile" "C:\\Users\\MARYAM~1.KHA\\AppData\\Local\\Temp\\rust_mozprofileQvduBJ"
console.warn: services.settings: Ignoring preference override of remote settings server
console.warn: services.settings: Allow by setting MOZ_REMOTE_SETTINGS_DEVTOOLS=1 in the environment
[GFX1]: Potential driver version mismatch ignored due to missing DLLs igd10umd64 v= and igd10iumd64 v=
1713195985269	Marionette	INFO	Marionette enabled
Dynamically enable window occlusion 0
1713195985437	Marionette	INFO	Listening on port 57109
Read port: 57109
WebDriver BiDi listening on ws://127.0.0.1:57102
[GFX1]: Potential driver version mismatch ignored due to missing DLLs igd10umd64 v= and igd10iumd64 v=
1713195985567	RemoteAgent	WARN	TLS certificate errors will be ignored for this session
[GFX1-]: Failed to get D3D11VideoDevice: 0x80004002
[GFX1-]: Handling webrender error 5
DevTools listening on ws://127.0.0.1:57102/devtools/browser/2cbe9fa7-1af8-4d69-a4d0-5c0565dda5c7
console.warn: LoginRecipes: "Falling back to a synchronous message for: https://yopmail.com."
1713195992046	Marionette	WARN	Ignoring event 'DOMContentLoaded' because document has an invalid readyState of 'complete'.
1713195993547	Marionette	INFO	Stopped listening on port 57109
JavaScript warning: https://yopmail.com/ver/9.2/webmail.js, line 1: Script terminated by timeout at:
refr/nIId<@https://yopmail.com/ver/9.2/webmail.js:1:10644

Dynamically enable window occlusion 1
