1712139748565	geckodriver	INFO	Listening on 127.0.0.1:51726
1712139751654	mozrunner::runner	INFO	Running command: "C:\\Program Files\\Mozilla Firefox\\firefox.exe" "--marionette" "--remote-debugging-port" "51727" "--remote-allow-hosts" "localhost" "-no-remote" "-profile" "C:\\Users\\MARYAM~1.KHA\\AppData\\Local\\Temp\\rust_mozprofileVvdIZj"
console.warn: services.settings: Ignoring preference override of remote settings server
console.warn: services.settings: Allow by setting MOZ_REMOTE_SETTINGS_DEVTOOLS=1 in the environment
[GFX1]: Potential driver version mismatch ignored due to missing DLLs igd10umd64 v= and igd10iumd64 v=
1712139752277	Marionette	INFO	Marionette enabled
Dynamically enable window occlusion 0
1712139752424	Marionette	INFO	Listening on port 51739
WebDriver BiDi listening on ws://127.0.0.1:51727
Read port: 51739
[GFX1]: Potential driver version mismatch ignored due to missing DLLs igd10umd64 v= and igd10iumd64 v=
1712139752675	RemoteAgent	WARN	TLS certificate errors will be ignored for this session
[GFX1-]: Failed to get D3D11VideoDevice: 0x80004002
[GFX1-]: Handling webrender error 5
DevTools listening on ws://127.0.0.1:51727/devtools/browser/00a8947c-6048-4600-82e7-051fd4c8a059
JavaScript warning: https://pagead2.googlesyndication.com/bg/8IdVU_5hiTnoSVFpifzETCOPuU7V9vAnpxqXHqRkotI.js line 2 > eval line 2706 > eval line 1 > eval line 1 > eval, line 1: WEBGL_debug_renderer_info is deprecated in Firefox and will be removed. Please use RENDERER.
JavaScript warning: https://pagead2.googlesyndication.com/pagead/managed/js/adsense/m202403260101/slotcar_library_fy2021.js?bust=31082216, line 126: Script terminated by timeout at:
qi/<@https://pagead2.googlesyndication.com/pagead/managed/js/adsense/m202403260101/slotcar_library_fy2021.js?bust=31082216:126:389
zd/</<@https://pagead2.googlesyndication.com/pagead/managed/js/adsense/m202403260101/slotcar_library_fy2021.js?bust=31082216:33:292
yd@https://pagead2.googlesyndication.com/pagead/managed/js/adsense/m202403260101/slotcar_library_fy2021.js?bust=31082216:33:92
zd/<@https://pagead2.googlesyndication.com/pagead/managed/js/adsense/m202403260101/slotcar_library_fy2021.js?bust=31082216:33:281

1712139765599	Marionette	INFO	Stopped listening on port 51739
Dynamically enable window occlusion 1
JavaScript error: , line 0: TypeError: NetworkError when attempting to fetch resource.
