1711978350239	geckodriver	INFO	Listening on 127.0.0.1:64426
1711978353390	mozrunner::runner	INFO	Running command: "C:\\Program Files\\Mozilla Firefox\\firefox.exe" "--marionette" "--remote-debugging-port" "64427" "--remote-allow-hosts" "localhost" "-no-remote" "-profile" "C:\\Users\\MARYAM~1.KHA\\AppData\\Local\\Temp\\rust_mozprofileA3B67f"
console.warn: services.settings: Ignoring preference override of remote settings server
console.warn: services.settings: Allow by setting MOZ_REMOTE_SETTINGS_DEVTOOLS=1 in the environment
[GFX1]: Potential driver version mismatch ignored due to missing DLLs igd10umd64 v= and igd10iumd64 v=
1711978354005	Marionette	INFO	Marionette enabled
Dynamically enable window occlusion 0
1711978354150	Marionette	INFO	Listening on port 64438
WebDriver BiDi listening on ws://127.0.0.1:64427
Read port: 64438
[GFX1]: Potential driver version mismatch ignored due to missing DLLs igd10umd64 v= and igd10iumd64 v=
1711978354434	RemoteAgent	WARN	TLS certificate errors will be ignored for this session
[GFX1-]: Failed to get D3D11VideoDevice: 0x80004002
[GFX1-]: Handling webrender error 5
DevTools listening on ws://127.0.0.1:64427/devtools/browser/e12d4105-d82c-4938-b811-be62ec1ff575
console.warn: LoginRecipes: "Falling back to a synchronous message for: https://yopmail.com."
1711978359730	Marionette	WARN	Ignoring event 'DOMContentLoaded' because document has an invalid readyState of 'complete'.
1711978384240	addons.xpi	ERROR	System addon update list error SyntaxError: XMLHttpRequest.open: 'http://%(server)s/dummy-system-addons.xml' is not a valid URL.
1711978439635	Marionette	INFO	Stopped listening on port 64438
Dynamically enable window occlusion 1
!!! error running onStopped callback: TypeError: callback is not a function
