1711982159370	geckodriver	INFO	Listening on 127.0.0.1:58536
1711982162455	mozrunner::runner	INFO	Running command: "C:\\Program Files\\Mozilla Firefox\\firefox.exe" "--marionette" "--remote-debugging-port" "58537" "--remote-allow-hosts" "localhost" "-no-remote" "-profile" "C:\\Users\\MARYAM~1.KHA\\AppData\\Local\\Temp\\rust_mozprofileUzCIJa"
console.warn: services.settings: Ignoring preference override of remote settings server
console.warn: services.settings: Allow by setting MOZ_REMOTE_SETTINGS_DEVTOOLS=1 in the environment
[GFX1]: Potential driver version mismatch ignored due to missing DLLs igd10umd64 v= and igd10iumd64 v=
1711982163224	Marionette	INFO	Marionette enabled
Dynamically enable window occlusion 0
1711982163354	Marionette	INFO	Listening on port 58556
WebDriver BiDi listening on ws://127.0.0.1:58537
Read port: 58556
[GFX1]: Potential driver version mismatch ignored due to missing DLLs igd10umd64 v= and igd10iumd64 v=
1711982163543	RemoteAgent	WARN	TLS certificate errors will be ignored for this session
[GFX1-]: Failed to get D3D11VideoDevice: 0x80004002
[GFX1-]: Handling webrender error 5
DevTools listening on ws://127.0.0.1:58537/devtools/browser/d9d860ec-43f7-4f85-b299-d25b6cd900f7
console.warn: LoginRecipes: "Falling back to a synchronous message for: https://yopmail.com."
1711982170031	Marionette	WARN	Ignoring event 'DOMContentLoaded' because document has an invalid readyState of 'complete'.
1711982193832	addons.xpi	ERROR	System addon update list error SyntaxError: XMLHttpRequest.open: 'http://%(server)s/dummy-system-addons.xml' is not a valid URL.
1711983650793	Marionette	INFO	Stopped listening on port 58556
Dynamically enable window occlusion 1
!!! error running onStopped callback: TypeError: callback is not a function
