1712568442453	geckodriver	INFO	Listening on 127.0.0.1:54494
1712568445569	mozrunner::runner	INFO	Running command: "C:\\Program Files\\Mozilla Firefox\\firefox.exe" "--marionette" "--remote-debugging-port" "54495" "--remote-allow-hosts" "localhost" "-no-remote" "-profile" "C:\\Users\\MARYAM~1.KHA\\AppData\\Local\\Temp\\rust_mozprofiledOvlaw"
console.warn: services.settings: Ignoring preference override of remote settings server
console.warn: services.settings: Allow by setting MOZ_REMOTE_SETTINGS_DEVTOOLS=1 in the environment
[GFX1]: Potential driver version mismatch ignored due to missing DLLs igd10umd64 v= and igd10iumd64 v=
1712568446496	Marionette	INFO	Marionette enabled
Dynamically enable window occlusion 0
1712568446679	Marionette	INFO	Listening on port 54520
Read port: 54520
WebDriver BiDi listening on ws://127.0.0.1:54495
[GFX1]: Potential driver version mismatch ignored due to missing DLLs igd10umd64 v= and igd10iumd64 v=
1712568446780	RemoteAgent	WARN	TLS certificate errors will be ignored for this session
[GFX1-]: Failed to get D3D11VideoDevice: 0x80004002
[GFX1-]: Handling webrender error 5
DevTools listening on ws://127.0.0.1:54495/devtools/browser/f1f46f64-a4a6-47bc-b3fe-b243ff8020ba
console.warn: LoginRecipes: "Falling back to a synchronous message for: https://yopmail.com."
1712568452357	Marionette	WARN	Ignoring event 'DOMContentLoaded' because document has an invalid readyState of 'complete'.
1712568454414	Marionette	INFO	Stopped listening on port 54520
JavaScript warning: https://fundingchoicesmessages.google.com/f/AGSKWxX-Q6SEEblShvWHhC4OPAGBwBoM4MAmgXrSiHsY-gVwGK0JChf2JbkTmMol3zt_Bqu1uBEK0MRzjarlLpR1uObkedOJauyi36xTn7UqU7tisjUbzmUmLhVJAWu59eFjM86DsDgMPQ==?fccs=W251bGwsbnVsbCxudWxsLG51bGwsbnVsbCxudWxsLFsxNzEyNTY4NDUzLDY1OTAwMDAwMF0sbnVsbCxudWxsLG51bGwsW251bGwsWzddXSwiaHR0cHM6Ly95b3BtYWlsLmNvbS9mci93bSIsbnVsbCxbWzgsInNHYnU5QUdTZ1lnIl0sWzksImZyIl0sWzE4LCJbW1swXV1dIl0sWzE5LCIyIl1dXQ, line 7: Script terminated by timeout at:
oo@/_/mss/boq-content-ads-contributor/_/js/k=boq-content-ads-contributor.ContributorServingResponseClientJs.fr.sGbu9AGSgYg.es5.O/d=1/exm=kernel_loader,loader_js_executable/ed=1/rs=AJlcJMzgAixpUxXtL9Ep7URHetSKKiEWXQ/m=ad_blocking_detection_executable:7:1459
oo/<@/_/mss/boq-content-ads-contributor/_/js/k=boq-content-ads-contributor.ContributorServingResponseClientJs.fr.sGbu9AGSgYg.es5.O/d=1/exm=kernel_loader,loader_js_executable/ed=1/rs=AJlcJMzgAixpUxXtL9Ep7URHetSKKiEWXQ/m=ad_blocking_detection_executable:7:1630

Dynamically enable window occlusion 1
