1711983704526	geckodriver	INFO	Listening on 127.0.0.1:64104
1711983707624	mozrunner::runner	INFO	Running command: "C:\\Program Files\\Mozilla Firefox\\firefox.exe" "--marionette" "--remote-debugging-port" "64105" "--remote-allow-hosts" "localhost" "-no-remote" "-profile" "C:\\Users\\MARYAM~1.KHA\\AppData\\Local\\Temp\\rust_mozprofileCsF5Bx"
console.warn: services.settings: Ignoring preference override of remote settings server
console.warn: services.settings: Allow by setting MOZ_REMOTE_SETTINGS_DEVTOOLS=1 in the environment
[GFX1]: Potential driver version mismatch ignored due to missing DLLs igd10umd64 v= and igd10iumd64 v=
1711983708131	Marionette	INFO	Marionette enabled
Dynamically enable window occlusion 0
1711983708261	Marionette	INFO	Listening on port 64116
WebDriver BiDi listening on ws://127.0.0.1:64105
[GFX1]: Potential driver version mismatch ignored due to missing DLLs igd10umd64 v= and igd10iumd64 v=
Read port: 64116
1711983708488	RemoteAgent	WARN	TLS certificate errors will be ignored for this session
[GFX1-]: Failed to get D3D11VideoDevice: 0x80004002
[GFX1-]: Handling webrender error 5
DevTools listening on ws://127.0.0.1:64105/devtools/browser/0be02956-b222-48f8-838c-f035996eceb5
console.warn: LoginRecipes: "Falling back to a synchronous message for: https://yopmail.com."
1711983713102	Marionette	WARN	Ignoring event 'DOMContentLoaded' because document has an invalid readyState of 'complete'.
1711983738270	addons.xpi	ERROR	System addon update list error SyntaxError: XMLHttpRequest.open: 'http://%(server)s/dummy-system-addons.xml' is not a valid URL.
1711985324452	Marionette	INFO	Stopped listening on port 64116
Dynamically enable window occlusion 1
!!! error running onStopped callback: TypeError: callback is not a function
