1712071038607	geckodriver	INFO	Listening on 127.0.0.1:58676
1712071041681	mozrunner::runner	INFO	Running command: "C:\\Program Files\\Mozilla Firefox\\firefox.exe" "--marionette" "--remote-debugging-port" "58677" "--remote-allow-hosts" "localhost" "-no-remote" "-profile" "C:\\Users\\MARYAM~1.KHA\\AppData\\Local\\Temp\\rust_mozprofilejQEu45"
console.warn: services.settings: Ignoring preference override of remote settings server
console.warn: services.settings: Allow by setting MOZ_REMOTE_SETTINGS_DEVTOOLS=1 in the environment
[GFX1]: Potential driver version mismatch ignored due to missing DLLs igd10umd64 v= and igd10iumd64 v=
1712071042483	Marionette	INFO	Marionette enabled
Dynamically enable window occlusion 0
1712071042659	Marionette	INFO	Listening on port 58687
WebDriver BiDi listening on ws://127.0.0.1:58677
Read port: 58687
[GFX1]: Potential driver version mismatch ignored due to missing DLLs igd10umd64 v= and igd10iumd64 v=
1712071042946	RemoteAgent	WARN	TLS certificate errors will be ignored for this session
[GFX1-]: Failed to get D3D11VideoDevice: 0x80004002
[GFX1-]: Handling webrender error 5
DevTools listening on ws://127.0.0.1:58677/devtools/browser/7f6cd016-afc5-4fbd-b419-bca36a1f121f
console.warn: LoginRecipes: "Falling back to a synchronous message for: https://yopmail.com."
1712071048724	Marionette	WARN	Ignoring event 'DOMContentLoaded' because document has an invalid readyState of 'complete'.
1712071072996	addons.xpi	ERROR	System addon update list error SyntaxError: XMLHttpRequest.open: 'http://%(server)s/dummy-system-addons.xml' is not a valid URL.
1712071142527	Marionette	INFO	Stopped listening on port 58687
Dynamically enable window occlusion 1
!!! error running onStopped callback: TypeError: callback is not a function
