1712135429804	geckodriver	INFO	Listening on 127.0.0.1:56543
1712135432920	mozrunner::runner	INFO	Running command: "C:\\Program Files\\Mozilla Firefox\\firefox.exe" "--marionette" "--remote-debugging-port" "56544" "--remote-allow-hosts" "localhost" "-no-remote" "-profile" "C:\\Users\\MARYAM~1.KHA\\AppData\\Local\\Temp\\rust_mozprofileEY9h2u"
console.warn: services.settings: Ignoring preference override of remote settings server
console.warn: services.settings: Allow by setting MOZ_REMOTE_SETTINGS_DEVTOOLS=1 in the environment
[GFX1]: Potential driver version mismatch ignored due to missing DLLs igd10umd64 v= and igd10iumd64 v=
1712135433612	Marionette	INFO	Marionette enabled
Dynamically enable window occlusion 0
1712135433776	Marionette	INFO	Listening on port 56556
WebDriver BiDi listening on ws://127.0.0.1:56544
Read port: 56556
[GFX1]: Potential driver version mismatch ignored due to missing DLLs igd10umd64 v= and igd10iumd64 v=
1712135434101	RemoteAgent	WARN	TLS certificate errors will be ignored for this session
[GFX1-]: Failed to get D3D11VideoDevice: 0x80004002
[GFX1-]: Handling webrender error 5
DevTools listening on ws://127.0.0.1:56544/devtools/browser/5ab0d78b-68d8-4744-a3cf-50063fadd272
console.warn: LoginRecipes: "Falling back to a synchronous message for: https://yopmail.com."
1712135439200	Marionette	WARN	Ignoring event 'DOMContentLoaded' because document has an invalid readyState of 'complete'.
1712135462080	Marionette	INFO	Stopped listening on port 56556
Dynamically enable window occlusion 1
!!! error running onStopped callback: TypeError: callback is not a function
