1713173166601	geckodriver	INFO	Listening on 127.0.0.1:59356
1713173169691	mozrunner::runner	INFO	Running command: "C:\\Program Files\\Mozilla Firefox\\firefox.exe" "--marionette" "--remote-debugging-port" "59357" "--remote-allow-hosts" "localhost" "-no-remote" "-profile" "C:\\Users\\MARYAM~1.KHA\\AppData\\Local\\Temp\\rust_mozprofilecZF9Ae"
console.warn: services.settings: Ignoring preference override of remote settings server
console.warn: services.settings: Allow by setting MOZ_REMOTE_SETTINGS_DEVTOOLS=1 in the environment
[GFX1]: Potential driver version mismatch ignored due to missing DLLs igd10umd64 v= and igd10iumd64 v=
1713173170467	Marionette	INFO	Marionette enabled
Dynamically enable window occlusion 0
1713173170635	Marionette	INFO	Listening on port 59374
WebDriver BiDi listening on ws://127.0.0.1:59357
[GFX1]: Potential driver version mismatch ignored due to missing DLLs igd10umd64 v= and igd10iumd64 v=
Read port: 59374
1713173170933	RemoteAgent	WARN	TLS certificate errors will be ignored for this session
[GFX1-]: Failed to get D3D11VideoDevice: 0x80004002
[GFX1-]: Handling webrender error 5
DevTools listening on ws://127.0.0.1:59357/devtools/browser/366b03da-2f6a-41bc-8c33-ec84c9fa8ac1
console.warn: LoginRecipes: "Falling back to a synchronous message for: https://yopmail.com."
1713173175927	Marionette	WARN	Ignoring event 'DOMContentLoaded' because document has an invalid readyState of 'complete'.
1713173178631	Marionette	INFO	Stopped listening on port 59374
Dynamically enable window occlusion 1
JavaScript error: , line 0: TypeError: NetworkError when attempting to fetch resource.
