1713194480827	geckodriver	INFO	Listening on 127.0.0.1:62579
1713194483974	mozrunner::runner	INFO	Running command: "C:\\Program Files\\Mozilla Firefox\\firefox.exe" "--marionette" "--remote-debugging-port" "62580" "--remote-allow-hosts" "localhost" "-no-remote" "-profile" "C:\\Users\\MARYAM~1.KHA\\AppData\\Local\\Temp\\rust_mozprofileUjAcKZ"
console.warn: services.settings: Ignoring preference override of remote settings server
console.warn: services.settings: Allow by setting MOZ_REMOTE_SETTINGS_DEVTOOLS=1 in the environment
[GFX1]: Potential driver version mismatch ignored due to missing DLLs igd10umd64 v= and igd10iumd64 v=
1713194484781	Marionette	INFO	Marionette enabled
Dynamically enable window occlusion 0
1713194484941	Marionette	INFO	Listening on port 62594
WebDriver BiDi listening on ws://127.0.0.1:62580
[GFX1]: Potential driver version mismatch ignored due to missing DLLs igd10umd6Read port: 62594
4 v= and igd10iumd64 v=
1713194485214	RemoteAgent	WARN	TLS certificate errors will be ignored for this session
[GFX1-]: Failed to get D3D11VideoDevice: 0x80004002
[GFX1-]: Handling webrender error 5
DevTools listening on ws://127.0.0.1:62580/devtools/browser/860e1984-28ab-4496-a615-edcf95d2d26b
JavaScript warning: https://pagead2.googlesyndication.com/bg/L0LConaBzCc577BZGNgzP3bg87fF5vhB9-a07M4Tw6o.js line 2 > eval line 6794 > eval line 1 > eval line 1 > eval, line 1: WEBGL_debug_renderer_info is deprecated in Firefox and will be removed. Please use RENDERER.
JavaScript warning: https://pagead2.googlesyndication.com/pagead/managed/js/adsense/m202404080101/slotcar_library_fy2021.js, line 127: Script terminated by timeout at:
ri/<@https://pagead2.googlesyndication.com/pagead/managed/js/adsense/m202404080101/slotcar_library_fy2021.js:127:389
Ad/</<@https://pagead2.googlesyndication.com/pagead/managed/js/adsense/m202404080101/slotcar_library_fy2021.js:33:292
zd@https://pagead2.googlesyndication.com/pagead/managed/js/adsense/m202404080101/slotcar_library_fy2021.js:33:92
Ad/<@https://pagead2.googlesyndication.com/pagead/managed/js/adsense/m202404080101/slotcar_library_fy2021.js:33:281

1713194499154	Marionette	INFO	Stopped listening on port 62594
Dynamically enable window occlusion 1
