1713194457364	geckodriver	INFO	Listening on 127.0.0.1:62460
1713194460476	mozrunner::runner	INFO	Running command: "C:\\Program Files\\Mozilla Firefox\\firefox.exe" "--marionette" "--remote-debugging-port" "62461" "--remote-allow-hosts" "localhost" "-no-remote" "-profile" "C:\\Users\\MARYAM~1.KHA\\AppData\\Local\\Temp\\rust_mozprofile8fnpwd"
console.warn: services.settings: Ignoring preference override of remote settings server
console.warn: services.settings: Allow by setting MOZ_REMOTE_SETTINGS_DEVTOOLS=1 in the environment
[GFX1]: Potential driver version mismatch ignored due to missing DLLs igd10umd64 v= and igd10iumd64 v=
1713194461204	Marionette	INFO	Marionette enabled
Dynamically enable window occlusion 0
1713194461384	Marionette	INFO	Listening on port 62471
Read port: 62471
WebDriver BiDi listening on ws://127.0.0.1:62461
[GFX1]: Potential driver version mismatch ignored due to missing DLLs igd10umd64 v= and igd10iumd64 v=
1713194461490	RemoteAgent	WARN	TLS certificate errors will be ignored for this session
[GFX1-]: Failed to get D3D11VideoDevice: 0x80004002
[GFX1-]: Handling webrender error 5
DevTools listening on ws://127.0.0.1:62461/devtools/browser/b547fd33-2af1-45e6-9c78-0f7f19585279
JavaScript warning: https://pagead2.googlesyndication.com/bg/L0LConaBzCc577BZGNgzP3bg87fF5vhB9-a07M4Tw6o.js line 2 > eval line 6695 > eval line 1 > eval line 1 > eval, line 1: WEBGL_debug_renderer_info is deprecated in Firefox and will be removed. Please use RENDERER.
JavaScript warning: https://pagead2.googlesyndication.com/pagead/managed/js/adsense/m202404080101/slotcar_library_fy2021.js, line 127: Script terminated by timeout at:
ri/<@https://pagead2.googlesyndication.com/pagead/managed/js/adsense/m202404080101/slotcar_library_fy2021.js:127:389
Ad/</<@https://pagead2.googlesyndication.com/pagead/managed/js/adsense/m202404080101/slotcar_library_fy2021.js:33:292
zd@https://pagead2.googlesyndication.com/pagead/managed/js/adsense/m202404080101/slotcar_library_fy2021.js:33:92
Ad/<@https://pagead2.googlesyndication.com/pagead/managed/js/adsense/m202404080101/slotcar_library_fy2021.js:33:281

1713194473693	Marionette	INFO	Stopped listening on port 62471
Dynamically enable window occlusion 1
JavaScript error: , line 0: TypeError: NetworkError when attempting to fetch resource.
JavaScript error: , line 0: TypeError: NetworkError when attempting to fetch resource.
