1711974031117	geckodriver	INFO	Listening on 127.0.0.1:54078
1711974034227	mozrunner::runner	INFO	Running command: "C:\\Program Files\\Mozilla Firefox\\firefox.exe" "--marionette" "--remote-debugging-port" "54079" "--remote-allow-hosts" "localhost" "-no-remote" "-profile" "C:\\Users\\MARYAM~1.KHA\\AppData\\Local\\Temp\\rust_mozprofileWU7tFh"
console.warn: services.settings: Ignoring preference override of remote settings server
console.warn: services.settings: Allow by setting MOZ_REMOTE_SETTINGS_DEVTOOLS=1 in the environment
[GFX1]: Potential driver version mismatch ignored due to missing DLLs igd10umd64 v= and igd10iumd64 v=
1711974034800	Marionette	INFO	Marionette enabled
Dynamically enable window occlusion 0
1711974034946	Marionette	INFO	Listening on port 54091
WebDriver BiDi listening on ws://127.0.0.1:54079
[GFX1]: Potential driver version mismatch ignored due to missing DLLs igd10umd64 v= and igd10iumd64 v=
Read port: 54091
1711974035229	RemoteAgent	WARN	TLS certificate errors will be ignored for this session
[GFX1-]: Failed to get D3D11VideoDevice: 0x80004002
[GFX1-]: Handling webrender error 5
DevTools listening on ws://127.0.0.1:54079/devtools/browser/abf57cf2-8353-4b44-8ee6-6d143a79c9f2
console.warn: LoginRecipes: "Falling back to a synchronous message for: https://yopmail.com."
1711974039862	Marionette	WARN	Ignoring event 'DOMContentLoaded' because document has an invalid readyState of 'complete'.
1711974065063	addons.xpi	ERROR	System addon update list error SyntaxError: XMLHttpRequest.open: 'http://%(server)s/dummy-system-addons.xml' is not a valid URL.
1711974171240	Marionette	INFO	Stopped listening on port 54091
Dynamically enable window occlusion 1
!!! error running onStopped callback: TypeError: callback is not a function
