1711971753816	geckodriver	INFO	Listening on 127.0.0.1:59045
1711971756893	mozrunner::runner	INFO	Running command: "C:\\Program Files\\Mozilla Firefox\\firefox.exe" "--marionette" "--remote-debugging-port" "59046" "--remote-allow-hosts" "localhost" "-no-remote" "-profile" "C:\\Users\\MARYAM~1.KHA\\AppData\\Local\\Temp\\rust_mozprofileFAFfNL"
console.warn: services.settings: Ignoring preference override of remote settings server
console.warn: services.settings: Allow by setting MOZ_REMOTE_SETTINGS_DEVTOOLS=1 in the environment
[GFX1]: Potential driver version mismatch ignored due to missing DLLs igd10umd64 v= and igd10iumd64 v=
1711971757808	Marionette	INFO	Marionette enabled
Dynamically enable window occlusion 0
1711971757985	Marionette	INFO	Listening on port 59056
WebDriver BiDi listening on ws://127.0.0.1:59046
Read port: 59056
[GFX1]: Potential driver version mismatch ignored due to missing DLLs igd10umd64 v= and igd10iumd64 v=
1711971758261	RemoteAgent	WARN	TLS certificate errors will be ignored for this session
[GFX1-]: Failed to get D3D11VideoDevice: 0x80004002
[GFX1-]: Handling webrender error 5
DevTools listening on ws://127.0.0.1:59046/devtools/browser/ce9326eb-f0c1-4366-9486-b481a15774c3
console.warn: LoginRecipes: "Falling back to a synchronous message for: https://yopmail.com."
1711971764162	Marionette	WARN	Ignoring event 'DOMContentLoaded' because document has an invalid readyState of 'complete'.
1711971787854	addons.xpi	ERROR	System addon update list error SyntaxError: XMLHttpRequest.open: 'http://%(server)s/dummy-system-addons.xml' is not a valid URL.
1711972257725	Marionette	INFO	Stopped listening on port 59056
Dynamically enable window occlusion 1
!!! error running onStopped callback: TypeError: callback is not a function
