1713264674503	geckodriver	INFO	Listening on 127.0.0.1:50009
1713264677550	mozrunner::runner	INFO	Running command: "C:\\Program Files\\Mozilla Firefox\\firefox.exe" "--marionette" "--remote-debugging-port" "50010" "--remote-allow-hosts" "localhost" "-no-remote" "-profile" "C:\\Users\\MARYAM~1.KHA\\AppData\\Local\\Temp\\rust_mozprofileU4Y4l5"
console.warn: services.settings: Ignoring preference override of remote settings server
console.warn: services.settings: Allow by setting MOZ_REMOTE_SETTINGS_DEVTOOLS=1 in the environment
[GFX1]: Potential driver version mismatch ignored due to missing DLLs igd10umd64 v= and igd10iumd64 v=
1713264678528	Marionette	INFO	Marionette enabled
Dynamically enable window occlusion 0
1713264678722	Marionette	INFO	Listening on port 50023
WebDriver BiDi listening on ws://127.0.0.1:50010
Read port: 50023
[GFX1]: Potential driver version mismatch ignored due to missing DLLs igd10umd64 v= and igd10iumd64 v=
1713264678996	RemoteAgent	WARN	TLS certificate errors will be ignored for this session
[GFX1-]: Failed to get D3D11VideoDevice: 0x80004002
[GFX1-]: Handling webrender error 5
DevTools listening on ws://127.0.0.1:50010/devtools/browser/6cf30d6f-689f-41f0-80b4-d41c40ebf168
1713264708611	addons.xpi	ERROR	System addon update list error SyntaxError: XMLHttpRequest.open: 'http://%(server)s/dummy-system-addons.xml' is not a valid URL.
JavaScript error: chrome://browser/content/preferences/moreFromMozilla.js, line 83: TypeError: Region.home is null
JavaScript warning: https://addons.mozilla.org/static-frontend/amo-9294d73831a19a55b421.js, line 7: Script terminated by timeout at:
t@https://addons.mozilla.org/static-frontend/amo-9294d73831a19a55b421.js:7:4854

1713265176079	Marionette	INFO	Stopped listening on port 50023
Dynamically enable window occlusion 1
!!! error running onStopped callback: TypeError: callback is not a function
